host: ter
Migrating .snakemake folder to new format...
Migration complete
Building DAG of jobs...
Using shell: /usr/bin/bash
Provided cores: 6
Rules claiming more threads will be scaled down.
Job stats:
job                          count
-------------------------  -------
all                              1
collecting_treatment_data        2
plot_fig                         2
processing_community_data       11
rmarkdown                        2
simulate_community_data         11
total                           29

Select jobs to execute...
Execute 6 jobs...

[Fri Feb 28 16:10:38 2025]
localrule simulate_community_data:
    output: Result_master_dir/Fig3/rs1/done_simulation.txt
    jobid: 24
    reason: Missing output files: Result_master_dir/Fig3/rs1/done_simulation.txt; Params have changed since last execution: Union of exclusive params before and now across all output: before: '/home/sean/Documents/testhmwfolder/SAMSARA' now: '/home/sean/Documents/new_test_folder/SAMSARA' 
    wildcards: exp=Fig3, treatment=rs1
    resources: tmpdir=/tmp


[Fri Feb 28 16:10:38 2025]
localrule simulate_community_data:
    output: Result_master_dir/Fig2/s2/done_simulation.txt
    jobid: 11
    reason: Missing output files: Result_master_dir/Fig2/s2/done_simulation.txt; Params have changed since last execution: Union of exclusive params before and now across all output: before: '/home/sean/Documents/testhmwfolder/SAMSARA' now: '/home/sean/Documents/new_test_folder/SAMSARA' 
    wildcards: exp=Fig2, treatment=s2
    resources: tmpdir=/tmp


[Fri Feb 28 16:10:38 2025]
localrule simulate_community_data:
    output: Result_master_dir/Fig3/rs2/done_simulation.txt
    jobid: 26
    reason: Missing output files: Result_master_dir/Fig3/rs2/done_simulation.txt; Params have changed since last execution: Union of exclusive params before and now across all output: before: '/home/sean/Documents/testhmwfolder/SAMSARA' now: '/home/sean/Documents/new_test_folder/SAMSARA' 
    wildcards: exp=Fig3, treatment=rs2
    resources: tmpdir=/tmp


[Fri Feb 28 16:10:38 2025]
localrule simulate_community_data:
    output: Result_master_dir/Fig2/s3/done_simulation.txt
    jobid: 13
    reason: Missing output files: Result_master_dir/Fig2/s3/done_simulation.txt; Params have changed since last execution: Union of exclusive params before and now across all output: before: '/home/sean/Documents/testhmwfolder/SAMSARA' now: '/home/sean/Documents/new_test_folder/SAMSARA' 
    wildcards: exp=Fig2, treatment=s3
    resources: tmpdir=/tmp


[Fri Feb 28 16:10:38 2025]
localrule simulate_community_data:
    output: Result_master_dir/Fig2/s1/done_simulation.txt
    jobid: 5
    reason: Missing output files: Result_master_dir/Fig2/s1/done_simulation.txt; Params have changed since last execution: Union of exclusive params before and now across all output: before: '/home/sean/Documents/testhmwfolder/SAMSARA' now: '/home/sean/Documents/new_test_folder/SAMSARA' 
    wildcards: exp=Fig2, treatment=s1
    resources: tmpdir=/tmp


[Fri Feb 28 16:10:38 2025]
localrule simulate_community_data:
    output: Result_master_dir/Fig2/c2/done_simulation.txt
    jobid: 9
    reason: Missing output files: Result_master_dir/Fig2/c2/done_simulation.txt; Params have changed since last execution: Union of exclusive params before and now across all output: before: '/home/sean/Documents/testhmwfolder/SAMSARA' now: '/home/sean/Documents/new_test_folder/SAMSARA' 
    wildcards: exp=Fig2, treatment=c2
    resources: tmpdir=/tmp

[Fri Feb 28 16:11:07 2025]
Finished job 24.
1 of 29 steps (3%) done
Select jobs to execute...
Execute 1 jobs...

[Fri Feb 28 16:11:07 2025]
localrule simulate_community_data:
    output: Result_master_dir/Fig3/rc1/done_simulation.txt
    jobid: 22
    reason: Missing output files: Result_master_dir/Fig3/rc1/done_simulation.txt; Params have changed since last execution: Union of exclusive params before and now across all output: before: '/home/sean/Documents/testhmwfolder/SAMSARA' now: '/home/sean/Documents/new_test_folder/SAMSARA' 
    wildcards: exp=Fig3, treatment=rc1
    resources: tmpdir=/tmp

[Fri Feb 28 16:11:07 2025]
Finished job 26.
2 of 29 steps (7%) done
Select jobs to execute...
Execute 1 jobs...

[Fri Feb 28 16:11:07 2025]
localrule processing_community_data:
    input: Result_master_dir/Fig3/rs1/done_simulation.txt
    output: Result_master_dir/Fig3/rs1/done_processing.txt
    jobid: 23
    reason: Missing output files: Result_master_dir/Fig3/rs1/done_processing.txt; Input files updated by another job: Result_master_dir/Fig3/rs1/done_simulation.txt
    wildcards: exp=Fig3, treatment=rs1
    resources: tmpdir=/tmp

[Fri Feb 28 16:11:08 2025]
Finished job 11.
3 of 29 steps (10%) done
Select jobs to execute...
Execute 1 jobs...

[Fri Feb 28 16:11:08 2025]
localrule simulate_community_data:
    output: Result_master_dir/Fig2/c1/done_simulation.txt
    jobid: 7
    reason: Missing output files: Result_master_dir/Fig2/c1/done_simulation.txt; Params have changed since last execution: Union of exclusive params before and now across all output: before: '/home/sean/Documents/testhmwfolder/SAMSARA' now: '/home/sean/Documents/new_test_folder/SAMSARA' 
    wildcards: exp=Fig2, treatment=c1
    resources: tmpdir=/tmp

[Fri Feb 28 16:11:10 2025]
Finished job 5.
4 of 29 steps (14%) done
Select jobs to execute...
Execute 1 jobs...

[Fri Feb 28 16:11:10 2025]
localrule simulate_community_data:
    output: Result_master_dir/Fig2/s5/done_simulation.txt
    jobid: 17
    reason: Missing output files: Result_master_dir/Fig2/s5/done_simulation.txt; Params have changed since last execution: Union of exclusive params before and now across all output: before: '/home/sean/Documents/testhmwfolder/SAMSARA' now: '/home/sean/Documents/new_test_folder/SAMSARA' 
    wildcards: exp=Fig2, treatment=s5
    resources: tmpdir=/tmp

[Fri Feb 28 16:11:13 2025]
Finished job 13.
5 of 29 steps (17%) done
Select jobs to execute...
Execute 1 jobs...

[Fri Feb 28 16:11:13 2025]
localrule processing_community_data:
    input: Result_master_dir/Fig2/s2/done_simulation.txt
    output: Result_master_dir/Fig2/s2/done_processing.txt
    jobid: 10
    reason: Missing output files: Result_master_dir/Fig2/s2/done_processing.txt; Input files updated by another job: Result_master_dir/Fig2/s2/done_simulation.txt
    wildcards: exp=Fig2, treatment=s2
    resources: tmpdir=/tmp

[Fri Feb 28 16:11:15 2025]
Finished job 23.
6 of 29 steps (21%) done
Select jobs to execute...
Execute 1 jobs...

[Fri Feb 28 16:11:16 2025]
localrule simulate_community_data:
    output: Result_master_dir/Fig2/s4/done_simulation.txt
    jobid: 15
    reason: Missing output files: Result_master_dir/Fig2/s4/done_simulation.txt; Params have changed since last execution: Union of exclusive params before and now across all output: before: '/home/sean/Documents/testhmwfolder/SAMSARA' now: '/home/sean/Documents/new_test_folder/SAMSARA' 
    wildcards: exp=Fig2, treatment=s4
    resources: tmpdir=/tmp

[Fri Feb 28 16:11:21 2025]
Finished job 10.
7 of 29 steps (24%) done
Select jobs to execute...
Execute 1 jobs...

[Fri Feb 28 16:11:21 2025]
localrule processing_community_data:
    input: Result_master_dir/Fig2/s3/done_simulation.txt
    output: Result_master_dir/Fig2/s3/done_processing.txt
    jobid: 12
    reason: Missing output files: Result_master_dir/Fig2/s3/done_processing.txt; Input files updated by another job: Result_master_dir/Fig2/s3/done_simulation.txt
    wildcards: exp=Fig2, treatment=s3
    resources: tmpdir=/tmp

[Fri Feb 28 16:11:27 2025]
Finished job 9.
8 of 29 steps (28%) done
Select jobs to execute...
Execute 1 jobs...

[Fri Feb 28 16:11:27 2025]
localrule processing_community_data:
    input: Result_master_dir/Fig3/rs2/done_simulation.txt
    output: Result_master_dir/Fig3/rs2/done_processing.txt
    jobid: 25
    reason: Missing output files: Result_master_dir/Fig3/rs2/done_processing.txt; Input files updated by another job: Result_master_dir/Fig3/rs2/done_simulation.txt
    wildcards: exp=Fig3, treatment=rs2
    resources: tmpdir=/tmp

[Fri Feb 28 16:11:28 2025]
Finished job 12.
9 of 29 steps (31%) done
Select jobs to execute...
Execute 1 jobs...

[Fri Feb 28 16:11:28 2025]
localrule simulate_community_data:
    output: Result_master_dir/Fig3/rs3/done_simulation.txt
    jobid: 28
    reason: Missing output files: Result_master_dir/Fig3/rs3/done_simulation.txt; Params have changed since last execution: Union of exclusive params before and now across all output: before: '/home/sean/Documents/testhmwfolder/SAMSARA' now: '/home/sean/Documents/new_test_folder/SAMSARA' 
    wildcards: exp=Fig3, treatment=rs3
    resources: tmpdir=/tmp

[Fri Feb 28 16:11:35 2025]
Finished job 25.
10 of 29 steps (34%) done
Select jobs to execute...
Execute 1 jobs...

[Fri Feb 28 16:11:35 2025]
localrule processing_community_data:
    input: Result_master_dir/Fig2/c2/done_simulation.txt
    output: Result_master_dir/Fig2/c2/done_processing.txt
    jobid: 8
    reason: Missing output files: Result_master_dir/Fig2/c2/done_processing.txt; Input files updated by another job: Result_master_dir/Fig2/c2/done_simulation.txt
    wildcards: exp=Fig2, treatment=c2
    resources: tmpdir=/tmp

[Fri Feb 28 16:11:37 2025]
Finished job 17.
11 of 29 steps (38%) done
Select jobs to execute...
Execute 1 jobs...

[Fri Feb 28 16:11:37 2025]
localrule processing_community_data:
    input: Result_master_dir/Fig2/s1/done_simulation.txt
    output: Result_master_dir/Fig2/s1/done_processing.txt
    jobid: 4
    reason: Missing output files: Result_master_dir/Fig2/s1/done_processing.txt; Input files updated by another job: Result_master_dir/Fig2/s1/done_simulation.txt
    wildcards: exp=Fig2, treatment=s1
    resources: tmpdir=/tmp

[Fri Feb 28 16:11:37 2025]
Finished job 7.
12 of 29 steps (41%) done
Select jobs to execute...
Execute 1 jobs...

[Fri Feb 28 16:11:37 2025]
localrule processing_community_data:
    input: Result_master_dir/Fig2/c1/done_simulation.txt
    output: Result_master_dir/Fig2/c1/done_processing.txt
    jobid: 6
    reason: Missing output files: Result_master_dir/Fig2/c1/done_processing.txt; Input files updated by another job: Result_master_dir/Fig2/c1/done_simulation.txt
    wildcards: exp=Fig2, treatment=c1
    resources: tmpdir=/tmp

[Fri Feb 28 16:11:38 2025]
Finished job 22.
13 of 29 steps (45%) done
Select jobs to execute...
Execute 1 jobs...

[Fri Feb 28 16:11:38 2025]
localrule processing_community_data:
    input: Result_master_dir/Fig3/rc1/done_simulation.txt
    output: Result_master_dir/Fig3/rc1/done_processing.txt
    jobid: 21
    reason: Missing output files: Result_master_dir/Fig3/rc1/done_processing.txt; Input files updated by another job: Result_master_dir/Fig3/rc1/done_simulation.txt
    wildcards: exp=Fig3, treatment=rc1
    resources: tmpdir=/tmp

[Fri Feb 28 16:11:43 2025]
Finished job 8.
14 of 29 steps (48%) done
Select jobs to execute...
Execute 1 jobs...

[Fri Feb 28 16:11:43 2025]
localrule processing_community_data:
    input: Result_master_dir/Fig2/s5/done_simulation.txt
    output: Result_master_dir/Fig2/s5/done_processing.txt
    jobid: 16
    reason: Missing output files: Result_master_dir/Fig2/s5/done_processing.txt; Input files updated by another job: Result_master_dir/Fig2/s5/done_simulation.txt
    wildcards: exp=Fig2, treatment=s5
    resources: tmpdir=/tmp

[Fri Feb 28 16:11:44 2025]
Finished job 15.
15 of 29 steps (52%) done
Select jobs to execute...
Execute 1 jobs...

[Fri Feb 28 16:11:44 2025]
localrule processing_community_data:
    input: Result_master_dir/Fig2/s4/done_simulation.txt
    output: Result_master_dir/Fig2/s4/done_processing.txt
    jobid: 14
    reason: Missing output files: Result_master_dir/Fig2/s4/done_processing.txt; Input files updated by another job: Result_master_dir/Fig2/s4/done_simulation.txt
    wildcards: exp=Fig2, treatment=s4
    resources: tmpdir=/tmp

[Fri Feb 28 16:11:46 2025]
Finished job 4.
16 of 29 steps (55%) done
[Fri Feb 28 16:11:46 2025]
Finished job 6.
17 of 29 steps (59%) done
[Fri Feb 28 16:11:46 2025]
Finished job 21.
18 of 29 steps (62%) done
[Fri Feb 28 16:11:51 2025]
Finished job 16.
19 of 29 steps (66%) done
[Fri Feb 28 16:11:51 2025]
Finished job 14.
20 of 29 steps (69%) done
Select jobs to execute...
Execute 1 jobs...

[Fri Feb 28 16:11:51 2025]
localrule collecting_treatment_data:
    input: Result_master_dir/Fig2/s1/done_processing.txt, Result_master_dir/Fig2/c1/done_processing.txt, Result_master_dir/Fig2/c2/done_processing.txt, Result_master_dir/Fig2/s2/done_processing.txt, Result_master_dir/Fig2/s3/done_processing.txt, Result_master_dir/Fig2/s4/done_processing.txt, Result_master_dir/Fig2/s5/done_processing.txt
    output: Result_master_dir/Fig2/done_collecting.txt
    jobid: 3
    reason: Missing output files: Result_master_dir/Fig2/done_collecting.txt; Input files updated by another job: Result_master_dir/Fig2/c2/done_processing.txt, Result_master_dir/Fig2/c1/done_processing.txt, Result_master_dir/Fig2/s1/done_processing.txt, Result_master_dir/Fig2/s4/done_processing.txt, Result_master_dir/Fig2/s5/done_processing.txt, Result_master_dir/Fig2/s2/done_processing.txt, Result_master_dir/Fig2/s3/done_processing.txt
    wildcards: exp=Fig2
    resources: tmpdir=/tmp

[Fri Feb 28 16:11:52 2025]
Finished job 3.
21 of 29 steps (72%) done
Select jobs to execute...
Execute 1 jobs...

[Fri Feb 28 16:11:52 2025]
localrule plot_fig:
    input: Result_master_dir/Fig2/done_collecting.txt
    output: Result_master_dir/Fig2/done_plotting.txt
    jobid: 2
    reason: Missing output files: Result_master_dir/Fig2/done_plotting.txt; Input files updated by another job: Result_master_dir/Fig2/done_collecting.txt
    wildcards: exp=Fig2
    resources: tmpdir=/tmp

[Fri Feb 28 16:11:54 2025]
Finished job 2.
22 of 29 steps (76%) done
Select jobs to execute...
Execute 1 jobs...

[Fri Feb 28 16:11:54 2025]
localrule rmarkdown:
    input: Result_master_dir/Fig2/done_plotting.txt
    output: Result_master_dir/Fig2/report_Fig2.pdf
    jobid: 1
    reason: Missing output files: Result_master_dir/Fig2/report_Fig2.pdf; Input files updated by another job: Result_master_dir/Fig2/done_plotting.txt
    wildcards: exp=Fig2
    resources: tmpdir=/tmp

[Fri Feb 28 16:11:56 2025]
Finished job 1.
23 of 29 steps (79%) done
[Fri Feb 28 16:11:57 2025]
Finished job 28.
24 of 29 steps (83%) done
Select jobs to execute...
Execute 1 jobs...

[Fri Feb 28 16:11:57 2025]
localrule processing_community_data:
    input: Result_master_dir/Fig3/rs3/done_simulation.txt
    output: Result_master_dir/Fig3/rs3/done_processing.txt
    jobid: 27
    reason: Missing output files: Result_master_dir/Fig3/rs3/done_processing.txt; Input files updated by another job: Result_master_dir/Fig3/rs3/done_simulation.txt
    wildcards: exp=Fig3, treatment=rs3
    resources: tmpdir=/tmp

[Fri Feb 28 16:12:04 2025]
Finished job 27.
25 of 29 steps (86%) done
Select jobs to execute...
Execute 1 jobs...

[Fri Feb 28 16:12:04 2025]
localrule collecting_treatment_data:
    input: Result_master_dir/Fig3/rc1/done_processing.txt, Result_master_dir/Fig3/rs1/done_processing.txt, Result_master_dir/Fig3/rs2/done_processing.txt, Result_master_dir/Fig3/rs3/done_processing.txt
    output: Result_master_dir/Fig3/done_collecting.txt
    jobid: 20
    reason: Missing output files: Result_master_dir/Fig3/done_collecting.txt; Input files updated by another job: Result_master_dir/Fig3/rc1/done_processing.txt, Result_master_dir/Fig3/rs2/done_processing.txt, Result_master_dir/Fig3/rs3/done_processing.txt, Result_master_dir/Fig3/rs1/done_processing.txt
    wildcards: exp=Fig3
    resources: tmpdir=/tmp

[Fri Feb 28 16:12:04 2025]
Finished job 20.
26 of 29 steps (90%) done
Select jobs to execute...
Execute 1 jobs...

[Fri Feb 28 16:12:04 2025]
localrule plot_fig:
    input: Result_master_dir/Fig3/done_collecting.txt
    output: Result_master_dir/Fig3/done_plotting.txt
    jobid: 19
    reason: Missing output files: Result_master_dir/Fig3/done_plotting.txt; Input files updated by another job: Result_master_dir/Fig3/done_collecting.txt
    wildcards: exp=Fig3
    resources: tmpdir=/tmp

[Fri Feb 28 16:12:06 2025]
Finished job 19.
27 of 29 steps (93%) done
Select jobs to execute...
Execute 1 jobs...

[Fri Feb 28 16:12:06 2025]
localrule rmarkdown:
    input: Result_master_dir/Fig3/done_plotting.txt
    output: Result_master_dir/Fig3/report_Fig3.pdf
    jobid: 18
    reason: Missing output files: Result_master_dir/Fig3/report_Fig3.pdf; Input files updated by another job: Result_master_dir/Fig3/done_plotting.txt
    wildcards: exp=Fig3
    resources: tmpdir=/tmp

[Fri Feb 28 16:12:07 2025]
Finished job 18.
28 of 29 steps (97%) done
Select jobs to execute...
Execute 1 jobs...

[Fri Feb 28 16:12:07 2025]
localrule all:
    input: Result_master_dir/Fig2/report_Fig2.pdf, Result_master_dir/Fig3/report_Fig3.pdf
    jobid: 0
    reason: Input files updated by another job: Result_master_dir/Fig3/report_Fig3.pdf, Result_master_dir/Fig2/report_Fig2.pdf
    resources: tmpdir=/tmp

[Fri Feb 28 16:12:07 2025]
Finished job 0.
29 of 29 steps (100%) done
Complete log: .snakemake/log/2025-02-28T161038.124591.snakemake.log
