Building DAG of jobs...
Using shell: /usr/bin/bash
Provided cores: 6
Rules claiming more threads will be scaled down.
Job stats:
job                               count
------------------------------  -------
all                                   1
analyse_simulations                   4
clone_simulation_data                 4
process_community_data                4
wait_for_experiments_to_finish        1
total                                14

Select jobs to execute...

[Thu Jul 17 15:00:41 2025]
rule wait_for_experiments_to_finish:
    input: simulation_data/xfig2/s1/s1/n_pop_log_log.csv, simulation_data/xfig3/rc1/radius_0.05/n_pop_log_log.csv, simulation_data/xfig4/rc1/rc1/n_pop_log_log.csv, simulation_data/xfig5/nw_s1/nw_s1/n_pop_log_log.csv, simulation_data/xfig5/nw_c1/nw_c1/n_pop_log_log.csv, simulation_data/xfig5/nw_c2/nw_c2/n_pop_log_log.csv
    output: .experiments_done
    jobid: 20
    reason: Code has changed since last execution
    resources: tmpdir=/tmp

[Thu Jul 17 15:00:41 2025]
Finished job 20.
1 of 14 steps (7%) done
Select jobs to execute...

[Thu Jul 17 15:00:41 2025]
rule clone_simulation_data:
    input: .experiments_done, simulation_data/xfig4/rc1/rc1/n_pop_log_log.csv
    output: simulation_data/xfig4/rc1_noise/noise_0.25/n_pop_log_log.csv
    jobid: 26
    reason: Missing output files: simulation_data/xfig4/rc1_noise/noise_0.25/n_pop_log_log.csv; Input files updated by another job: .experiments_done
    wildcards: experiment=xfig4, treatment=rc1_noise, simulation=noise_0.25
    resources: tmpdir=/tmp

[Thu Jul 17 15:00:42 2025]
rule clone_simulation_data:
    input: .experiments_done, simulation_data/xfig3/rc1/radius_0.05/n_pop_log_log.csv
    output: simulation_data/xfig3/rc1_noise/radius_0.05__noise0.1/n_pop_log_log.csv
    jobid: 23
    reason: Missing output files: simulation_data/xfig3/rc1_noise/radius_0.05__noise0.1/n_pop_log_log.csv; Input files updated by another job: .experiments_done
    wildcards: experiment=xfig3, treatment=rc1_noise, simulation=radius_0.05__noise0.1
    resources: tmpdir=/tmp

[Thu Jul 17 15:00:42 2025]
rule clone_simulation_data:
    input: .experiments_done, simulation_data/xfig2/s1/s1/n_pop_log_log.csv
    output: simulation_data/xfig2/s4/s4/n_pop_log_log.csv
    jobid: 19
    reason: Missing output files: simulation_data/xfig2/s4/s4/n_pop_log_log.csv; Input files updated by another job: .experiments_done
    wildcards: experiment=xfig2, treatment=s4, simulation=s4
    resources: tmpdir=/tmp

[Thu Jul 17 15:00:42 2025]
rule clone_simulation_data:
    input: .experiments_done, simulation_data/xfig4/rc1/rc1/n_pop_log_log.csv
    output: simulation_data/xfig4/rc1_unequal/rc1_unequal/n_pop_log_log.csv
    jobid: 29
    reason: Missing output files: simulation_data/xfig4/rc1_unequal/rc1_unequal/n_pop_log_log.csv; Input files updated by another job: .experiments_done
    wildcards: experiment=xfig4, treatment=rc1_unequal, simulation=rc1_unequal
    resources: tmpdir=/tmp

Shutting down, this might take some time.
Exiting because a job execution failed. Look above for error message
Complete log: .snakemake/log/2025-07-17T150040.888188.snakemake.log
