host: ter
Building DAG of jobs...
Using shell: /usr/bin/bash
Provided cores: 6
Rules claiming more threads will be scaled down.
Job stats:
job                          count
-------------------------  -------
all                              1
collecting_treatment_data        2
plot_fig                         2
processing_community_data       11
simulate_community_data         11
total                           27

Select jobs to execute...
Execute 6 jobs...

[Fri Feb 28 14:12:02 2025]
localrule simulate_community_data:
    output: Result_master_dir/Fig2/s2/done_simulation.txt
    jobid: 10
    reason: Missing output files: Result_master_dir/Fig2/s2/done_simulation.txt; Params have changed since last execution: Union of exclusive params before and now across all output: before: '/home/sean/Documents/testhmwfolder/homework4/SAMSARA' now: '/home/sean/Documents/testhmwfolder/SAMSARA' 
    wildcards: exp=Fig2, treatment=s2
    resources: tmpdir=/tmp


[Fri Feb 28 14:12:02 2025]
localrule simulate_community_data:
    output: Result_master_dir/Fig3/rc1/done_simulation.txt
    jobid: 20
    reason: Missing output files: Result_master_dir/Fig3/rc1/done_simulation.txt; Params have changed since last execution: Union of exclusive params before and now across all output: before: '/home/sean/Documents/testhmwfolder/homework4/SAMSARA' now: '/home/sean/Documents/testhmwfolder/SAMSARA' 
    wildcards: exp=Fig3, treatment=rc1
    resources: tmpdir=/tmp


[Fri Feb 28 14:12:02 2025]
localrule simulate_community_data:
    output: Result_master_dir/Fig2/s3/done_simulation.txt
    jobid: 12
    reason: Missing output files: Result_master_dir/Fig2/s3/done_simulation.txt; Params have changed since last execution: Union of exclusive params before and now across all output: before: '/home/sean/Documents/testhmwfolder/homework4/SAMSARA' now: '/home/sean/Documents/testhmwfolder/SAMSARA' 
    wildcards: exp=Fig2, treatment=s3
    resources: tmpdir=/tmp


[Fri Feb 28 14:12:02 2025]
localrule simulate_community_data:
    output: Result_master_dir/Fig3/rs1/done_simulation.txt
    jobid: 22
    reason: Missing output files: Result_master_dir/Fig3/rs1/done_simulation.txt; Params have changed since last execution: Union of exclusive params before and now across all output: before: '/home/sean/Documents/testhmwfolder/homework4/SAMSARA' now: '/home/sean/Documents/testhmwfolder/SAMSARA' 
    wildcards: exp=Fig3, treatment=rs1
    resources: tmpdir=/tmp


[Fri Feb 28 14:12:02 2025]
localrule simulate_community_data:
    output: Result_master_dir/Fig2/s1/done_simulation.txt
    jobid: 4
    reason: Missing output files: Result_master_dir/Fig2/s1/done_simulation.txt; Params have changed since last execution: Union of exclusive params before and now across all output: before: '/home/sean/Documents/testhmwfolder/homework4/SAMSARA' now: '/home/sean/Documents/testhmwfolder/SAMSARA' 
    wildcards: exp=Fig2, treatment=s1
    resources: tmpdir=/tmp


[Fri Feb 28 14:12:02 2025]
localrule simulate_community_data:
    output: Result_master_dir/Fig2/c2/done_simulation.txt
    jobid: 8
    reason: Missing output files: Result_master_dir/Fig2/c2/done_simulation.txt; Params have changed since last execution: Union of exclusive params before and now across all output: before: '/home/sean/Documents/testhmwfolder/homework4/SAMSARA' now: '/home/sean/Documents/testhmwfolder/SAMSARA' 
    wildcards: exp=Fig2, treatment=c2
    resources: tmpdir=/tmp

[Fri Feb 28 14:12:30 2025]
Finished job 4.
1 of 27 steps (4%) done
Select jobs to execute...
Execute 1 jobs...

[Fri Feb 28 14:12:30 2025]
localrule simulate_community_data:
    output: Result_master_dir/Fig3/rs3/done_simulation.txt
    jobid: 26
    reason: Missing output files: Result_master_dir/Fig3/rs3/done_simulation.txt; Params have changed since last execution: Union of exclusive params before and now across all output: before: '/home/swani/Documents/computational_research_tools/homework4/SAMSARA' now: '/home/sean/Documents/testhmwfolder/SAMSARA' 
    wildcards: exp=Fig3, treatment=rs3
    resources: tmpdir=/tmp

[Fri Feb 28 14:12:31 2025]
Finished job 20.
2 of 27 steps (7%) done
Select jobs to execute...
Execute 1 jobs...

[Fri Feb 28 14:12:31 2025]
localrule simulate_community_data:
    output: Result_master_dir/Fig2/s5/done_simulation.txt
    jobid: 16
    reason: Missing output files: Result_master_dir/Fig2/s5/done_simulation.txt; Params have changed since last execution: Union of exclusive params before and now across all output: before: '/home/swani/Documents/computational_research_tools/homework4/SAMSARA' now: '/home/sean/Documents/testhmwfolder/SAMSARA' 
    wildcards: exp=Fig2, treatment=s5
    resources: tmpdir=/tmp

[Fri Feb 28 14:12:31 2025]
Finished job 10.
3 of 27 steps (11%) done
Select jobs to execute...
Execute 1 jobs...

[Fri Feb 28 14:12:31 2025]
localrule simulate_community_data:
    output: Result_master_dir/Fig2/c1/done_simulation.txt
    jobid: 6
    reason: Missing output files: Result_master_dir/Fig2/c1/done_simulation.txt; Params have changed since last execution: Union of exclusive params before and now across all output: before: '/home/swani/Documents/computational_research_tools/homework4/SAMSARA' now: '/home/sean/Documents/testhmwfolder/SAMSARA' 
    wildcards: exp=Fig2, treatment=c1
    resources: tmpdir=/tmp

[Fri Feb 28 14:12:32 2025]
Finished job 12.
4 of 27 steps (15%) done
Select jobs to execute...
Execute 1 jobs...

[Fri Feb 28 14:12:32 2025]
localrule processing_community_data:
    input: Result_master_dir/Fig2/s2/done_simulation.txt
    output: Result_master_dir/Fig2/s2/done_processing.txt
    jobid: 9
    reason: Missing output files: Result_master_dir/Fig2/s2/done_processing.txt; Input files updated by another job: Result_master_dir/Fig2/s2/done_simulation.txt
    wildcards: exp=Fig2, treatment=s2
    resources: tmpdir=/tmp

[Fri Feb 28 14:12:36 2025]
Finished job 22.
5 of 27 steps (19%) done
Select jobs to execute...
Execute 1 jobs...

[Fri Feb 28 14:12:37 2025]
localrule simulate_community_data:
    output: Result_master_dir/Fig3/rs2/done_simulation.txt
    jobid: 24
    reason: Missing output files: Result_master_dir/Fig3/rs2/done_simulation.txt; Params have changed since last execution: Union of exclusive params before and now across all output: before: '/home/swani/Documents/computational_research_tools/homework4/SAMSARA' now: '/home/sean/Documents/testhmwfolder/SAMSARA' 
    wildcards: exp=Fig3, treatment=rs2
    resources: tmpdir=/tmp

[Fri Feb 28 14:12:40 2025]
Finished job 9.
6 of 27 steps (22%) done
Select jobs to execute...
Execute 1 jobs...

[Fri Feb 28 14:12:40 2025]
localrule simulate_community_data:
    output: Result_master_dir/Fig2/s4/done_simulation.txt
    jobid: 14
    reason: Missing output files: Result_master_dir/Fig2/s4/done_simulation.txt; Params have changed since last execution: Union of exclusive params before and now across all output: before: '/home/swani/Documents/computational_research_tools/homework4/SAMSARA' now: '/home/sean/Documents/testhmwfolder/SAMSARA' 
    wildcards: exp=Fig2, treatment=s4
    resources: tmpdir=/tmp

[Fri Feb 28 14:12:51 2025]
Finished job 8.
7 of 27 steps (26%) done
Select jobs to execute...
Execute 1 jobs...

[Fri Feb 28 14:12:51 2025]
localrule processing_community_data:
    input: Result_master_dir/Fig2/c2/done_simulation.txt
    output: Result_master_dir/Fig2/c2/done_processing.txt
    jobid: 7
    reason: Missing output files: Result_master_dir/Fig2/c2/done_processing.txt; Input files updated by another job: Result_master_dir/Fig2/c2/done_simulation.txt
    wildcards: exp=Fig2, treatment=c2
    resources: tmpdir=/tmp

[Fri Feb 28 14:12:59 2025]
Finished job 7.
8 of 27 steps (30%) done
Select jobs to execute...
Execute 1 jobs...

[Fri Feb 28 14:12:59 2025]
localrule processing_community_data:
    input: Result_master_dir/Fig2/s1/done_simulation.txt
    output: Result_master_dir/Fig2/s1/done_processing.txt
    jobid: 3
    reason: Missing output files: Result_master_dir/Fig2/s1/done_processing.txt; Input files updated by another job: Result_master_dir/Fig2/s1/done_simulation.txt
    wildcards: exp=Fig2, treatment=s1
    resources: tmpdir=/tmp

[Fri Feb 28 14:13:01 2025]
Finished job 6.
9 of 27 steps (33%) done
Select jobs to execute...
Execute 1 jobs...

[Fri Feb 28 14:13:01 2025]
localrule processing_community_data:
    input: Result_master_dir/Fig2/c1/done_simulation.txt
    output: Result_master_dir/Fig2/c1/done_processing.txt
    jobid: 5
    reason: Missing output files: Result_master_dir/Fig2/c1/done_processing.txt; Input files updated by another job: Result_master_dir/Fig2/c1/done_simulation.txt
    wildcards: exp=Fig2, treatment=c1
    resources: tmpdir=/tmp

[Fri Feb 28 14:13:05 2025]
Finished job 24.
10 of 27 steps (37%) done
Select jobs to execute...
Execute 1 jobs...

[Fri Feb 28 14:13:05 2025]
localrule processing_community_data:
    input: Result_master_dir/Fig3/rs2/done_simulation.txt
    output: Result_master_dir/Fig3/rs2/done_processing.txt
    jobid: 23
    reason: Missing output files: Result_master_dir/Fig3/rs2/done_processing.txt; Input files updated by another job: Result_master_dir/Fig3/rs2/done_simulation.txt
    wildcards: exp=Fig3, treatment=rs2
    resources: tmpdir=/tmp

[Fri Feb 28 14:13:06 2025]
Finished job 26.
11 of 27 steps (41%) done
Select jobs to execute...
Execute 1 jobs...

[Fri Feb 28 14:13:06 2025]
localrule processing_community_data:
    input: Result_master_dir/Fig3/rs3/done_simulation.txt
    output: Result_master_dir/Fig3/rs3/done_processing.txt
    jobid: 25
    reason: Missing output files: Result_master_dir/Fig3/rs3/done_processing.txt; Input files updated by another job: Result_master_dir/Fig3/rs3/done_simulation.txt
    wildcards: exp=Fig3, treatment=rs3
    resources: tmpdir=/tmp

[Fri Feb 28 14:13:07 2025]
Finished job 16.
12 of 27 steps (44%) done
Select jobs to execute...
Execute 1 jobs...

[Fri Feb 28 14:13:07 2025]
localrule processing_community_data:
    input: Result_master_dir/Fig2/s3/done_simulation.txt
    output: Result_master_dir/Fig2/s3/done_processing.txt
    jobid: 11
    reason: Missing output files: Result_master_dir/Fig2/s3/done_processing.txt; Input files updated by another job: Result_master_dir/Fig2/s3/done_simulation.txt
    wildcards: exp=Fig2, treatment=s3
    resources: tmpdir=/tmp

[Fri Feb 28 14:13:08 2025]
Finished job 3.
13 of 27 steps (48%) done
Select jobs to execute...
Execute 1 jobs...

[Fri Feb 28 14:13:08 2025]
localrule processing_community_data:
    input: Result_master_dir/Fig2/s5/done_simulation.txt
    output: Result_master_dir/Fig2/s5/done_processing.txt
    jobid: 15
    reason: Missing output files: Result_master_dir/Fig2/s5/done_processing.txt; Input files updated by another job: Result_master_dir/Fig2/s5/done_simulation.txt
    wildcards: exp=Fig2, treatment=s5
    resources: tmpdir=/tmp

[Fri Feb 28 14:13:10 2025]
Finished job 5.
14 of 27 steps (52%) done
Select jobs to execute...
Execute 1 jobs...

[Fri Feb 28 14:13:10 2025]
localrule processing_community_data:
    input: Result_master_dir/Fig3/rs1/done_simulation.txt
    output: Result_master_dir/Fig3/rs1/done_processing.txt
    jobid: 21
    reason: Missing output files: Result_master_dir/Fig3/rs1/done_processing.txt; Input files updated by another job: Result_master_dir/Fig3/rs1/done_simulation.txt
    wildcards: exp=Fig3, treatment=rs1
    resources: tmpdir=/tmp

[Fri Feb 28 14:13:15 2025]
Finished job 23.
15 of 27 steps (56%) done
Select jobs to execute...
Execute 1 jobs...

[Fri Feb 28 14:13:15 2025]
localrule processing_community_data:
    input: Result_master_dir/Fig3/rc1/done_simulation.txt
    output: Result_master_dir/Fig3/rc1/done_processing.txt
    jobid: 19
    reason: Missing output files: Result_master_dir/Fig3/rc1/done_processing.txt; Input files updated by another job: Result_master_dir/Fig3/rc1/done_simulation.txt
    wildcards: exp=Fig3, treatment=rc1
    resources: tmpdir=/tmp

[Fri Feb 28 14:13:15 2025]
Finished job 25.
16 of 27 steps (59%) done
[Fri Feb 28 14:13:16 2025]
Finished job 14.
17 of 27 steps (63%) done
Select jobs to execute...
Execute 1 jobs...

[Fri Feb 28 14:13:16 2025]
localrule processing_community_data:
    input: Result_master_dir/Fig2/s4/done_simulation.txt
    output: Result_master_dir/Fig2/s4/done_processing.txt
    jobid: 13
    reason: Missing output files: Result_master_dir/Fig2/s4/done_processing.txt; Input files updated by another job: Result_master_dir/Fig2/s4/done_simulation.txt
    wildcards: exp=Fig2, treatment=s4
    resources: tmpdir=/tmp

[Fri Feb 28 14:13:16 2025]
Finished job 11.
18 of 27 steps (67%) done
[Fri Feb 28 14:13:17 2025]
Finished job 15.
19 of 27 steps (70%) done
[Fri Feb 28 14:13:19 2025]
Finished job 21.
20 of 27 steps (74%) done
[Fri Feb 28 14:13:22 2025]
Finished job 19.
21 of 27 steps (78%) done
Select jobs to execute...
Execute 1 jobs...

[Fri Feb 28 14:13:22 2025]
localrule collecting_treatment_data:
    input: Result_master_dir/Fig3/rc1/done_processing.txt, Result_master_dir/Fig3/rs1/done_processing.txt, Result_master_dir/Fig3/rs2/done_processing.txt, Result_master_dir/Fig3/rs3/done_processing.txt
    output: Result_master_dir/Fig3/done_collecting.txt
    jobid: 18
    reason: Missing output files: Result_master_dir/Fig3/done_collecting.txt; Input files updated by another job: Result_master_dir/Fig3/rs1/done_processing.txt, Result_master_dir/Fig3/rs3/done_processing.txt, Result_master_dir/Fig3/rs2/done_processing.txt, Result_master_dir/Fig3/rc1/done_processing.txt
    wildcards: exp=Fig3
    resources: tmpdir=/tmp

[Fri Feb 28 14:13:23 2025]
Error in rule collecting_treatment_data:
    jobid: 18
    input: Result_master_dir/Fig3/rc1/done_processing.txt, Result_master_dir/Fig3/rs1/done_processing.txt, Result_master_dir/Fig3/rs2/done_processing.txt, Result_master_dir/Fig3/rs3/done_processing.txt
    output: Result_master_dir/Fig3/done_collecting.txt
    shell:
        
        Rscript simulation_code/collect_treatments.R /home/sean/Documents/testhmwfolder/SAMSARA Fig3 
        touch Result_master_dir/Fig3/done_collecting.txt
        
        (one of the commands exited with non-zero exit code; note that snakemake uses bash strict mode!)

[Fri Feb 28 14:13:23 2025]
Finished job 13.
22 of 27 steps (81%) done
Shutting down, this might take some time.
Exiting because a job execution failed. Look above for error message
Complete log: .snakemake/log/2025-02-28T141202.488619.snakemake.log
WorkflowError:
At least one job did not complete successfully.
