host: beepboop
Building DAG of jobs...
Using shell: /usr/bin/bash
Provided cores: 3
Rules claiming more threads will be scaled down.
Job stats:
job                        count
-----------------------  -------
all                            1
simulate_community_data        3
total                          4

Select jobs to execute...
Execute 3 jobs...

[Tue Feb 18 15:33:23 2025]
localrule simulate_community_data:
    output: Result_master_dir/exp1/c2/done.txt
    jobid: 3
    reason: Missing output files: Result_master_dir/exp1/c2/done.txt
    wildcards: exp=exp1, treatment=c2
    resources: tmpdir=/tmp


[Tue Feb 18 15:33:23 2025]
localrule simulate_community_data:
    output: Result_master_dir/exp1/c1/done.txt
    jobid: 2
    reason: Missing output files: Result_master_dir/exp1/c1/done.txt
    wildcards: exp=exp1, treatment=c1
    resources: tmpdir=/tmp


[Tue Feb 18 15:33:23 2025]
localrule simulate_community_data:
    output: Result_master_dir/exp1/s1/done.txt
    jobid: 1
    reason: Missing output files: Result_master_dir/exp1/s1/done.txt
    wildcards: exp=exp1, treatment=s1
    resources: tmpdir=/tmp

[Tue Feb 18 15:33:41 2025]
Finished job 1.
1 of 4 steps (25%) done
[Tue Feb 18 15:33:42 2025]
Finished job 2.
2 of 4 steps (50%) done
[Tue Feb 18 15:33:54 2025]
Finished job 3.
3 of 4 steps (75%) done
Select jobs to execute...
Execute 1 jobs...

[Tue Feb 18 15:33:54 2025]
localrule all:
    input: Result_master_dir/exp1/s1/done.txt, Result_master_dir/exp1/c1/done.txt, Result_master_dir/exp1/c2/done.txt
    jobid: 0
    reason: Input files updated by another job: Result_master_dir/exp1/c1/done.txt, Result_master_dir/exp1/c2/done.txt, Result_master_dir/exp1/s1/done.txt
    resources: tmpdir=/tmp

[Tue Feb 18 15:33:54 2025]
Finished job 0.
4 of 4 steps (100%) done
Complete log: .snakemake/log/2025-02-18T153323.439252.snakemake.log
