host: beepboop
Building DAG of jobs...
Using shell: /usr/bin/bash
Provided cores: 3
Rules claiming more threads will be scaled down.
Job stats:
job                          count
-------------------------  -------
all                              1
collecting_treatment_data        1
plot_fig2                        1
total                            3

Select jobs to execute...
Execute 1 jobs...

[Fri Feb 28 09:29:27 2025]
localrule collecting_treatment_data:
    input: Result_master_dir/Fig3/rc1/done_processing.txt, Result_master_dir/Fig3/rs1/done_processing.txt, Result_master_dir/Fig3/rs2/done_processing.txt, Result_master_dir/Fig3/rs3/done_processing.txt
    output: Result_master_dir/Fig3/done_collecting.txt
    jobid: 18
    reason: Missing output files: Result_master_dir/Fig3/done_collecting.txt
    wildcards: exp=Fig3
    resources: tmpdir=/tmp

[Fri Feb 28 09:29:27 2025]
Finished job 18.
1 of 3 steps (33%) done
Select jobs to execute...
Execute 1 jobs...

[Fri Feb 28 09:29:27 2025]
localrule plot_fig2:
    input: Result_master_dir/Fig3/done_collecting.txt
    output: Result_master_dir/Fig3/done_plotting.txt
    jobid: 17
    reason: Missing output files: Result_master_dir/Fig3/done_plotting.txt; Input files updated by another job: Result_master_dir/Fig3/done_collecting.txt
    wildcards: exp=Fig3
    resources: tmpdir=/tmp

[Fri Feb 28 09:29:28 2025]
Finished job 17.
2 of 3 steps (67%) done
Select jobs to execute...
Execute 1 jobs...

[Fri Feb 28 09:29:28 2025]
localrule all:
    input: Result_master_dir/Fig2/done_plotting.txt, Result_master_dir/Fig3/done_plotting.txt
    jobid: 0
    reason: Input files updated by another job: Result_master_dir/Fig3/done_plotting.txt
    resources: tmpdir=/tmp

[Fri Feb 28 09:29:28 2025]
Finished job 0.
3 of 3 steps (100%) done
Complete log: .snakemake/log/2025-02-28T092927.378071.snakemake.log
