host: beepboop
Building DAG of jobs...
Using shell: /usr/bin/bash
Provided cores: 3
Rules claiming more threads will be scaled down.
Job stats:
job                          count
-------------------------  -------
all                              1
collecting_treatment_data        1
total                            2

Select jobs to execute...
Execute 1 jobs...

[Mon Feb 24 20:46:43 2025]
localrule collecting_treatment_data:
    input: Result_master_dir/Fig2/s1/done_processing.txt, Result_master_dir/Fig2/c1/done_processing.txt
    output: Result_master_dir/Fig2/done_collecting.txt
    jobid: 1
    reason: Missing output files: Result_master_dir/Fig2/done_collecting.txt
    wildcards: exp=Fig2
    resources: tmpdir=/tmp

[Mon Feb 24 20:46:43 2025]
Finished job 1.
1 of 2 steps (50%) done
Select jobs to execute...
Execute 1 jobs...

[Mon Feb 24 20:46:43 2025]
localrule all:
    input: Result_master_dir/Fig2/done_collecting.txt
    jobid: 0
    reason: Input files updated by another job: Result_master_dir/Fig2/done_collecting.txt
    resources: tmpdir=/tmp

[Mon Feb 24 20:46:43 2025]
Finished job 0.
2 of 2 steps (100%) done
Complete log: .snakemake/log/2025-02-24T204643.327622.snakemake.log
