Building DAG of jobs...
Using shell: /usr/bin/bash
Provided cores: 6
Rules claiming more threads will be scaled down.
Job stats:
job               count
--------------  -------
_simulate_data      317
all                   1
total               318

Select jobs to execute...

[Thu Jul 17 12:09:41 2025]
rule _simulate_data:
    output: simulation_data/xfig3/nw_c1/noise_0.25/n_pop_log_log.csv
    jobid: 119
    reason: Missing output files: simulation_data/xfig3/nw_c1/noise_0.25/n_pop_log_log.csv
    wildcards: experiment=xfig3, treatment=nw_c1, simulation=noise_0.25
    resources: tmpdir=/tmp


[Thu Jul 17 12:09:41 2025]
rule _simulate_data:
    output: simulation_data/xfig5/rc1/radius_0.05/n_pop_log_log.csv
    jobid: 252
    reason: Missing output files: simulation_data/xfig5/rc1/radius_0.05/n_pop_log_log.csv
    wildcards: experiment=xfig5, treatment=rc1, simulation=radius_0.05
    resources: tmpdir=/tmp

[Thu Jul 17 12:09:41 2025]
Error in rule _simulate_data:
    jobid: 119
    output: simulation_data/xfig3/nw_c1/noise_0.25/n_pop_log_log.csv
    shell:
        
        echo "[_simulate_data] Running simulation for: xfig3/nw_c1/noise_0.25"
        python3 simulation_scripts/None xfig3 nw_c1 noise_0.25 
        
        (one of the commands exited with non-zero exit code; note that snakemake uses bash strict mode!)


[Thu Jul 17 12:09:41 2025]
rule _simulate_data:
    output: simulation_data/xfig4/nw_s1/s4/n_pop_log_log.csv
    jobid: 187
    reason: Missing output files: simulation_data/xfig4/nw_s1/s4/n_pop_log_log.csv
    wildcards: experiment=xfig4, treatment=nw_s1, simulation=s4
    resources: tmpdir=/tmp

[Thu Jul 17 12:09:41 2025]
Error in rule _simulate_data:
    jobid: 252
    output: simulation_data/xfig5/rc1/radius_0.05/n_pop_log_log.csv
    shell:
        
        echo "[_simulate_data] Running simulation for: xfig5/rc1/radius_0.05"
        python3 simulation_scripts/None xfig5 rc1 radius_0.05 
        
        (one of the commands exited with non-zero exit code; note that snakemake uses bash strict mode!)


[Thu Jul 17 12:09:41 2025]
rule _simulate_data:
    output: simulation_data/xfig2/rc1/rc1_unequal/n_pop_log_log.csv
    jobid: 20
    reason: Missing output files: simulation_data/xfig2/rc1/rc1_unequal/n_pop_log_log.csv
    wildcards: experiment=xfig2, treatment=rc1, simulation=rc1_unequal
    resources: tmpdir=/tmp

[Thu Jul 17 12:09:41 2025]
Error in rule _simulate_data:
    jobid: 187
    output: simulation_data/xfig4/nw_s1/s4/n_pop_log_log.csv
    shell:
        
        echo "[_simulate_data] Running simulation for: xfig4/nw_s1/s4"
        python3 simulation_scripts/None xfig4 nw_s1 s4 
        
        (one of the commands exited with non-zero exit code; note that snakemake uses bash strict mode!)


[Thu Jul 17 12:09:41 2025]
rule _simulate_data:
    output: simulation_data/xfig3/nw_c2/rc1/n_pop_log_log.csv
    jobid: 123
    reason: Missing output files: simulation_data/xfig3/nw_c2/rc1/n_pop_log_log.csv
    wildcards: experiment=xfig3, treatment=nw_c2, simulation=rc1
    resources: tmpdir=/tmp

[Thu Jul 17 12:09:41 2025]
Error in rule _simulate_data:
    jobid: 20
    output: simulation_data/xfig2/rc1/rc1_unequal/n_pop_log_log.csv
    shell:
        
        echo "[_simulate_data] Running simulation for: xfig2/rc1/rc1_unequal"
        python3 simulation_scripts/None xfig2 rc1 rc1_unequal 
        
        (one of the commands exited with non-zero exit code; note that snakemake uses bash strict mode!)


[Thu Jul 17 12:09:41 2025]
rule _simulate_data:
    output: simulation_data/xfig3/nw_c2/s1/n_pop_log_log.csv
    jobid: 121
    reason: Missing output files: simulation_data/xfig3/nw_c2/s1/n_pop_log_log.csv
    wildcards: experiment=xfig3, treatment=nw_c2, simulation=s1
    resources: tmpdir=/tmp

[Thu Jul 17 12:09:41 2025]
Error in rule _simulate_data:
    jobid: 123
    output: simulation_data/xfig3/nw_c2/rc1/n_pop_log_log.csv
    shell:
        
        echo "[_simulate_data] Running simulation for: xfig3/nw_c2/rc1"
        python3 simulation_scripts/None xfig3 nw_c2 rc1 
        
        (one of the commands exited with non-zero exit code; note that snakemake uses bash strict mode!)

[Thu Jul 17 12:09:41 2025]
Error in rule _simulate_data:
    jobid: 121
    output: simulation_data/xfig3/nw_c2/s1/n_pop_log_log.csv
    shell:
        
        echo "[_simulate_data] Running simulation for: xfig3/nw_c2/s1"
        python3 simulation_scripts/None xfig3 nw_c2 s1 
        
        (one of the commands exited with non-zero exit code; note that snakemake uses bash strict mode!)

Shutting down, this might take some time.
Exiting because a job execution failed. Look above for error message
Complete log: .snakemake/log/2025-07-17T120940.089156.snakemake.log
