host: beepboop
Building DAG of jobs...
Using shell: /usr/bin/bash
Provided cores: 3
Rules claiming more threads will be scaled down.
Job stats:
job                        count
-----------------------  -------
all                            1
simulate_community_data        3
total                          4

Select jobs to execute...
Execute 3 jobs...

[Tue Feb 18 15:15:04 2025]
localrule simulate_community_data:
    output: results/exp1/c2/output.txt
    jobid: 3
    reason: Missing output files: results/exp1/c2/output.txt
    wildcards: exp=exp1, treatment=c2
    resources: tmpdir=/tmp


[Tue Feb 18 15:15:04 2025]
localrule simulate_community_data:
    output: results/exp1/c1/output.txt
    jobid: 2
    reason: Missing output files: results/exp1/c1/output.txt
    wildcards: exp=exp1, treatment=c1
    resources: tmpdir=/tmp


[Tue Feb 18 15:15:04 2025]
localrule simulate_community_data:
    output: results/exp1/s1/output.txt
    jobid: 1
    reason: Missing output files: results/exp1/s1/output.txt
    wildcards: exp=exp1, treatment=s1
    resources: tmpdir=/tmp

[Tue Feb 18 15:15:05 2025]
Error in rule simulate_community_data:
    jobid: 2
    output: results/exp1/c1/output.txt
    shell:
        
        python3 simulation_code/master_slurm_simulation.py /home/swani/Documents/computational_research_tools/homework4/SAMSARA exp1 c1 null_int --n_num=25 --nrep=2
        
        (one of the commands exited with non-zero exit code; note that snakemake uses bash strict mode!)

[Tue Feb 18 15:15:05 2025]
Error in rule simulate_community_data:
    jobid: 3
    output: results/exp1/c2/output.txt
    shell:
        
        python3 simulation_code/master_slurm_simulation.py /home/swani/Documents/computational_research_tools/homework4/SAMSARA exp1 c2 null_rsc --n_num=25 --nrep=2
        
        (one of the commands exited with non-zero exit code; note that snakemake uses bash strict mode!)

[Tue Feb 18 15:15:05 2025]
Error in rule simulate_community_data:
    jobid: 1
    output: results/exp1/s1/output.txt
    shell:
        
        python3 simulation_code/master_slurm_simulation.py /home/swani/Documents/computational_research_tools/homework4/SAMSARA exp1 s1 basic --n_num=25 --nrep=2
        
        (one of the commands exited with non-zero exit code; note that snakemake uses bash strict mode!)

Shutting down, this might take some time.
Exiting because a job execution failed. Look above for error message
Complete log: .snakemake/log/2025-02-18T151504.620721.snakemake.log
WorkflowError:
At least one job did not complete successfully.
