host: ter
Building DAG of jobs...
Using shell: /usr/bin/bash
Provided cores: 6
Rules claiming more threads will be scaled down.
Job stats:
job                          count
-------------------------  -------
all                              1
collecting_treatment_data        2
plot_fig                         2
total                            5

Select jobs to execute...
Execute 2 jobs...

[Fri Feb 28 14:44:51 2025]
localrule collecting_treatment_data:
    input: Result_master_dir/Fig3/rc1/done_processing.txt, Result_master_dir/Fig3/rs1/done_processing.txt, Result_master_dir/Fig3/rs2/done_processing.txt, Result_master_dir/Fig3/rs3/done_processing.txt
    output: Result_master_dir/Fig3/done_collecting.txt
    jobid: 18
    reason: Missing output files: Result_master_dir/Fig3/done_collecting.txt
    wildcards: exp=Fig3
    resources: tmpdir=/tmp


[Fri Feb 28 14:44:51 2025]
localrule collecting_treatment_data:
    input: Result_master_dir/Fig2/s1/done_processing.txt, Result_master_dir/Fig2/c1/done_processing.txt, Result_master_dir/Fig2/c2/done_processing.txt, Result_master_dir/Fig2/s2/done_processing.txt, Result_master_dir/Fig2/s3/done_processing.txt, Result_master_dir/Fig2/s4/done_processing.txt, Result_master_dir/Fig2/s5/done_processing.txt
    output: Result_master_dir/Fig2/done_collecting.txt
    jobid: 2
    reason: Missing output files: Result_master_dir/Fig2/done_collecting.txt
    wildcards: exp=Fig2
    resources: tmpdir=/tmp

[Fri Feb 28 14:44:52 2025]
Finished job 18.
1 of 5 steps (20%) done
Select jobs to execute...
Execute 1 jobs...

[Fri Feb 28 14:44:52 2025]
localrule plot_fig:
    input: Result_master_dir/Fig3/done_collecting.txt
    output: Result_master_dir/Fig3/done_plotting.txt
    jobid: 17
    reason: Missing output files: Result_master_dir/Fig3/done_plotting.txt; Input files updated by another job: Result_master_dir/Fig3/done_collecting.txt
    wildcards: exp=Fig3
    resources: tmpdir=/tmp

[Fri Feb 28 14:44:52 2025]
Finished job 2.
2 of 5 steps (40%) done
Select jobs to execute...
Execute 1 jobs...

[Fri Feb 28 14:44:52 2025]
localrule plot_fig:
    input: Result_master_dir/Fig2/done_collecting.txt
    output: Result_master_dir/Fig2/done_plotting.txt
    jobid: 1
    reason: Missing output files: Result_master_dir/Fig2/done_plotting.txt; Input files updated by another job: Result_master_dir/Fig2/done_collecting.txt
    wildcards: exp=Fig2
    resources: tmpdir=/tmp

[Fri Feb 28 14:44:54 2025]
Finished job 17.
3 of 5 steps (60%) done
[Fri Feb 28 14:44:54 2025]
Finished job 1.
4 of 5 steps (80%) done
Select jobs to execute...
Execute 1 jobs...

[Fri Feb 28 14:44:54 2025]
localrule all:
    input: Result_master_dir/Fig2/done_plotting.txt, Result_master_dir/Fig3/done_plotting.txt
    jobid: 0
    reason: Input files updated by another job: Result_master_dir/Fig3/done_plotting.txt, Result_master_dir/Fig2/done_plotting.txt
    resources: tmpdir=/tmp

[Fri Feb 28 14:44:54 2025]
Finished job 0.
5 of 5 steps (100%) done
Complete log: .snakemake/log/2025-02-28T144451.607772.snakemake.log
