host: beepboop
Building DAG of jobs...
Using shell: /usr/bin/bash
Provided cores: 3
Rules claiming more threads will be scaled down.
Job stats:
job                          count
-------------------------  -------
all                              1
collecting_treatment_data        1
total                            2

Select jobs to execute...
Execute 1 jobs...

[Mon Feb 24 19:46:35 2025]
localrule collecting_treatment_data:
    input: Result_master_dir/Fig2/s1/done_processing.txt, Result_master_dir/Fig2/c1/done_processing.txt
    output: Result_master_dir/Fig2/done_collecting.txt
    jobid: 1
    reason: Missing output files: Result_master_dir/Fig2/done_collecting.txt
    wildcards: exp=Fig2
    resources: tmpdir=/tmp

[Mon Feb 24 19:46:35 2025]
Error in rule collecting_treatment_data:
    jobid: 1
    input: Result_master_dir/Fig2/s1/done_processing.txt, Result_master_dir/Fig2/c1/done_processing.txt
    output: Result_master_dir/Fig2/done_collecting.txt
    shell:
        
        Rscript simulation_code/collect_treatments.R /home/swani/Documents/computational_research_tools/homework4/SAMSARA Fig2 
        touch Result_master_dir/Fig2/done_collecting.txt
        
        (one of the commands exited with non-zero exit code; note that snakemake uses bash strict mode!)

Shutting down, this might take some time.
Exiting because a job execution failed. Look above for error message
Complete log: .snakemake/log/2025-02-24T194635.129468.snakemake.log
WorkflowError:
At least one job did not complete successfully.
