Building DAG of jobs...
Using shell: /usr/bin/bash
Provided cores: 6
Rules claiming more threads will be scaled down.
Job stats:
job                        count
-----------------------  -------
all                            1
process_community_data        10
simulate_community_data       10
total                         21

Select jobs to execute...

[Fri Jul 11 14:41:50 2025]
rule simulate_community_data:
    output: simulation_data/xfig5/nw_s1/nw_s1/n_pop_log_log.csv
    jobid: 8
    reason: Missing output files: simulation_data/xfig5/nw_s1/nw_s1/n_pop_log_log.csv
    wildcards: experiment=xfig5, treatment=nw_s1, simulation=nw_s1
    resources: tmpdir=/tmp

Failed to set marker file for job started ([Errno 95] Operation not supported: '/run/user/1000/gvfs/smb-share:domain=share,server=share.univie.ac.at,share=ter,user=seand93/PROJECTS/SomSOM/Step_III/SAMSARA/.snakemake/incomplete/tmp4oiw_8_6.c2ltdWxh'). Snakemake will work, but cannot ensure that output files are complete in case of a kill signal or power loss. Please ensure write permissions for the directory /run/user/1000/gvfs/smb-share:domain=share,server=share.univie.ac.at,share=ter,user=seand93/PROJECTS/SomSOM/Step_III/SAMSARA/.snakemake

[Fri Jul 11 14:41:51 2025]
rule simulate_community_data:
    output: simulation_data/xfig2/s1/s1/n_pop_log_log.csv
    jobid: 2
    reason: Missing output files: simulation_data/xfig2/s1/s1/n_pop_log_log.csv
    wildcards: experiment=xfig2, treatment=s1, simulation=s1
    resources: tmpdir=/tmp

Failed to set marker file for job started ([Errno 95] Operation not supported: '/run/user/1000/gvfs/smb-share:domain=share,server=share.univie.ac.at,share=ter,user=seand93/PROJECTS/SomSOM/Step_III/SAMSARA/.snakemake/incomplete/tmp4e1f0s0l.c2ltdWxh'). Snakemake will work, but cannot ensure that output files are complete in case of a kill signal or power loss. Please ensure write permissions for the directory /run/user/1000/gvfs/smb-share:domain=share,server=share.univie.ac.at,share=ter,user=seand93/PROJECTS/SomSOM/Step_III/SAMSARA/.snakemake

[Fri Jul 11 14:41:51 2025]
rule simulate_community_data:
    output: simulation_data/xfig5/nw_c1/nw_c1/n_pop_log_log.csv
    jobid: 10
    reason: Missing output files: simulation_data/xfig5/nw_c1/nw_c1/n_pop_log_log.csv
    wildcards: experiment=xfig5, treatment=nw_c1, simulation=nw_c1
    resources: tmpdir=/tmp

Failed to set marker file for job started ([Errno 95] Operation not supported: '/run/user/1000/gvfs/smb-share:domain=share,server=share.univie.ac.at,share=ter,user=seand93/PROJECTS/SomSOM/Step_III/SAMSARA/.snakemake/incomplete/tmpgnxgvwa2.c2ltdWxh'). Snakemake will work, but cannot ensure that output files are complete in case of a kill signal or power loss. Please ensure write permissions for the directory /run/user/1000/gvfs/smb-share:domain=share,server=share.univie.ac.at,share=ter,user=seand93/PROJECTS/SomSOM/Step_III/SAMSARA/.snakemake

[Fri Jul 11 14:41:51 2025]
rule simulate_community_data:
    output: simulation_data/xfig5/nw_s2/nw_s2/n_pop_log_log.csv
    jobid: 12
    reason: Missing output files: simulation_data/xfig5/nw_s2/nw_s2/n_pop_log_log.csv
    wildcards: experiment=xfig5, treatment=nw_s2, simulation=nw_s2
    resources: tmpdir=/tmp

Failed to set marker file for job started ([Errno 95] Operation not supported: '/run/user/1000/gvfs/smb-share:domain=share,server=share.univie.ac.at,share=ter,user=seand93/PROJECTS/SomSOM/Step_III/SAMSARA/.snakemake/incomplete/tmp9zfqu881.c2ltdWxh'). Snakemake will work, but cannot ensure that output files are complete in case of a kill signal or power loss. Please ensure write permissions for the directory /run/user/1000/gvfs/smb-share:domain=share,server=share.univie.ac.at,share=ter,user=seand93/PROJECTS/SomSOM/Step_III/SAMSARA/.snakemake

[Fri Jul 11 14:41:51 2025]
rule simulate_community_data:
    output: simulation_data/xfig2/s4/s4/n_pop_log_log.csv
    jobid: 14
    reason: Missing output files: simulation_data/xfig2/s4/s4/n_pop_log_log.csv
    wildcards: experiment=xfig2, treatment=s4, simulation=s4
    resources: tmpdir=/tmp

Failed to set marker file for job started ([Errno 95] Operation not supported: '/run/user/1000/gvfs/smb-share:domain=share,server=share.univie.ac.at,share=ter,user=seand93/PROJECTS/SomSOM/Step_III/SAMSARA/.snakemake/incomplete/tmpl4pmhh3f.c2ltdWxh'). Snakemake will work, but cannot ensure that output files are complete in case of a kill signal or power loss. Please ensure write permissions for the directory /run/user/1000/gvfs/smb-share:domain=share,server=share.univie.ac.at,share=ter,user=seand93/PROJECTS/SomSOM/Step_III/SAMSARA/.snakemake

[Fri Jul 11 14:41:51 2025]
rule simulate_community_data:
    output: simulation_data/xfig4/rc1_unequal/rc1_unequal/n_pop_log_log.csv
    jobid: 20
    reason: Missing output files: simulation_data/xfig4/rc1_unequal/rc1_unequal/n_pop_log_log.csv
    wildcards: experiment=xfig4, treatment=rc1_unequal, simulation=rc1_unequal
    resources: tmpdir=/tmp

Failed to set marker file for job started ([Errno 95] Operation not supported: '/run/user/1000/gvfs/smb-share:domain=share,server=share.univie.ac.at,share=ter,user=seand93/PROJECTS/SomSOM/Step_III/SAMSARA/.snakemake/incomplete/tmp_ggr6xf1.c2ltdWxh'). Snakemake will work, but cannot ensure that output files are complete in case of a kill signal or power loss. Please ensure write permissions for the directory /run/user/1000/gvfs/smb-share:domain=share,server=share.univie.ac.at,share=ter,user=seand93/PROJECTS/SomSOM/Step_III/SAMSARA/.snakemake
[Fri Jul 11 14:41:51 2025]
Error in rule simulate_community_data:
    jobid: 14
    output: simulation_data/xfig2/s4/s4/n_pop_log_log.csv
    shell:
        
    if [ "None" = "multi_simulation.py" ]; then
        echo "Skipping simulation for multi_simulation.py — handled separately."
        exit 0
    fi
    python3 simulation_scripts/None       xfig2       s4       s4       None
    
        (one of the commands exited with non-zero exit code; note that snakemake uses bash strict mode!)

Waiting at most 5 seconds for missing files.
[Fri Jul 11 14:41:51 2025]
Error in rule simulate_community_data:
    jobid: 20
    output: simulation_data/xfig4/rc1_unequal/rc1_unequal/n_pop_log_log.csv
    shell:
        
    if [ "None" = "multi_simulation.py" ]; then
        echo "Skipping simulation for multi_simulation.py — handled separately."
        exit 0
    fi
    python3 simulation_scripts/None       xfig4       rc1_unequal       rc1_unequal       None
    
        (one of the commands exited with non-zero exit code; note that snakemake uses bash strict mode!)

MissingOutputException in rule simulate_community_data in file /run/user/1000/gvfs/smb-share:domain=share,server=share.univie.ac.at,share=ter,user=seand93/PROJECTS/SomSOM/Step_III/SAMSARA/Snakefile.smk, line 34:
Job 8  completed successfully, but some output files are missing. Missing files after 5 seconds. This might be due to filesystem latency. If that is the case, consider to increase the wait time with --latency-wait:
simulation_data/xfig5/nw_s1/nw_s1/n_pop_log_log.csv
Waiting at most 5 seconds for missing files.
MissingOutputException in rule simulate_community_data in file /run/user/1000/gvfs/smb-share:domain=share,server=share.univie.ac.at,share=ter,user=seand93/PROJECTS/SomSOM/Step_III/SAMSARA/Snakefile.smk, line 34:
Job 10  completed successfully, but some output files are missing. Missing files after 5 seconds. This might be due to filesystem latency. If that is the case, consider to increase the wait time with --latency-wait:
simulation_data/xfig5/nw_c1/nw_c1/n_pop_log_log.csv
Waiting at most 5 seconds for missing files.
MissingOutputException in rule simulate_community_data in file /run/user/1000/gvfs/smb-share:domain=share,server=share.univie.ac.at,share=ter,user=seand93/PROJECTS/SomSOM/Step_III/SAMSARA/Snakefile.smk, line 34:
Job 12  completed successfully, but some output files are missing. Missing files after 5 seconds. This might be due to filesystem latency. If that is the case, consider to increase the wait time with --latency-wait:
simulation_data/xfig5/nw_s2/nw_s2/n_pop_log_log.csv
WorkflowError:
Error recording metadata for finished job ([Errno 95] Operation not supported: '/run/user/1000/gvfs/smb-share:domain=share,server=share.univie.ac.at,share=ter,user=seand93/PROJECTS/SomSOM/Step_III/SAMSARA/.snakemake/metadata/tmpxo50izw6.c2ltdWxh'). Please ensure write permissions for the directory /run/user/1000/gvfs/smb-share:domain=share,server=share.univie.ac.at,share=ter,user=seand93/PROJECTS/SomSOM/Step_III/SAMSARA/.snakemake
Removing output files of failed job simulate_community_data since they might be corrupted:
simulation_data/xfig2/s1/s1/n_pop_log_log.csv
Shutting down, this might take some time.
Exiting because a job execution failed. Look above for error message
Complete log: .snakemake/log/2025-07-11T144150.035190.snakemake.log
