Building DAG of jobs...
Using shell: /usr/bin/bash
Provided cores: 6
Rules claiming more threads will be scaled down.
Job stats:
job               count
--------------  -------
all                   1
analyze_data         10
clone_all_data        1
simulate_data         7
total                19

Select jobs to execute...

[Thu Jul 17 14:17:21 2025]
rule simulate_data:
    output: simulation_data/xfig4/rc1_noise/noise_0.25/n_pop_log_log.csv
    jobid: 16
    reason: Missing output files: simulation_data/xfig4/rc1_noise/noise_0.25/n_pop_log_log.csv
    wildcards: experiment=xfig4, treatment=rc1_noise, simulation=noise_0.25
    resources: tmpdir=/tmp

[Thu Jul 17 14:17:21 2025]
rule simulate_data:
    output: simulation_data/xfig2/s1/s1/n_pop_log_log.csv
    jobid: 2
    reason: Code has changed since last execution
    wildcards: experiment=xfig2, treatment=s1, simulation=s1
    resources: tmpdir=/tmp

[Thu Jul 17 14:17:21 2025]
rule analyze_data:
    input: simulation_data/xfig5/nw_s1/nw_s1/n_pop_log_log.csv
    output: simulation_data/xfig5/nw_s1/nw_s1/infm_res.csv, simulation_data/xfig5/nw_s1/nw_s1/full_res.csv
    jobid: 7
    reason: Missing output files: simulation_data/xfig5/nw_s1/nw_s1/full_res.csv, simulation_data/xfig5/nw_s1/nw_s1/infm_res.csv; Set of input files has changed since last execution; Code has changed since last execution; Params have changed since last execution
    wildcards: experiment=xfig5, treatment=nw_s1, simulation=nw_s1
    resources: tmpdir=/tmp


[Thu Jul 17 14:17:21 2025]
rule simulate_data:
    output: simulation_data/xfig4/rc1/rc1/n_pop_log_log.csv
    jobid: 6
    reason: Missing output files: simulation_data/xfig4/rc1/rc1/n_pop_log_log.csv; Code has changed since last execution
    wildcards: experiment=xfig4, treatment=rc1, simulation=rc1
    resources: tmpdir=/tmp

[Thu Jul 17 14:17:21 2025]
Error in rule analyze_data:
    jobid: 7
    input: simulation_data/xfig5/nw_s1/nw_s1/n_pop_log_log.csv
    output: simulation_data/xfig5/nw_s1/nw_s1/infm_res.csv, simulation_data/xfig5/nw_s1/nw_s1/full_res.csv
    shell:
        
        Rscript analysis_scripts/xfig5_analysis.R simulation_data/xfig5/nw_s1/nw_s1/n_pop_log_log.csv simulation_data/xfig5/nw_s1/nw_s1/infm_res.csv simulation_data/xfig5/nw_s1/nw_s1/full_res.csv
        
        (one of the commands exited with non-zero exit code; note that snakemake uses bash strict mode!)


[Thu Jul 17 14:17:21 2025]
rule analyze_data:
    input: simulation_data/xfig5/nw_c2/nw_c2/n_pop_log_log.csv
    output: simulation_data/xfig5/nw_c2/nw_c2/infm_res.csv, simulation_data/xfig5/nw_c2/nw_c2/full_res.csv
    jobid: 10
    reason: Missing output files: simulation_data/xfig5/nw_c2/nw_c2/full_res.csv, simulation_data/xfig5/nw_c2/nw_c2/infm_res.csv; Set of input files has changed since last execution; Code has changed since last execution; Params have changed since last execution
    wildcards: experiment=xfig5, treatment=nw_c2, simulation=nw_c2
    resources: tmpdir=/tmp


[Thu Jul 17 14:17:21 2025]
rule analyze_data:
    input: simulation_data/xfig5/nw_c1/nw_c1/n_pop_log_log.csv
    output: simulation_data/xfig5/nw_c1/nw_c1/infm_res.csv, simulation_data/xfig5/nw_c1/nw_c1/full_res.csv
    jobid: 9
    reason: Missing output files: simulation_data/xfig5/nw_c1/nw_c1/infm_res.csv, simulation_data/xfig5/nw_c1/nw_c1/full_res.csv; Set of input files has changed since last execution; Code has changed since last execution; Params have changed since last execution
    wildcards: experiment=xfig5, treatment=nw_c1, simulation=nw_c1
    resources: tmpdir=/tmp

[Thu Jul 17 14:17:21 2025]
Error in rule analyze_data:
    jobid: 10
    input: simulation_data/xfig5/nw_c2/nw_c2/n_pop_log_log.csv
    output: simulation_data/xfig5/nw_c2/nw_c2/infm_res.csv, simulation_data/xfig5/nw_c2/nw_c2/full_res.csv
    shell:
        
        Rscript analysis_scripts/xfig5_analysis.R simulation_data/xfig5/nw_c2/nw_c2/n_pop_log_log.csv simulation_data/xfig5/nw_c2/nw_c2/infm_res.csv simulation_data/xfig5/nw_c2/nw_c2/full_res.csv
        
        (one of the commands exited with non-zero exit code; note that snakemake uses bash strict mode!)

[Thu Jul 17 14:17:21 2025]
Error in rule analyze_data:
    jobid: 9
    input: simulation_data/xfig5/nw_c1/nw_c1/n_pop_log_log.csv
    output: simulation_data/xfig5/nw_c1/nw_c1/infm_res.csv, simulation_data/xfig5/nw_c1/nw_c1/full_res.csv
    shell:
        
        Rscript analysis_scripts/xfig5_analysis.R simulation_data/xfig5/nw_c1/nw_c1/n_pop_log_log.csv simulation_data/xfig5/nw_c1/nw_c1/infm_res.csv simulation_data/xfig5/nw_c1/nw_c1/full_res.csv
        
        (one of the commands exited with non-zero exit code; note that snakemake uses bash strict mode!)

[Thu Jul 17 14:17:41 2025]
Finished job 2.
1 of 19 steps (5%) done
[Thu Jul 17 14:23:40 2025]
Finished job 6.
2 of 19 steps (11%) done
Shutting down, this might take some time.
Exiting because a job execution failed. Look above for error message
Complete log: .snakemake/log/2025-07-17T141721.021907.snakemake.log
