Building DAG of jobs...
Using shell: /usr/bin/bash
Provided cores: 6
Rules claiming more threads will be scaled down.
Job stats:
job                               count
------------------------------  -------
all                                   1
analyse_simulations                  10
clone_simulation_data                 4
generate_simulation_data              3
process_community_data               10
simulate_fig5_multi                   1
wait_for_experiments_to_finish        1
total                                30

Select jobs to execute...

[Thu Jul 17 14:43:27 2025]
rule generate_simulation_data:
    output: simulation_data/xfig4/rc1/rc1/n_pop_log_log.csv
    jobid: 9
    reason: Missing output files: simulation_data/xfig4/rc1/rc1/n_pop_log_log.csv; Code has changed since last execution
    wildcards: experiment=xfig4, treatment=rc1, simulation=rc1
    resources: tmpdir=/tmp

[Thu Jul 17 14:43:27 2025]
rule generate_simulation_data:
    output: simulation_data/xfig3/rc1/radius_0.05/n_pop_log_log.csv
    jobid: 6
    reason: Missing output files: simulation_data/xfig3/rc1/radius_0.05/n_pop_log_log.csv; Code has changed since last execution
    wildcards: experiment=xfig3, treatment=rc1, simulation=radius_0.05
    resources: tmpdir=/tmp

[Thu Jul 17 14:43:28 2025]
rule generate_simulation_data:
    output: simulation_data/xfig2/s1/s1/n_pop_log_log.csv
    jobid: 3
    reason: Missing output files: simulation_data/xfig2/s1/s1/n_pop_log_log.csv; Code has changed since last execution
    wildcards: experiment=xfig2, treatment=s1, simulation=s1
    resources: tmpdir=/tmp

[Thu Jul 17 14:43:28 2025]
rule simulate_fig5_multi:
    output: simulation_data/xfig5/nw_s1/nw_s1/n_pop_log_log.csv, simulation_data/xfig5/nw_c1/nw_c1/n_pop_log_log.csv, simulation_data/xfig5/nw_c2/nw_c2/n_pop_log_log.csv
    jobid: 12
    reason: Missing output files: simulation_data/xfig5/nw_s1/nw_s1/n_pop_log_log.csv, simulation_data/xfig5/nw_c1/nw_c1/n_pop_log_log.csv, simulation_data/xfig5/nw_c2/nw_c2/n_pop_log_log.csv
    resources: tmpdir=/tmp

[Thu Jul 17 14:43:46 2025]
Finished job 3.
1 of 30 steps (3%) done
Select jobs to execute...

[Thu Jul 17 14:43:46 2025]
rule process_community_data:
    input: simulation_data/xfig2/s1/s1/n_pop_log_log.csv
    output: simulation_data/xfig2/s1/s1/sign_ajd_res_log.csv
    jobid: 2
    reason: Missing output files: simulation_data/xfig2/s1/s1/sign_ajd_res_log.csv; Input files updated by another job: simulation_data/xfig2/s1/s1/n_pop_log_log.csv
    wildcards: experiment=xfig2, treatment=s1, simulation=s1
    resources: tmpdir=/tmp

[Thu Jul 17 14:43:51 2025]
Finished job 2.
2 of 30 steps (7%) done
Select jobs to execute...

[Thu Jul 17 14:43:51 2025]
rule analyse_simulations:
    input: simulation_data/xfig2/s1/s1/sign_ajd_res_log.csv
    output: simulation_data/xfig2/s1/s1/infm_res.csv, simulation_data/xfig2/s1/s1/full_res.csv
    jobid: 1
    reason: Missing output files: simulation_data/xfig2/s1/s1/infm_res.csv; Input files updated by another job: simulation_data/xfig2/s1/s1/sign_ajd_res_log.csv
    wildcards: experiment=xfig2, treatment=s1, simulation=s1
    resources: tmpdir=/tmp

[Thu Jul 17 14:43:53 2025]
Finished job 1.
3 of 30 steps (10%) done
[Thu Jul 17 14:44:25 2025]
Finished job 12.
4 of 30 steps (13%) done
Select jobs to execute...

[Thu Jul 17 14:44:25 2025]
rule process_community_data:
    input: simulation_data/xfig5/nw_c2/nw_c2/n_pop_log_log.csv
    output: simulation_data/xfig5/nw_c2/nw_c2/sign_ajd_res_log.csv
    jobid: 16
    reason: Missing output files: simulation_data/xfig5/nw_c2/nw_c2/sign_ajd_res_log.csv; Input files updated by another job: simulation_data/xfig5/nw_c2/nw_c2/n_pop_log_log.csv
    wildcards: experiment=xfig5, treatment=nw_c2, simulation=nw_c2
    resources: tmpdir=/tmp


[Thu Jul 17 14:44:25 2025]
rule process_community_data:
    input: simulation_data/xfig5/nw_c1/nw_c1/n_pop_log_log.csv
    output: simulation_data/xfig5/nw_c1/nw_c1/sign_ajd_res_log.csv
    jobid: 14
    reason: Missing output files: simulation_data/xfig5/nw_c1/nw_c1/sign_ajd_res_log.csv; Input files updated by another job: simulation_data/xfig5/nw_c1/nw_c1/n_pop_log_log.csv
    wildcards: experiment=xfig5, treatment=nw_c1, simulation=nw_c1
    resources: tmpdir=/tmp


[Thu Jul 17 14:44:25 2025]
rule process_community_data:
    input: simulation_data/xfig5/nw_s1/nw_s1/n_pop_log_log.csv
    output: simulation_data/xfig5/nw_s1/nw_s1/sign_ajd_res_log.csv
    jobid: 11
    reason: Missing output files: simulation_data/xfig5/nw_s1/nw_s1/sign_ajd_res_log.csv; Input files updated by another job: simulation_data/xfig5/nw_s1/nw_s1/n_pop_log_log.csv
    wildcards: experiment=xfig5, treatment=nw_s1, simulation=nw_s1
    resources: tmpdir=/tmp

[Thu Jul 17 14:44:30 2025]
Finished job 16.
5 of 30 steps (17%) done
Select jobs to execute...

[Thu Jul 17 14:44:30 2025]
rule analyse_simulations:
    input: simulation_data/xfig5/nw_c2/nw_c2/sign_ajd_res_log.csv
    output: simulation_data/xfig5/nw_c2/nw_c2/infm_res.csv, simulation_data/xfig5/nw_c2/nw_c2/full_res.csv
    jobid: 15
    reason: Missing output files: simulation_data/xfig5/nw_c2/nw_c2/infm_res.csv; Input files updated by another job: simulation_data/xfig5/nw_c2/nw_c2/sign_ajd_res_log.csv
    wildcards: experiment=xfig5, treatment=nw_c2, simulation=nw_c2
    resources: tmpdir=/tmp

[Thu Jul 17 14:44:30 2025]
Finished job 11.
6 of 30 steps (20%) done
[Thu Jul 17 14:44:30 2025]
Finished job 14.
7 of 30 steps (23%) done
Select jobs to execute...

[Thu Jul 17 14:44:30 2025]
rule analyse_simulations:
    input: simulation_data/xfig5/nw_s1/nw_s1/sign_ajd_res_log.csv
    output: simulation_data/xfig5/nw_s1/nw_s1/infm_res.csv, simulation_data/xfig5/nw_s1/nw_s1/full_res.csv
    jobid: 10
    reason: Missing output files: simulation_data/xfig5/nw_s1/nw_s1/infm_res.csv; Input files updated by another job: simulation_data/xfig5/nw_s1/nw_s1/sign_ajd_res_log.csv
    wildcards: experiment=xfig5, treatment=nw_s1, simulation=nw_s1
    resources: tmpdir=/tmp


[Thu Jul 17 14:44:30 2025]
rule analyse_simulations:
    input: simulation_data/xfig5/nw_c1/nw_c1/sign_ajd_res_log.csv
    output: simulation_data/xfig5/nw_c1/nw_c1/infm_res.csv, simulation_data/xfig5/nw_c1/nw_c1/full_res.csv
    jobid: 13
    reason: Missing output files: simulation_data/xfig5/nw_c1/nw_c1/infm_res.csv; Input files updated by another job: simulation_data/xfig5/nw_c1/nw_c1/sign_ajd_res_log.csv
    wildcards: experiment=xfig5, treatment=nw_c1, simulation=nw_c1
    resources: tmpdir=/tmp

[Thu Jul 17 14:44:32 2025]
Finished job 15.
8 of 30 steps (27%) done
[Thu Jul 17 14:44:32 2025]
Finished job 10.
9 of 30 steps (30%) done
[Thu Jul 17 14:44:32 2025]
Finished job 13.
10 of 30 steps (33%) done
[Thu Jul 17 14:44:39 2025]
Finished job 6.
11 of 30 steps (37%) done
Select jobs to execute...

[Thu Jul 17 14:44:39 2025]
rule process_community_data:
    input: simulation_data/xfig3/rc1/radius_0.05/n_pop_log_log.csv
    output: simulation_data/xfig3/rc1/radius_0.05/sign_ajd_res_log.csv
    jobid: 5
    reason: Missing output files: simulation_data/xfig3/rc1/radius_0.05/sign_ajd_res_log.csv; Input files updated by another job: simulation_data/xfig3/rc1/radius_0.05/n_pop_log_log.csv
    wildcards: experiment=xfig3, treatment=rc1, simulation=radius_0.05
    resources: tmpdir=/tmp

[Thu Jul 17 14:44:44 2025]
Finished job 5.
12 of 30 steps (40%) done
Select jobs to execute...

[Thu Jul 17 14:44:44 2025]
rule analyse_simulations:
    input: simulation_data/xfig3/rc1/radius_0.05/sign_ajd_res_log.csv
    output: simulation_data/xfig3/rc1/radius_0.05/infm_res.csv, simulation_data/xfig3/rc1/radius_0.05/full_res.csv
    jobid: 4
    reason: Missing output files: simulation_data/xfig3/rc1/radius_0.05/infm_res.csv; Input files updated by another job: simulation_data/xfig3/rc1/radius_0.05/sign_ajd_res_log.csv
    wildcards: experiment=xfig3, treatment=rc1, simulation=radius_0.05
    resources: tmpdir=/tmp

[Thu Jul 17 14:44:45 2025]
Finished job 4.
13 of 30 steps (43%) done
[Thu Jul 17 14:50:25 2025]
Finished job 9.
14 of 30 steps (47%) done
Select jobs to execute...

[Thu Jul 17 14:50:25 2025]
rule wait_for_experiments_to_finish:
    input: simulation_data/xfig2/s1/s1/n_pop_log_log.csv, simulation_data/xfig3/rc1/radius_0.05/n_pop_log_log.csv, simulation_data/xfig4/rc1/rc1/n_pop_log_log.csv, simulation_data/xfig5/nw_s1/nw_s1/n_pop_log_log.csv, simulation_data/xfig5/nw_c1/nw_c1/n_pop_log_log.csv, simulation_data/xfig5/nw_c2/nw_c2/n_pop_log_log.csv
    output: .experiments_done
    jobid: 20
    reason: Missing output files: .experiments_done; Input files updated by another job: simulation_data/xfig5/nw_s1/nw_s1/n_pop_log_log.csv, simulation_data/xfig5/nw_c1/nw_c1/n_pop_log_log.csv, simulation_data/xfig2/s1/s1/n_pop_log_log.csv, simulation_data/xfig5/nw_c2/nw_c2/n_pop_log_log.csv, simulation_data/xfig4/rc1/rc1/n_pop_log_log.csv, simulation_data/xfig3/rc1/radius_0.05/n_pop_log_log.csv
    resources: tmpdir=/tmp


[Thu Jul 17 14:50:25 2025]
rule process_community_data:
    input: simulation_data/xfig4/rc1/rc1/n_pop_log_log.csv
    output: simulation_data/xfig4/rc1/rc1/sign_ajd_res_log.csv
    jobid: 8
    reason: Missing output files: simulation_data/xfig4/rc1/rc1/sign_ajd_res_log.csv; Input files updated by another job: simulation_data/xfig4/rc1/rc1/n_pop_log_log.csv
    wildcards: experiment=xfig4, treatment=rc1, simulation=rc1
    resources: tmpdir=/tmp

[Thu Jul 17 14:50:25 2025]
Finished job 20.
15 of 30 steps (50%) done
Select jobs to execute...

[Thu Jul 17 14:50:25 2025]
rule clone_simulation_data:
    input: .experiments_done, simulation_data/xfig4/rc1/rc1/n_pop_log_log.csv
    output: simulation_data/xfig4/rc1_noise/noise_0.25/n_pop_log_log.csv
    jobid: 26
    reason: Missing output files: simulation_data/xfig4/rc1_noise/noise_0.25/n_pop_log_log.csv; Input files updated by another job: .experiments_done, simulation_data/xfig4/rc1/rc1/n_pop_log_log.csv
    wildcards: experiment=xfig4, treatment=rc1_noise, simulation=noise_0.25
    resources: tmpdir=/tmp

[Thu Jul 17 14:50:25 2025]
rule clone_simulation_data:
    input: .experiments_done, simulation_data/xfig4/rc1/rc1/n_pop_log_log.csv
    output: simulation_data/xfig4/rc1_unequal/rc1_unequal/n_pop_log_log.csv
    jobid: 29
    reason: Missing output files: simulation_data/xfig4/rc1_unequal/rc1_unequal/n_pop_log_log.csv; Input files updated by another job: .experiments_done, simulation_data/xfig4/rc1/rc1/n_pop_log_log.csv
    wildcards: experiment=xfig4, treatment=rc1_unequal, simulation=rc1_unequal
    resources: tmpdir=/tmp

[Thu Jul 17 14:50:25 2025]
rule clone_simulation_data:
    input: .experiments_done, simulation_data/xfig3/rc1/radius_0.05/n_pop_log_log.csv
    output: simulation_data/xfig3/rc1_noise/radius_0.05__noise0.1/n_pop_log_log.csv
    jobid: 23
    reason: Missing output files: simulation_data/xfig3/rc1_noise/radius_0.05__noise0.1/n_pop_log_log.csv; Input files updated by another job: .experiments_done, simulation_data/xfig3/rc1/radius_0.05/n_pop_log_log.csv
    wildcards: experiment=xfig3, treatment=rc1_noise, simulation=radius_0.05__noise0.1
    resources: tmpdir=/tmp

[Thu Jul 17 14:50:25 2025]
rule clone_simulation_data:
    input: .experiments_done, simulation_data/xfig2/s1/s1/n_pop_log_log.csv
    output: simulation_data/xfig2/s4/s4/n_pop_log_log.csv
    jobid: 19
    reason: Missing output files: simulation_data/xfig2/s4/s4/n_pop_log_log.csv; Input files updated by another job: .experiments_done, simulation_data/xfig2/s1/s1/n_pop_log_log.csv
    wildcards: experiment=xfig2, treatment=s4, simulation=s4
    resources: tmpdir=/tmp

[Thu Jul 17 14:50:38 2025]
Finished job 8.
16 of 30 steps (53%) done
Shutting down, this might take some time.
Exiting because a job execution failed. Look above for error message
Complete log: .snakemake/log/2025-07-17T144327.397880.snakemake.log
