Building DAG of jobs...
Using shell: /usr/bin/bash
Provided cores: 6
Rules claiming more threads will be scaled down.
Job stats:
job        count
-------  -------
all            1
clone          4
process        5
total         10

Select jobs to execute...

[Fri Jul 18 14:35:03 2025]
rule process:
    input: simulation_data/xfig4/rc1/rc1/n_pop_log_log.csv
    output: simulation_data/xfig4/rc1/rc1/sign_ajd_res_log.csv
    jobid: 13
    reason: Missing output files: simulation_data/xfig4/rc1/rc1/sign_ajd_res_log.csv
    wildcards: exp=xfig4, tr=rc1, sim=rc1
    resources: tmpdir=/tmp


[Fri Jul 18 14:35:03 2025]
rule clone:
    input: simulation_data/xfig4/rc1/rc1/n_pop_log_log.csv
    output: simulation_data/xfig4/rc1_unequal/rc1_unequal/n_pop_log_log.csv, simulation_data/xfig4/rc1_unequal/rc1_unequal/.cloned
    jobid: 10
    reason: Missing output files: simulation_data/xfig4/rc1_unequal/rc1_unequal/n_pop_log_log.csv, simulation_data/xfig4/rc1_unequal/rc1_unequal/.cloned
    wildcards: exp=xfig4, tr=rc1_unequal, sim=rc1_unequal
    resources: tmpdir=/tmp

[Fri Jul 18 14:35:03 2025]
rule clone:
    input: simulation_data/xfig4/rc1/rc1/n_pop_log_log.csv
    output: simulation_data/xfig4/rc1_noise/noise_0.25/n_pop_log_log.csv, simulation_data/xfig4/rc1_noise/noise_0.25/.cloned
    jobid: 9
    reason: Missing output files: simulation_data/xfig4/rc1_noise/noise_0.25/.cloned, simulation_data/xfig4/rc1_noise/noise_0.25/n_pop_log_log.csv
    wildcards: exp=xfig4, tr=rc1_noise, sim=noise_0.25
    resources: tmpdir=/tmp

[Fri Jul 18 14:35:03 2025]
rule clone:
    input: simulation_data/xfig3/rc1/radius_0.05/n_pop_log_log.csv
    output: simulation_data/xfig3/rc1_noise/radius_0.05__noise0.1/n_pop_log_log.csv, simulation_data/xfig3/rc1_noise/radius_0.05__noise0.1/.cloned
    jobid: 8
    reason: Missing output files: simulation_data/xfig3/rc1_noise/radius_0.05__noise0.1/.cloned, simulation_data/xfig3/rc1_noise/radius_0.05__noise0.1/n_pop_log_log.csv
    wildcards: exp=xfig3, tr=rc1_noise, sim=radius_0.05__noise0.1
    resources: tmpdir=/tmp

[Fri Jul 18 14:35:03 2025]
rule clone:
    input: simulation_data/xfig2/s1/s1/n_pop_log_log.csv
    output: simulation_data/xfig2/s4/s4/n_pop_log_log.csv, simulation_data/xfig2/s4/s4/.cloned
    jobid: 7
    reason: Missing output files: simulation_data/xfig2/s4/s4/n_pop_log_log.csv, simulation_data/xfig2/s4/s4/.cloned
    wildcards: exp=xfig2, tr=s4, sim=s4
    resources: tmpdir=/tmp

[Fri Jul 18 14:35:10 2025]
Error in rule process:
    jobid: 13
    input: simulation_data/xfig4/rc1/rc1/n_pop_log_log.csv
    output: simulation_data/xfig4/rc1/rc1/sign_ajd_res_log.csv
    shell:
        
        Rscript analysis_scripts/process_composite_fixed.R             xfig4 rc1 rc1 "--noise=0"
        
        (one of the commands exited with non-zero exit code; note that snakemake uses bash strict mode!)

Shutting down, this might take some time.
Exiting because a job execution failed. Look above for error message
Complete log: .snakemake/log/2025-07-18T143502.834936.snakemake.log
