host: beepboop
Building DAG of jobs...
Using shell: /usr/bin/bash
Provided cores: 3
Rules claiming more threads will be scaled down.
Job stats:
job                          count
-------------------------  -------
all                              1
collecting_treatment_data        1
plot_fig2                        1
processing_community_data        4
simulate_community_data          4
total                           11

Select jobs to execute...
Execute 3 jobs...

[Fri Feb 28 09:24:55 2025]
localrule simulate_community_data:
    output: Result_master_dir/Fig3/rc1/done_simulation.txt
    jobid: 20
    reason: Missing output files: Result_master_dir/Fig3/rc1/done_simulation.txt
    wildcards: exp=Fig3, treatment=rc1
    resources: tmpdir=/tmp


[Fri Feb 28 09:24:55 2025]
localrule simulate_community_data:
    output: Result_master_dir/Fig3/rs3/done_simulation.txt
    jobid: 26
    reason: Missing output files: Result_master_dir/Fig3/rs3/done_simulation.txt
    wildcards: exp=Fig3, treatment=rs3
    resources: tmpdir=/tmp


[Fri Feb 28 09:24:55 2025]
localrule simulate_community_data:
    output: Result_master_dir/Fig3/rs2/done_simulation.txt
    jobid: 24
    reason: Missing output files: Result_master_dir/Fig3/rs2/done_simulation.txt
    wildcards: exp=Fig3, treatment=rs2
    resources: tmpdir=/tmp

[Fri Feb 28 09:25:11 2025]
Finished job 26.
1 of 11 steps (9%) done
Select jobs to execute...
Execute 1 jobs...

[Fri Feb 28 09:25:12 2025]
localrule processing_community_data:
    input: Result_master_dir/Fig3/rs3/done_simulation.txt
    output: Result_master_dir/Fig3/rs3/done_processing.txt
    jobid: 25
    reason: Missing output files: Result_master_dir/Fig3/rs3/done_processing.txt; Input files updated by another job: Result_master_dir/Fig3/rs3/done_simulation.txt
    wildcards: exp=Fig3, treatment=rs3
    resources: tmpdir=/tmp

[Fri Feb 28 09:25:12 2025]
Finished job 24.
2 of 11 steps (18%) done
Select jobs to execute...
Execute 1 jobs...

[Fri Feb 28 09:25:12 2025]
localrule simulate_community_data:
    output: Result_master_dir/Fig3/rs1/done_simulation.txt
    jobid: 22
    reason: Missing output files: Result_master_dir/Fig3/rs1/done_simulation.txt
    wildcards: exp=Fig3, treatment=rs1
    resources: tmpdir=/tmp

[Fri Feb 28 09:25:18 2025]
Finished job 20.
3 of 11 steps (27%) done
Select jobs to execute...
Execute 1 jobs...

[Fri Feb 28 09:25:18 2025]
localrule processing_community_data:
    input: Result_master_dir/Fig3/rc1/done_simulation.txt
    output: Result_master_dir/Fig3/rc1/done_processing.txt
    jobid: 19
    reason: Missing output files: Result_master_dir/Fig3/rc1/done_processing.txt; Input files updated by another job: Result_master_dir/Fig3/rc1/done_simulation.txt
    wildcards: exp=Fig3, treatment=rc1
    resources: tmpdir=/tmp

[Fri Feb 28 09:25:19 2025]
Finished job 25.
4 of 11 steps (36%) done
Select jobs to execute...
Execute 1 jobs...

[Fri Feb 28 09:25:19 2025]
localrule processing_community_data:
    input: Result_master_dir/Fig3/rs2/done_simulation.txt
    output: Result_master_dir/Fig3/rs2/done_processing.txt
    jobid: 23
    reason: Missing output files: Result_master_dir/Fig3/rs2/done_processing.txt; Input files updated by another job: Result_master_dir/Fig3/rs2/done_simulation.txt
    wildcards: exp=Fig3, treatment=rs2
    resources: tmpdir=/tmp

[Fri Feb 28 09:25:26 2025]
Finished job 19.
5 of 11 steps (45%) done
[Fri Feb 28 09:25:27 2025]
Finished job 23.
6 of 11 steps (55%) done
[Fri Feb 28 09:25:36 2025]
Finished job 22.
7 of 11 steps (64%) done
Select jobs to execute...
Execute 1 jobs...

[Fri Feb 28 09:25:36 2025]
localrule processing_community_data:
    input: Result_master_dir/Fig3/rs1/done_simulation.txt
    output: Result_master_dir/Fig3/rs1/done_processing.txt
    jobid: 21
    reason: Missing output files: Result_master_dir/Fig3/rs1/done_processing.txt; Input files updated by another job: Result_master_dir/Fig3/rs1/done_simulation.txt
    wildcards: exp=Fig3, treatment=rs1
    resources: tmpdir=/tmp

[Fri Feb 28 09:25:41 2025]
Finished job 21.
8 of 11 steps (73%) done
Select jobs to execute...
Execute 1 jobs...

[Fri Feb 28 09:25:41 2025]
localrule collecting_treatment_data:
    input: Result_master_dir/Fig3/rc1/done_processing.txt, Result_master_dir/Fig3/rs1/done_processing.txt, Result_master_dir/Fig3/rs2/done_processing.txt, Result_master_dir/Fig3/rs3/done_processing.txt
    output: Result_master_dir/Fig3/done_collecting.txt
    jobid: 18
    reason: Missing output files: Result_master_dir/Fig3/done_collecting.txt; Input files updated by another job: Result_master_dir/Fig3/rs2/done_processing.txt, Result_master_dir/Fig3/rs1/done_processing.txt, Result_master_dir/Fig3/rs3/done_processing.txt, Result_master_dir/Fig3/rc1/done_processing.txt
    wildcards: exp=Fig3
    resources: tmpdir=/tmp

[Fri Feb 28 09:25:41 2025]
Finished job 18.
9 of 11 steps (82%) done
Select jobs to execute...
Execute 1 jobs...

[Fri Feb 28 09:25:41 2025]
localrule plot_fig2:
    input: Result_master_dir/Fig3/done_collecting.txt
    output: Result_master_dir/Fig3/done_plotting.txt
    jobid: 17
    reason: Missing output files: Result_master_dir/Fig3/done_plotting.txt; Input files updated by another job: Result_master_dir/Fig3/done_collecting.txt
    wildcards: exp=Fig3
    resources: tmpdir=/tmp

[Fri Feb 28 09:25:41 2025]
Error in rule plot_fig2:
    jobid: 17
    input: Result_master_dir/Fig3/done_collecting.txt
    output: Result_master_dir/Fig3/done_plotting.txt
    shell:
        
        Rscript simulation_code/plotFig.R /home/swani/Documents/computational_research_tools/homework4/SAMSARA Fig3 
        touch Result_master_dir/Fig3/done_plotting.txt
        
        (one of the commands exited with non-zero exit code; note that snakemake uses bash strict mode!)

Shutting down, this might take some time.
Exiting because a job execution failed. Look above for error message
Complete log: .snakemake/log/2025-02-28T092454.852635.snakemake.log
WorkflowError:
At least one job did not complete successfully.
