Building DAG of jobs...
File path simulation_data/xfig2/s1/s1//sign_ajd_res_log.csv contains double '/'. This is likely unintended. It can also lead to inconsistent results of the file-matching approach used by Snakemake.
File path simulation_data/xfig3/rc1/radius_0.05//sign_ajd_res_log.csv contains double '/'. This is likely unintended. It can also lead to inconsistent results of the file-matching approach used by Snakemake.
File path simulation_data/xfig4/rc1/rc1//sign_ajd_res_log.csv contains double '/'. This is likely unintended. It can also lead to inconsistent results of the file-matching approach used by Snakemake.
File path simulation_data/xfig5/nw_s1/nw_s1//sign_ajd_res_log.csv contains double '/'. This is likely unintended. It can also lead to inconsistent results of the file-matching approach used by Snakemake.
File path simulation_data/xfig5/nw_c1/nw_c1//sign_ajd_res_log.csv contains double '/'. This is likely unintended. It can also lead to inconsistent results of the file-matching approach used by Snakemake.
File path simulation_data/xfig5/nw_c2/nw_c2//sign_ajd_res_log.csv contains double '/'. This is likely unintended. It can also lead to inconsistent results of the file-matching approach used by Snakemake.
File path simulation_data/xfig2/s4/s4//sign_ajd_res_log.csv contains double '/'. This is likely unintended. It can also lead to inconsistent results of the file-matching approach used by Snakemake.
File path simulation_data/xfig3/rc1_noise/radius_0.05__noise0.1//sign_ajd_res_log.csv contains double '/'. This is likely unintended. It can also lead to inconsistent results of the file-matching approach used by Snakemake.
File path simulation_data/xfig4/rc1_noise/noise_0.25//sign_ajd_res_log.csv contains double '/'. This is likely unintended. It can also lead to inconsistent results of the file-matching approach used by Snakemake.
File path simulation_data/xfig4/rc1_unequal/rc1_unequal//sign_ajd_res_log.csv contains double '/'. This is likely unintended. It can also lead to inconsistent results of the file-matching approach used by Snakemake.
File path simulation_data/xfig2/s1/s1//.simulated contains double '/'. This is likely unintended. It can also lead to inconsistent results of the file-matching approach used by Snakemake.
File path simulation_data/xfig2/s1/s1//n_pop_log_log.csv contains double '/'. This is likely unintended. It can also lead to inconsistent results of the file-matching approach used by Snakemake.
File path simulation_data/xfig2/s1/s1//sign_ajd_res_log.csv contains double '/'. This is likely unintended. It can also lead to inconsistent results of the file-matching approach used by Snakemake.
InputFunctionException in rule simulate in file /mnt/share/PROJECTS/SomSOM/Step_III/SAMSARA/Snakefile.smk, line 44:
Error:
  KeyError: 'Not an experiment: xfig2 s1 s1/'
Wildcards:
  exp=xfig2
  tr=s1
  sim=s1/
Traceback:
  File "/mnt/share/PROJECTS/SomSOM/Step_III/SAMSARA/Snakefile.smk", line 53, in <lambda>
  File "/mnt/share/PROJECTS/SomSOM/Step_III/SAMSARA/Snakefile.smk", line 53, in <genexpr>
