Building DAG of jobs...
Using shell: /usr/bin/bash
Provided cores: 6
Rules claiming more threads will be scaled down.
Job stats:
job                         count
------------------------  -------
all                             1
clone                           4
generate_simulation_data        6
total                          11

Select jobs to execute...

[Fri Jul 18 10:02:10 2025]
rule generate_simulation_data:
    output: simulation_data/xfig5/nw_c2/nw_c2/n_pop_log_log.csv
    jobid: 6
    reason: Missing output files: simulation_data/xfig5/nw_c2/nw_c2/n_pop_log_log.csv
    wildcards: experiment=xfig5, treatment=nw_c2, simulation=nw_c2
    resources: tmpdir=/tmp

[Fri Jul 18 10:02:11 2025]
rule generate_simulation_data:
    output: simulation_data/xfig3/rc1/radius_0.05/n_pop_log_log.csv
    jobid: 2
    reason: Missing output files: simulation_data/xfig3/rc1/radius_0.05/n_pop_log_log.csv
    wildcards: experiment=xfig3, treatment=rc1, simulation=radius_0.05
    resources: tmpdir=/tmp

[Fri Jul 18 10:02:11 2025]
rule generate_simulation_data:
    output: simulation_data/xfig5/nw_c1/nw_c1/n_pop_log_log.csv
    jobid: 5
    reason: Missing output files: simulation_data/xfig5/nw_c1/nw_c1/n_pop_log_log.csv
    wildcards: experiment=xfig5, treatment=nw_c1, simulation=nw_c1
    resources: tmpdir=/tmp

[Fri Jul 18 10:02:11 2025]
rule generate_simulation_data:
    output: simulation_data/xfig2/s1/s1/n_pop_log_log.csv
    jobid: 1
    reason: Missing output files: simulation_data/xfig2/s1/s1/n_pop_log_log.csv
    wildcards: experiment=xfig2, treatment=s1, simulation=s1
    resources: tmpdir=/tmp

[Fri Jul 18 10:02:11 2025]
rule generate_simulation_data:
    output: simulation_data/xfig5/nw_s1/nw_s1/n_pop_log_log.csv
    jobid: 4
    reason: Missing output files: simulation_data/xfig5/nw_s1/nw_s1/n_pop_log_log.csv
    wildcards: experiment=xfig5, treatment=nw_s1, simulation=nw_s1
    resources: tmpdir=/tmp

[Fri Jul 18 10:02:11 2025]
rule generate_simulation_data:
    output: simulation_data/xfig4/rc1/rc1/n_pop_log_log.csv
    jobid: 3
    reason: Missing output files: simulation_data/xfig4/rc1/rc1/n_pop_log_log.csv
    wildcards: experiment=xfig4, treatment=rc1, simulation=rc1
    resources: tmpdir=/tmp

[Fri Jul 18 10:02:32 2025]
Finished job 1.
1 of 11 steps (9%) done
Select jobs to execute...

[Fri Jul 18 10:02:32 2025]
rule clone:
    input: simulation_data/xfig2/s1/s1/n_pop_log_log.csv
    output: simulation_data/xfig2/s4/s4/n_pop_log_log.csv
    jobid: 7
    reason: Missing output files: simulation_data/xfig2/s4/s4/n_pop_log_log.csv; Input files updated by another job: simulation_data/xfig2/s1/s1/n_pop_log_log.csv
    wildcards: exp=xfig2, tr=s4, sim=s4
    resources: tmpdir=/tmp

[Fri Jul 18 10:03:15 2025]
Finished job 5.
2 of 11 steps (18%) done
[Fri Jul 18 10:03:16 2025]
Finished job 6.
3 of 11 steps (27%) done
[Fri Jul 18 10:03:19 2025]
Finished job 4.
4 of 11 steps (36%) done
[Fri Jul 18 10:03:29 2025]
Finished job 2.
5 of 11 steps (45%) done
[Fri Jul 18 10:08:42 2025]
Finished job 3.
6 of 11 steps (55%) done
Shutting down, this might take some time.
Exiting because a job execution failed. Look above for error message
Complete log: .snakemake/log/2025-07-18T100209.715000.snakemake.log
