Building DAG of jobs...
Using shell: /usr/bin/bash
Provided cores: 6
Rules claiming more threads will be scaled down.
Job stats:
job                         count
------------------------  -------
all                             1
analyse_simulations             3
compile_data                    3
generate_simulation_data        3
process_community_data          3
total                          13

Select jobs to execute...

[Wed Jul 16 15:11:13 2025]
rule generate_simulation_data:
    output: simulation_data/xfig3/rc1/radius_0.05/n_pop_log_log.csv
    jobid: 8
    reason: Code has changed since last execution
    wildcards: experiment=xfig3, treatment=rc1, simulation=radius_0.05
    resources: tmpdir=/tmp

[Wed Jul 16 15:11:13 2025]
rule generate_simulation_data:
    output: simulation_data/xfig4/rc1/rc1/n_pop_log_log.csv
    jobid: 12
    reason: Code has changed since last execution
    wildcards: experiment=xfig4, treatment=rc1, simulation=rc1
    resources: tmpdir=/tmp

[Wed Jul 16 15:11:13 2025]
rule generate_simulation_data:
    output: simulation_data/xfig2/s1/s1/n_pop_log_log.csv
    jobid: 4
    reason: Code has changed since last execution
    wildcards: experiment=xfig2, treatment=s1, simulation=s1
    resources: tmpdir=/tmp

[Wed Jul 16 15:11:32 2025]
Finished job 4.
1 of 13 steps (8%) done
Select jobs to execute...

[Wed Jul 16 15:11:32 2025]
rule process_community_data:
    input: simulation_data/xfig2/s1/s1/n_pop_log_log.csv
    output: simulation_data/xfig2/s1/s1/sign_ajd_res_log.csv
    jobid: 3
    reason: Input files updated by another job: simulation_data/xfig2/s1/s1/n_pop_log_log.csv
    wildcards: experiment=xfig2, treatment=s1, simulation=s1
    resources: tmpdir=/tmp

[Wed Jul 16 15:11:37 2025]
Finished job 3.
2 of 13 steps (15%) done
Select jobs to execute...

[Wed Jul 16 15:11:37 2025]
rule analyse_simulations:
    input: simulation_data/xfig2/s1/s1/sign_ajd_res_log.csv
    output: simulation_data/xfig2/s1/s1/infm_res.csv, simulation_data/xfig2/s1/s1/full_res.csv
    jobid: 2
    reason: Input files updated by another job: simulation_data/xfig2/s1/s1/sign_ajd_res_log.csv
    wildcards: experiment=xfig2, treatment=s1, simulation=s1
    resources: tmpdir=/tmp

[Wed Jul 16 15:11:38 2025]
Finished job 2.
3 of 13 steps (23%) done
Select jobs to execute...

[Wed Jul 16 15:11:38 2025]
rule compile_data:
    input: simulation_data/xfig2/s1/s1/infm_res.csv, simulation_data/xfig2/s1/s1/full_res.csv
    output: analysis_data/xfig2/infm_res_compiled.csv, analysis_data/xfig2/full_res_compiled.csv
    jobid: 1
    reason: Input files updated by another job: simulation_data/xfig2/s1/s1/infm_res.csv, simulation_data/xfig2/s1/s1/full_res.csv
    wildcards: experiment=xfig2
    resources: tmpdir=/tmp

[Wed Jul 16 15:11:38 2025]
Finished job 1.
4 of 13 steps (31%) done
[Wed Jul 16 15:12:20 2025]
Finished job 8.
5 of 13 steps (38%) done
Select jobs to execute...

[Wed Jul 16 15:12:20 2025]
rule process_community_data:
    input: simulation_data/xfig3/rc1/radius_0.05/n_pop_log_log.csv
    output: simulation_data/xfig3/rc1/radius_0.05/sign_ajd_res_log.csv
    jobid: 7
    reason: Input files updated by another job: simulation_data/xfig3/rc1/radius_0.05/n_pop_log_log.csv
    wildcards: experiment=xfig3, treatment=rc1, simulation=radius_0.05
    resources: tmpdir=/tmp

[Wed Jul 16 15:12:24 2025]
Finished job 7.
6 of 13 steps (46%) done
Select jobs to execute...

[Wed Jul 16 15:12:24 2025]
rule analyse_simulations:
    input: simulation_data/xfig3/rc1/radius_0.05/sign_ajd_res_log.csv
    output: simulation_data/xfig3/rc1/radius_0.05/infm_res.csv, simulation_data/xfig3/rc1/radius_0.05/full_res.csv
    jobid: 6
    reason: Input files updated by another job: simulation_data/xfig3/rc1/radius_0.05/sign_ajd_res_log.csv
    wildcards: experiment=xfig3, treatment=rc1, simulation=radius_0.05
    resources: tmpdir=/tmp

[Wed Jul 16 15:12:26 2025]
Finished job 6.
7 of 13 steps (54%) done
Select jobs to execute...

[Wed Jul 16 15:12:26 2025]
rule compile_data:
    input: simulation_data/xfig3/rc1/radius_0.05/infm_res.csv, simulation_data/xfig3/rc1/radius_0.05/full_res.csv
    output: analysis_data/xfig3/infm_res_compiled.csv, analysis_data/xfig3/full_res_compiled.csv
    jobid: 5
    reason: Input files updated by another job: simulation_data/xfig3/rc1/radius_0.05/full_res.csv, simulation_data/xfig3/rc1/radius_0.05/infm_res.csv
    wildcards: experiment=xfig3
    resources: tmpdir=/tmp

[Wed Jul 16 15:12:26 2025]
Finished job 5.
8 of 13 steps (62%) done
[Wed Jul 16 15:18:35 2025]
Finished job 12.
9 of 13 steps (69%) done
Select jobs to execute...

[Wed Jul 16 15:18:35 2025]
rule process_community_data:
    input: simulation_data/xfig4/rc1/rc1/n_pop_log_log.csv
    output: simulation_data/xfig4/rc1/rc1/sign_ajd_res_log.csv
    jobid: 11
    reason: Input files updated by another job: simulation_data/xfig4/rc1/rc1/n_pop_log_log.csv
    wildcards: experiment=xfig4, treatment=rc1, simulation=rc1
    resources: tmpdir=/tmp

[Wed Jul 16 15:18:48 2025]
Finished job 11.
10 of 13 steps (77%) done
Select jobs to execute...

[Wed Jul 16 15:18:48 2025]
rule analyse_simulations:
    input: simulation_data/xfig4/rc1/rc1/sign_ajd_res_log.csv
    output: simulation_data/xfig4/rc1/rc1/infm_res.csv, simulation_data/xfig4/rc1/rc1/full_res.csv
    jobid: 10
    reason: Input files updated by another job: simulation_data/xfig4/rc1/rc1/sign_ajd_res_log.csv
    wildcards: experiment=xfig4, treatment=rc1, simulation=rc1
    resources: tmpdir=/tmp

[Wed Jul 16 15:18:50 2025]
Finished job 10.
11 of 13 steps (85%) done
Select jobs to execute...

[Wed Jul 16 15:18:50 2025]
rule compile_data:
    input: simulation_data/xfig4/rc1/rc1/infm_res.csv, simulation_data/xfig4/rc1/rc1/full_res.csv
    output: analysis_data/xfig4/infm_res_compiled.csv, analysis_data/xfig4/full_res_compiled.csv
    jobid: 9
    reason: Input files updated by another job: simulation_data/xfig4/rc1/rc1/full_res.csv, simulation_data/xfig4/rc1/rc1/infm_res.csv
    wildcards: experiment=xfig4
    resources: tmpdir=/tmp

[Wed Jul 16 15:18:50 2025]
Finished job 9.
12 of 13 steps (92%) done
Select jobs to execute...

[Wed Jul 16 15:18:50 2025]
localrule all:
    input: analysis_data/xfig2/infm_res_compiled.csv, analysis_data/xfig3/infm_res_compiled.csv, analysis_data/xfig4/infm_res_compiled.csv, analysis_data/xfig5/infm_res_compiled.csv, analysis_data/xfig2/full_res_compiled.csv, analysis_data/xfig3/full_res_compiled.csv, analysis_data/xfig4/full_res_compiled.csv, analysis_data/xfig5/full_res_compiled.csv
    jobid: 0
    reason: Input files updated by another job: analysis_data/xfig2/full_res_compiled.csv, analysis_data/xfig3/infm_res_compiled.csv, analysis_data/xfig4/full_res_compiled.csv, analysis_data/xfig3/full_res_compiled.csv, analysis_data/xfig4/infm_res_compiled.csv, analysis_data/xfig2/infm_res_compiled.csv
    resources: tmpdir=/tmp

Waiting at most 30 seconds for missing files.
