Building DAG of jobs...
Using shell: /usr/bin/bash
Provided cores: 6
Rules claiming more threads will be scaled down.
Job stats:
job                        count
-----------------------  -------
all                            1
process_community_data         9
simulate_community_data        5
total                         15

Select jobs to execute...

[Wed Jul 16 11:05:25 2025]
rule process_community_data:
    input: simulation_data/xfig5/nw_s1/nw_s1/n_pop_log_log.csv
    output: analysis_data/xfig5/nw_s1/nw_s1/sign_ajd_res_log.csv
    jobid: 7
    reason: Missing output files: analysis_data/xfig5/nw_s1/nw_s1/sign_ajd_res_log.csv
    wildcards: experiment=xfig5, treatment=nw_s1, simulation=nw_s1
    resources: tmpdir=/tmp


[Wed Jul 16 11:05:25 2025]
rule process_community_data:
    input: simulation_data/xfig2/s1/s1/n_pop_log_log.csv
    output: analysis_data/xfig2/s1/s1/sign_ajd_res_log.csv
    jobid: 1
    reason: Missing output files: analysis_data/xfig2/s1/s1/sign_ajd_res_log.csv
    wildcards: experiment=xfig2, treatment=s1, simulation=s1
    resources: tmpdir=/tmp


[Wed Jul 16 11:05:25 2025]
rule simulate_community_data:
    output: simulation_data/xfig2/s4/s4/n_pop_log_log.csv
    jobid: 11
    reason: Missing output files: simulation_data/xfig2/s4/s4/n_pop_log_log.csv
    wildcards: experiment=xfig2, treatment=s4, simulation=s4
    resources: tmpdir=/tmp

[Wed Jul 16 11:05:25 2025]
rule simulate_community_data:
    output: simulation_data/xfig3/rs3_noise/radius_0.05__noise0.1/n_pop_log_log.csv
    jobid: 13
    reason: Missing output files: simulation_data/xfig3/rs3_noise/radius_0.05__noise0.1/n_pop_log_log.csv
    wildcards: experiment=xfig3, treatment=rs3_noise, simulation=radius_0.05__noise0.1
    resources: tmpdir=/tmp

[Wed Jul 16 11:05:25 2025]
rule process_community_data:
    input: simulation_data/xfig5/nw_c1/nw_c1/n_pop_log_log.csv
    output: analysis_data/xfig5/nw_c1/nw_c1/sign_ajd_res_log.csv
    jobid: 9
    reason: Missing output files: analysis_data/xfig5/nw_c1/nw_c1/sign_ajd_res_log.csv
    wildcards: experiment=xfig5, treatment=nw_c1, simulation=nw_c1
    resources: tmpdir=/tmp


[Wed Jul 16 11:05:25 2025]
rule simulate_community_data:
    output: simulation_data/xfig4/rc1_unequal/rc1_unequal/n_pop_log_log.csv
    jobid: 17
    reason: Missing output files: simulation_data/xfig4/rc1_unequal/rc1_unequal/n_pop_log_log.csv
    wildcards: experiment=xfig4, treatment=rc1_unequal, simulation=rc1_unequal
    resources: tmpdir=/tmp

Waiting at most 60 seconds for missing files.
MissingOutputException in rule process_community_data in file /mnt/share/PROJECTS/SomSOM/Step_III/SAMSARA/Snakefile.smk, line 122:
Job 1  completed successfully, but some output files are missing. Missing files after 60 seconds. This might be due to filesystem latency. If that is the case, consider to increase the wait time with --latency-wait:
analysis_data/xfig2/s1/s1/sign_ajd_res_log.csv
Waiting at most 60 seconds for missing files.
MissingOutputException in rule process_community_data in file /mnt/share/PROJECTS/SomSOM/Step_III/SAMSARA/Snakefile.smk, line 122:
Job 9  completed successfully, but some output files are missing. Missing files after 60 seconds. This might be due to filesystem latency. If that is the case, consider to increase the wait time with --latency-wait:
analysis_data/xfig5/nw_c1/nw_c1/sign_ajd_res_log.csv
Waiting at most 60 seconds for missing files.
MissingOutputException in rule process_community_data in file /mnt/share/PROJECTS/SomSOM/Step_III/SAMSARA/Snakefile.smk, line 122:
Job 7  completed successfully, but some output files are missing. Missing files after 60 seconds. This might be due to filesystem latency. If that is the case, consider to increase the wait time with --latency-wait:
analysis_data/xfig5/nw_s1/nw_s1/sign_ajd_res_log.csv
Shutting down, this might take some time.
Exiting because a job execution failed. Look above for error message
Complete log: .snakemake/log/2025-07-16T110524.653609.snakemake.log
