Building DAG of jobs...
Using shell: /usr/bin/bash
Provided cores: 6
Rules claiming more threads will be scaled down.
Job stats:
job                    count
-------------------  -------
all                        1
analyse_simulations       10
total                     11

Select jobs to execute...

[Wed Jul 16 14:08:02 2025]
rule analyse_simulations:
    input: simulation_data/xfig5/nw_c2/nw_c2/sign_ajd_res_log.csv
    output: simulation_data/xfig5/nw_c2/nw_c2/infm_res.csv
    jobid: 15
    reason: Missing output files: simulation_data/xfig5/nw_c2/nw_c2/infm_res.csv
    wildcards: experiment=xfig5, treatment=nw_c2, simulation=nw_c2
    resources: tmpdir=/tmp


[Wed Jul 16 14:08:02 2025]
rule analyse_simulations:
    input: simulation_data/xfig4/rc1_noise/noise_0.25/sign_ajd_res_log.csv
    output: simulation_data/xfig4/rc1_noise/noise_0.25/infm_res.csv
    jobid: 23
    reason: Missing output files: simulation_data/xfig4/rc1_noise/noise_0.25/infm_res.csv
    wildcards: experiment=xfig4, treatment=rc1_noise, simulation=noise_0.25
    resources: tmpdir=/tmp


[Wed Jul 16 14:08:02 2025]
rule analyse_simulations:
    input: simulation_data/xfig3/rc1/radius_0.05/sign_ajd_res_log.csv
    output: simulation_data/xfig3/rc1/radius_0.05/infm_res.csv
    jobid: 4
    reason: Missing output files: simulation_data/xfig3/rc1/radius_0.05/infm_res.csv
    wildcards: experiment=xfig3, treatment=rc1, simulation=radius_0.05
    resources: tmpdir=/tmp


[Wed Jul 16 14:08:02 2025]
rule analyse_simulations:
    input: simulation_data/xfig5/nw_c1/nw_c1/sign_ajd_res_log.csv
    output: simulation_data/xfig5/nw_c1/nw_c1/infm_res.csv
    jobid: 13
    reason: Missing output files: simulation_data/xfig5/nw_c1/nw_c1/infm_res.csv
    wildcards: experiment=xfig5, treatment=nw_c1, simulation=nw_c1
    resources: tmpdir=/tmp


[Wed Jul 16 14:08:02 2025]
rule analyse_simulations:
    input: simulation_data/xfig5/nw_s1/nw_s1/sign_ajd_res_log.csv
    output: simulation_data/xfig5/nw_s1/nw_s1/infm_res.csv
    jobid: 10
    reason: Missing output files: simulation_data/xfig5/nw_s1/nw_s1/infm_res.csv
    wildcards: experiment=xfig5, treatment=nw_s1, simulation=nw_s1
    resources: tmpdir=/tmp


[Wed Jul 16 14:08:02 2025]
rule analyse_simulations:
    input: simulation_data/xfig3/rc1_noise/radius_0.05__noise0.1/sign_ajd_res_log.csv
    output: simulation_data/xfig3/rc1_noise/radius_0.05__noise0.1/infm_res.csv
    jobid: 20
    reason: Missing output files: simulation_data/xfig3/rc1_noise/radius_0.05__noise0.1/infm_res.csv
    wildcards: experiment=xfig3, treatment=rc1_noise, simulation=radius_0.05__noise0.1
    resources: tmpdir=/tmp

[Wed Jul 16 14:08:04 2025]
Error in rule analyse_simulations:
    jobid: 10
    input: simulation_data/xfig5/nw_s1/nw_s1/sign_ajd_res_log.csv
    output: simulation_data/xfig5/nw_s1/nw_s1/infm_res.csv
    shell:
        
        Rscript analysis_scripts/analysis.R xfig5 nw_s1 nw_s1
        
        (one of the commands exited with non-zero exit code; note that snakemake uses bash strict mode!)

Removing output files of failed job analyse_simulations since they might be corrupted:
simulation_data/xfig5/nw_s1/nw_s1/infm_res.csv
[Wed Jul 16 14:08:04 2025]
Error in rule analyse_simulations:
    jobid: 15
    input: simulation_data/xfig5/nw_c2/nw_c2/sign_ajd_res_log.csv
    output: simulation_data/xfig5/nw_c2/nw_c2/infm_res.csv
    shell:
        
        Rscript analysis_scripts/analysis.R xfig5 nw_c2 nw_c2
        
        (one of the commands exited with non-zero exit code; note that snakemake uses bash strict mode!)

[Wed Jul 16 14:08:04 2025]
Error in rule analyse_simulations:
    jobid: 4
    input: simulation_data/xfig3/rc1/radius_0.05/sign_ajd_res_log.csv
    output: simulation_data/xfig3/rc1/radius_0.05/infm_res.csv
    shell:
        
        Rscript analysis_scripts/analysis.R xfig3 rc1 radius_0.05
        
        (one of the commands exited with non-zero exit code; note that snakemake uses bash strict mode!)

[Wed Jul 16 14:08:04 2025]
Error in rule analyse_simulations:
    jobid: 13
    input: simulation_data/xfig5/nw_c1/nw_c1/sign_ajd_res_log.csv
    output: simulation_data/xfig5/nw_c1/nw_c1/infm_res.csv
    shell:
        
        Rscript analysis_scripts/analysis.R xfig5 nw_c1 nw_c1
        
        (one of the commands exited with non-zero exit code; note that snakemake uses bash strict mode!)

[Wed Jul 16 14:08:04 2025]
Error in rule analyse_simulations:
    jobid: 20
    input: simulation_data/xfig3/rc1_noise/radius_0.05__noise0.1/sign_ajd_res_log.csv
    output: simulation_data/xfig3/rc1_noise/radius_0.05__noise0.1/infm_res.csv
    shell:
        
        Rscript analysis_scripts/analysis.R xfig3 rc1_noise radius_0.05__noise0.1
        
        (one of the commands exited with non-zero exit code; note that snakemake uses bash strict mode!)

Removing output files of failed job analyse_simulations since they might be corrupted:
simulation_data/xfig5/nw_c2/nw_c2/infm_res.csv
Removing output files of failed job analyse_simulations since they might be corrupted:
simulation_data/xfig3/rc1/radius_0.05/infm_res.csv
Removing output files of failed job analyse_simulations since they might be corrupted:
simulation_data/xfig5/nw_c1/nw_c1/infm_res.csv
[Wed Jul 16 14:08:04 2025]
Error in rule analyse_simulations:
    jobid: 23
    input: simulation_data/xfig4/rc1_noise/noise_0.25/sign_ajd_res_log.csv
    output: simulation_data/xfig4/rc1_noise/noise_0.25/infm_res.csv
    shell:
        
        Rscript analysis_scripts/analysis.R xfig4 rc1_noise noise_0.25
        
        (one of the commands exited with non-zero exit code; note that snakemake uses bash strict mode!)

Removing output files of failed job analyse_simulations since they might be corrupted:
simulation_data/xfig3/rc1_noise/radius_0.05__noise0.1/infm_res.csv
Removing output files of failed job analyse_simulations since they might be corrupted:
simulation_data/xfig4/rc1_noise/noise_0.25/infm_res.csv
Shutting down, this might take some time.
Exiting because a job execution failed. Look above for error message
Complete log: .snakemake/log/2025-07-16T140801.329359.snakemake.log
