Building DAG of jobs...
Using shell: /usr/bin/bash
Provided cores: 6
Rules claiming more threads will be scaled down.
Job stats:
job                    count
-------------------  -------
all                        1
analyse_simulations        3
compile_data               4
process_sim                3
simulate_fig5_multi        1
total                     12

Select jobs to execute...

[Fri Jul 18 17:36:17 2025]
rule compile_data:
    input: simulation_data/xfig3/rc1/radius_0.05/infm_res.csv, simulation_data/xfig3/rc1/radius_0.05/full_res.csv
    output: analysis_data/xfig3/infm_res_compiled.csv, analysis_data/xfig3/full_res_compiled.csv
    jobid: 30
    reason: Missing output files: analysis_data/xfig3/infm_res_compiled.csv, analysis_data/xfig3/full_res_compiled.csv
    wildcards: exp=xfig3
    resources: tmpdir=/tmp

[Fri Jul 18 17:36:17 2025]
rule compile_data:
    input: simulation_data/xfig4/rc1/rc1/infm_res.csv, simulation_data/xfig4/rc1/rc1/full_res.csv
    output: analysis_data/xfig4/infm_res_compiled.csv, analysis_data/xfig4/full_res_compiled.csv
    jobid: 31
    reason: Missing output files: analysis_data/xfig4/infm_res_compiled.csv, analysis_data/xfig4/full_res_compiled.csv
    wildcards: exp=xfig4
    resources: tmpdir=/tmp

[Fri Jul 18 17:36:17 2025]
rule simulate_fig5_multi:
    output: simulation_data/xfig5/nw_s1/nw_s1/.simulated, simulation_data/xfig5/nw_c1/nw_c1/.simulated, simulation_data/xfig5/nw_c2/nw_c2/.simulated
    jobid: 4
    reason: Missing output files: simulation_data/xfig5/nw_c1/nw_c1/.simulated, simulation_data/xfig5/nw_c2/nw_c2/.simulated, simulation_data/xfig5/nw_s1/nw_s1/.simulated
    resources: tmpdir=/tmp


[Fri Jul 18 17:36:17 2025]
rule compile_data:
    input: simulation_data/xfig2/s1/s1/infm_res.csv, simulation_data/xfig2/s1/s1/full_res.csv
    output: analysis_data/xfig2/infm_res_compiled.csv, analysis_data/xfig2/full_res_compiled.csv
    jobid: 29
    reason: Missing output files: analysis_data/xfig2/full_res_compiled.csv, analysis_data/xfig2/infm_res_compiled.csv
    wildcards: exp=xfig2
    resources: tmpdir=/tmp

[Fri Jul 18 17:36:18 2025]
Finished job 30.
1 of 12 steps (8%) done
[Fri Jul 18 17:36:18 2025]
Finished job 31.
2 of 12 steps (17%) done
[Fri Jul 18 17:36:18 2025]
Finished job 29.
3 of 12 steps (25%) done
Waiting at most 30 seconds for missing files.
MissingOutputException in rule simulate_fig5_multi in file /mnt/share/PROJECTS/SomSOM/Step_III/SAMSARA/Snakefile.smk, line 115:
Job 4  completed successfully, but some output files are missing. Missing files after 30 seconds. This might be due to filesystem latency. If that is the case, consider to increase the wait time with --latency-wait:
simulation_data/xfig5/nw_s1/nw_s1/.simulated
simulation_data/xfig5/nw_c1/nw_c1/.simulated
simulation_data/xfig5/nw_c2/nw_c2/.simulated
Shutting down, this might take some time.
Exiting because a job execution failed. Look above for error message
Complete log: .snakemake/log/2025-07-18T173616.245096.snakemake.log
