Building DAG of jobs...
Using shell: /usr/bin/bash
Provided cores: 6
Rules claiming more threads will be scaled down.
Job stats:
job                       count
----------------------  -------
all                           1
analyse_simulations           8
clone_simulation_data         4
compile_data                  4
process_community_data        5
total                        22

Select jobs to execute...

[Thu Jul 17 10:41:20 2025]
rule clone_simulation_data:
    input: simulation_data/xfig4/rc1/rc1/n_pop_log_log.csv
    output: simulation_data/xfig4/rc1_unequal/rc1_unequal/n_pop_log_log.csv
    jobid: 24
    reason: Missing output files: simulation_data/xfig4/rc1_unequal/rc1_unequal/n_pop_log_log.csv
    wildcards: experiment=xfig4, treatment=rc1_unequal, simulation=rc1_unequal
    resources: tmpdir=/tmp

[Thu Jul 17 10:41:20 2025]
rule analyse_simulations:
    input: simulation_data/xfig5/nw_c2/nw_c2/sign_ajd_res_log.csv
    output: simulation_data/xfig5/nw_c2/nw_c2/infm_res.csv, simulation_data/xfig5/nw_c2/nw_c2/full_res.csv
    jobid: 31
    reason: Missing output files: simulation_data/xfig5/nw_c2/nw_c2/full_res.csv, simulation_data/xfig5/nw_c2/nw_c2/infm_res.csv
    wildcards: experiment=xfig5, treatment=nw_c2, simulation=nw_c2
    resources: tmpdir=/tmp


[Thu Jul 17 10:41:20 2025]
rule analyse_simulations:
    input: simulation_data/xfig5/nw_s1/nw_s1/sign_ajd_res_log.csv
    output: simulation_data/xfig5/nw_s1/nw_s1/infm_res.csv, simulation_data/xfig5/nw_s1/nw_s1/full_res.csv
    jobid: 26
    reason: Missing output files: simulation_data/xfig5/nw_s1/nw_s1/full_res.csv, simulation_data/xfig5/nw_s1/nw_s1/infm_res.csv
    wildcards: experiment=xfig5, treatment=nw_s1, simulation=nw_s1
    resources: tmpdir=/tmp


[Thu Jul 17 10:41:20 2025]
rule clone_simulation_data:
    input: simulation_data/xfig2/s1/s1/n_pop_log_log.csv
    output: simulation_data/xfig2/s4/s4/n_pop_log_log.csv
    jobid: 7
    reason: Missing output files: simulation_data/xfig2/s4/s4/n_pop_log_log.csv
    wildcards: experiment=xfig2, treatment=s4, simulation=s4
    resources: tmpdir=/tmp

[Thu Jul 17 10:41:20 2025]
rule clone_simulation_data:
    input: simulation_data/xfig3/rc1/radius_0.05/n_pop_log_log.csv
    output: simulation_data/xfig3/rc1_noise/radius_0.05__noise0.1/n_pop_log_log.csv
    jobid: 14
    reason: Missing output files: simulation_data/xfig3/rc1_noise/radius_0.05__noise0.1/n_pop_log_log.csv
    wildcards: experiment=xfig3, treatment=rc1_noise, simulation=radius_0.05__noise0.1
    resources: tmpdir=/tmp

[Thu Jul 17 10:41:20 2025]
rule clone_simulation_data:
    input: simulation_data/xfig4/rc1/rc1/n_pop_log_log.csv
    output: simulation_data/xfig4/rc1_noise/noise_0.25/n_pop_log_log.csv
    jobid: 21
    reason: Missing output files: simulation_data/xfig4/rc1_noise/noise_0.25/n_pop_log_log.csv
    wildcards: experiment=xfig4, treatment=rc1_noise, simulation=noise_0.25
    resources: tmpdir=/tmp

[Thu Jul 17 10:41:22 2025]
Finished job 31.
1 of 22 steps (5%) done
[Thu Jul 17 10:41:22 2025]
Finished job 26.
2 of 22 steps (9%) done
Shutting down, this might take some time.
Exiting because a job execution failed. Look above for error message
Complete log: .snakemake/log/2025-07-17T104119.751802.snakemake.log
