Building DAG of jobs...
Using shell: /usr/bin/bash
Provided cores: 6
Rules claiming more threads will be scaled down.
Job stats:
job                         count
------------------------  -------
all                             1
analyse_simulations             5
compile_data                    3
generate_simulation_data        3
process_community_data          5
total                          17

Select jobs to execute...

[Thu Jul 17 09:49:13 2025]
rule process_community_data:
    input: simulation_data/xfig4/rc1_noise/noise_0.25/n_pop_log_log.csv
    output: simulation_data/xfig4/rc1_noise/noise_0.25/sign_ajd_res_log.csv
    jobid: 20
    reason: Missing output files: simulation_data/xfig4/rc1_noise/noise_0.25/sign_ajd_res_log.csv; Updated input files: simulation_data/xfig4/rc1_noise/noise_0.25/n_pop_log_log.csv
    wildcards: experiment=xfig4, treatment=rc1_noise, simulation=noise_0.25
    resources: tmpdir=/tmp


[Thu Jul 17 09:49:13 2025]
rule generate_simulation_data:
    output: simulation_data/xfig2/s4/s4/n_pop_log_log.csv
    jobid: 7
    reason: Missing output files: simulation_data/xfig2/s4/s4/n_pop_log_log.csv
    wildcards: experiment=xfig2, treatment=s4, simulation=s4
    resources: tmpdir=/tmp

[Thu Jul 17 09:49:13 2025]
rule process_community_data:
    input: simulation_data/xfig4/rc1_unequal/rc1_unequal/n_pop_log_log.csv
    output: simulation_data/xfig4/rc1_unequal/rc1_unequal/sign_ajd_res_log.csv
    jobid: 23
    reason: Missing output files: simulation_data/xfig4/rc1_unequal/rc1_unequal/sign_ajd_res_log.csv; Updated input files: simulation_data/xfig4/rc1_unequal/rc1_unequal/n_pop_log_log.csv
    wildcards: experiment=xfig4, treatment=rc1_unequal, simulation=rc1_unequal
    resources: tmpdir=/tmp


[Thu Jul 17 09:49:13 2025]
rule generate_simulation_data:
    output: simulation_data/xfig3/rc1_noise/radius_0.05__noise0.1/n_pop_log_log.csv
    jobid: 14
    reason: Missing output files: simulation_data/xfig3/rc1_noise/radius_0.05__noise0.1/n_pop_log_log.csv
    wildcards: experiment=xfig3, treatment=rc1_noise, simulation=radius_0.05__noise0.1
    resources: tmpdir=/tmp

[Thu Jul 17 09:49:13 2025]
rule generate_simulation_data:
    output: simulation_data/xfig4/rc1/rc1/n_pop_log_log.csv
    jobid: 18
    reason: Code has changed since last execution
    wildcards: experiment=xfig4, treatment=rc1, simulation=rc1
    resources: tmpdir=/tmp

[Thu Jul 17 09:49:27 2025]
Finished job 23.
1 of 17 steps (6%) done
[Thu Jul 17 09:49:27 2025]
Finished job 20.
2 of 17 steps (12%) done
[Thu Jul 17 09:55:39 2025]
Finished job 18.
3 of 17 steps (18%) done
Shutting down, this might take some time.
Exiting because a job execution failed. Look above for error message
Complete log: .snakemake/log/2025-07-17T094912.702953.snakemake.log
