Building DAG of jobs...
Using shell: /usr/bin/bash
Provided cores: 6
Rules claiming more threads will be scaled down.
Job stats:
job        count
-------  -------
all            1
process       10
total         11

Select jobs to execute...

[Fri Jul 18 14:10:16 2025]
rule process:
    input: simulation_data/xfig5/nw_s1/nw_s1/n_pop_log_log.csv
    output: simulation_data/xfig5/nw_s1/nw_s1/sign_ajd_res_log.csv
    jobid: 14
    reason: Missing output files: simulation_data/xfig5/nw_s1/nw_s1/sign_ajd_res_log.csv
    wildcards: exp=xfig5, tr=nw_s1, sim=nw_s1
    resources: tmpdir=/tmp


[Fri Jul 18 14:10:16 2025]
rule process:
    input: simulation_data/xfig4/rc1_unequal/rc1_unequal/n_pop_log_log.csv
    output: simulation_data/xfig4/rc1_unequal/rc1_unequal/sign_ajd_res_log.csv
    jobid: 20
    reason: Missing output files: simulation_data/xfig4/rc1_unequal/rc1_unequal/sign_ajd_res_log.csv
    wildcards: exp=xfig4, tr=rc1_unequal, sim=rc1_unequal
    resources: tmpdir=/tmp


[Fri Jul 18 14:10:16 2025]
rule process:
    input: simulation_data/xfig2/s1/s1/n_pop_log_log.csv
    output: simulation_data/xfig2/s1/s1/sign_ajd_res_log.csv
    jobid: 11
    reason: Missing output files: simulation_data/xfig2/s1/s1/sign_ajd_res_log.csv
    wildcards: exp=xfig2, tr=s1, sim=s1
    resources: tmpdir=/tmp


[Fri Jul 18 14:10:16 2025]
rule process:
    input: simulation_data/xfig3/rc1_noise/radius_0.05__noise0.1/n_pop_log_log.csv
    output: simulation_data/xfig3/rc1_noise/radius_0.05__noise0.1/sign_ajd_res_log.csv
    jobid: 18
    reason: Missing output files: simulation_data/xfig3/rc1_noise/radius_0.05__noise0.1/sign_ajd_res_log.csv
    wildcards: exp=xfig3, tr=rc1_noise, sim=radius_0.05__noise0.1
    resources: tmpdir=/tmp


[Fri Jul 18 14:10:16 2025]
rule process:
    input: simulation_data/xfig3/rc1/radius_0.05/n_pop_log_log.csv
    output: simulation_data/xfig3/rc1/radius_0.05/sign_ajd_res_log.csv
    jobid: 12
    reason: Missing output files: simulation_data/xfig3/rc1/radius_0.05/sign_ajd_res_log.csv
    wildcards: exp=xfig3, tr=rc1, sim=radius_0.05
    resources: tmpdir=/tmp


[Fri Jul 18 14:10:16 2025]
rule process:
    input: simulation_data/xfig5/nw_c2/nw_c2/n_pop_log_log.csv
    output: simulation_data/xfig5/nw_c2/nw_c2/sign_ajd_res_log.csv
    jobid: 16
    reason: Missing output files: simulation_data/xfig5/nw_c2/nw_c2/sign_ajd_res_log.csv
    wildcards: exp=xfig5, tr=nw_c2, sim=nw_c2
    resources: tmpdir=/tmp

[Fri Jul 18 14:10:22 2025]
Finished job 16.
1 of 11 steps (9%) done
Select jobs to execute...

[Fri Jul 18 14:10:22 2025]
rule process:
    input: simulation_data/xfig4/rc1/rc1/n_pop_log_log.csv
    output: simulation_data/xfig4/rc1/rc1/sign_ajd_res_log.csv
    jobid: 13
    reason: Missing output files: simulation_data/xfig4/rc1/rc1/sign_ajd_res_log.csv
    wildcards: exp=xfig4, tr=rc1, sim=rc1
    resources: tmpdir=/tmp

[Fri Jul 18 14:10:22 2025]
Finished job 11.
2 of 11 steps (18%) done
[Fri Jul 18 14:10:22 2025]
Finished job 14.
3 of 11 steps (27%) done
[Fri Jul 18 14:10:23 2025]
Finished job 18.
4 of 11 steps (36%) done
[Fri Jul 18 14:10:23 2025]
Finished job 12.
5 of 11 steps (45%) done
Select jobs to execute...

[Fri Jul 18 14:10:23 2025]
rule process:
    input: simulation_data/xfig5/nw_c1/nw_c1/n_pop_log_log.csv
    output: simulation_data/xfig5/nw_c1/nw_c1/sign_ajd_res_log.csv
    jobid: 15
    reason: Missing output files: simulation_data/xfig5/nw_c1/nw_c1/sign_ajd_res_log.csv
    wildcards: exp=xfig5, tr=nw_c1, sim=nw_c1
    resources: tmpdir=/tmp


[Fri Jul 18 14:10:23 2025]
rule process:
    input: simulation_data/xfig4/rc1_noise/noise_0.25/n_pop_log_log.csv
    output: simulation_data/xfig4/rc1_noise/noise_0.25/sign_ajd_res_log.csv
    jobid: 19
    reason: Missing output files: simulation_data/xfig4/rc1_noise/noise_0.25/sign_ajd_res_log.csv
    wildcards: exp=xfig4, tr=rc1_noise, sim=noise_0.25
    resources: tmpdir=/tmp


[Fri Jul 18 14:10:23 2025]
rule process:
    input: simulation_data/xfig2/s4/s4/n_pop_log_log.csv
    output: simulation_data/xfig2/s4/s4/sign_ajd_res_log.csv
    jobid: 17
    reason: Missing output files: simulation_data/xfig2/s4/s4/sign_ajd_res_log.csv
    wildcards: exp=xfig2, tr=s4, sim=s4
    resources: tmpdir=/tmp

[Fri Jul 18 14:10:28 2025]
Finished job 15.
6 of 11 steps (55%) done
[Fri Jul 18 14:10:28 2025]
Finished job 17.
7 of 11 steps (64%) done
[Fri Jul 18 14:10:31 2025]
Finished job 20.
8 of 11 steps (73%) done
[Fri Jul 18 14:10:36 2025]
Finished job 13.
9 of 11 steps (82%) done
[Fri Jul 18 14:10:37 2025]
Finished job 19.
10 of 11 steps (91%) done
Select jobs to execute...

[Fri Jul 18 14:10:37 2025]
localrule all:
    input: simulation_data/xfig2/s1/s1/n_pop_log_log.csv, simulation_data/xfig3/rc1/radius_0.05/n_pop_log_log.csv, simulation_data/xfig4/rc1/rc1/n_pop_log_log.csv, simulation_data/xfig5/nw_s1/nw_s1/n_pop_log_log.csv, simulation_data/xfig5/nw_c1/nw_c1/n_pop_log_log.csv, simulation_data/xfig5/nw_c2/nw_c2/n_pop_log_log.csv, simulation_data/xfig2/s4/s4/.cloned, simulation_data/xfig3/rc1_noise/radius_0.05__noise0.1/.cloned, simulation_data/xfig4/rc1_noise/noise_0.25/.cloned, simulation_data/xfig4/rc1_unequal/rc1_unequal/.cloned, simulation_data/xfig2/s1/s1/sign_ajd_res_log.csv, simulation_data/xfig3/rc1/radius_0.05/sign_ajd_res_log.csv, simulation_data/xfig4/rc1/rc1/sign_ajd_res_log.csv, simulation_data/xfig5/nw_s1/nw_s1/sign_ajd_res_log.csv, simulation_data/xfig5/nw_c1/nw_c1/sign_ajd_res_log.csv, simulation_data/xfig5/nw_c2/nw_c2/sign_ajd_res_log.csv, simulation_data/xfig2/s4/s4/sign_ajd_res_log.csv, simulation_data/xfig3/rc1_noise/radius_0.05__noise0.1/sign_ajd_res_log.csv, simulation_data/xfig4/rc1_noise/noise_0.25/sign_ajd_res_log.csv, simulation_data/xfig4/rc1_unequal/rc1_unequal/sign_ajd_res_log.csv
    jobid: 0
    reason: Input files updated by another job: simulation_data/xfig5/nw_c2/nw_c2/sign_ajd_res_log.csv, simulation_data/xfig5/nw_s1/nw_s1/sign_ajd_res_log.csv, simulation_data/xfig3/rc1/radius_0.05/sign_ajd_res_log.csv, simulation_data/xfig4/rc1_noise/noise_0.25/sign_ajd_res_log.csv, simulation_data/xfig2/s1/s1/sign_ajd_res_log.csv, simulation_data/xfig4/rc1/rc1/sign_ajd_res_log.csv, simulation_data/xfig2/s4/s4/sign_ajd_res_log.csv, simulation_data/xfig5/nw_c1/nw_c1/sign_ajd_res_log.csv, simulation_data/xfig4/rc1_unequal/rc1_unequal/sign_ajd_res_log.csv, simulation_data/xfig3/rc1_noise/radius_0.05__noise0.1/sign_ajd_res_log.csv
    resources: tmpdir=/tmp

[Fri Jul 18 14:10:37 2025]
Finished job 0.
11 of 11 steps (100%) done
Complete log: .snakemake/log/2025-07-18T141016.006829.snakemake.log
