Building DAG of jobs...
Using shell: /usr/bin/bash
Provided cores: 6
Rules claiming more threads will be scaled down.
Job stats:
job                        count
-----------------------  -------
all                            1
process_community_data        10
simulate_community_data        8
simulate_fig5_multi            1
total                         20

Select jobs to execute...

[Fri Jul 11 15:13:08 2025]
rule simulate_community_data:
    output: simulation_data/xfig4/rc1_noise/noise_0.25/n_pop_log_log.csv
    jobid: 17
    reason: Missing output files: simulation_data/xfig4/rc1_noise/noise_0.25/n_pop_log_log.csv
    wildcards: experiment=xfig4, treatment=rc1_noise, simulation=noise_0.25
    resources: tmpdir=/tmp

Failed to set marker file for job started ([Errno 95] Operation not supported: '/run/user/1000/gvfs/smb-share:domain=share,server=share.univie.ac.at,share=ter,user=seand93/PROJECTS/SomSOM/Step_III/SAMSARA/.snakemake/incomplete/tmpugsb7wcd.c2ltdWxh'). Snakemake will work, but cannot ensure that output files are complete in case of a kill signal or power loss. Please ensure write permissions for the directory /run/user/1000/gvfs/smb-share:domain=share,server=share.univie.ac.at,share=ter,user=seand93/PROJECTS/SomSOM/Step_III/SAMSARA/.snakemake

[Fri Jul 11 15:13:08 2025]
rule simulate_community_data:
    output: simulation_data/xfig4/rc1_unequal/rc1_unequal/n_pop_log_log.csv
    jobid: 19
    reason: Missing output files: simulation_data/xfig4/rc1_unequal/rc1_unequal/n_pop_log_log.csv
    wildcards: experiment=xfig4, treatment=rc1_unequal, simulation=rc1_unequal
    resources: tmpdir=/tmp

Failed to set marker file for job started ([Errno 95] Operation not supported: '/run/user/1000/gvfs/smb-share:domain=share,server=share.univie.ac.at,share=ter,user=seand93/PROJECTS/SomSOM/Step_III/SAMSARA/.snakemake/incomplete/tmpca7a2q98.c2ltdWxh'). Snakemake will work, but cannot ensure that output files are complete in case of a kill signal or power loss. Please ensure write permissions for the directory /run/user/1000/gvfs/smb-share:domain=share,server=share.univie.ac.at,share=ter,user=seand93/PROJECTS/SomSOM/Step_III/SAMSARA/.snakemake
[Fri Jul 11 15:13:08 2025]
Error in rule simulate_community_data:
    jobid: 17
    output: simulation_data/xfig4/rc1_noise/noise_0.25/n_pop_log_log.csv
    shell:
        
    if [ "None" = "multi_simulation.py" ]; then
        echo "Skipping simulation for multi_simulation.py — handled separately."
        exit 0
    fi
    python3 simulation_scripts/None       xfig4       rc1_noise       noise_0.25       
    
        (one of the commands exited with non-zero exit code; note that snakemake uses bash strict mode!)


[Fri Jul 11 15:13:08 2025]
rule simulate_community_data:
    output: simulation_data/xfig2/s1/s1/n_pop_log_log.csv
    jobid: 2
    reason: Missing output files: simulation_data/xfig2/s1/s1/n_pop_log_log.csv
    wildcards: experiment=xfig2, treatment=s1, simulation=s1
    resources: tmpdir=/tmp

[Fri Jul 11 15:13:08 2025]
Failed to set marker file for job started ([Errno 95] Operation not supported: '/run/user/1000/gvfs/smb-share:domain=share,server=share.univie.ac.at,share=ter,user=seand93/PROJECTS/SomSOM/Step_III/SAMSARA/.snakemake/incomplete/tmpf4lmj1b2.c2ltdWxh'). Snakemake will work, but cannot ensure that output files are complete in case of a kill signal or power loss. Please ensure write permissions for the directory /run/user/1000/gvfs/smb-share:domain=share,server=share.univie.ac.at,share=ter,user=seand93/PROJECTS/SomSOM/Step_III/SAMSARA/.snakemake
Error in rule simulate_community_data:
    jobid: 19
    output: simulation_data/xfig4/rc1_unequal/rc1_unequal/n_pop_log_log.csv
    shell:
        
    if [ "None" = "multi_simulation.py" ]; then
        echo "Skipping simulation for multi_simulation.py — handled separately."
        exit 0
    fi
    python3 simulation_scripts/None       xfig4       rc1_unequal       rc1_unequal       
    
        (one of the commands exited with non-zero exit code; note that snakemake uses bash strict mode!)


[Fri Jul 11 15:13:08 2025]
rule simulate_fig5_multi:
    output: simulation_data/xfig5/nw_s1/nw_s1/n_pop_log_log.csv, simulation_data/xfig5/nw_c1/nw_c1/n_pop_log_log.csv, simulation_data/xfig5/nw_c2/nw_c2/n_pop_log_log.csv
    jobid: 8
    reason: Missing output files: simulation_data/xfig5/nw_c1/nw_c1/n_pop_log_log.csv, simulation_data/xfig5/nw_s1/nw_s1/n_pop_log_log.csv
    resources: tmpdir=/tmp

Failed to set marker file for job started ([Errno 95] Operation not supported: '/run/user/1000/gvfs/smb-share:domain=share,server=share.univie.ac.at,share=ter,user=seand93/PROJECTS/SomSOM/Step_III/SAMSARA/.snakemake/incomplete/tmpqpqzjpxx.c2ltdWxh'). Snakemake will work, but cannot ensure that output files are complete in case of a kill signal or power loss. Please ensure write permissions for the directory /run/user/1000/gvfs/smb-share:domain=share,server=share.univie.ac.at,share=ter,user=seand93/PROJECTS/SomSOM/Step_III/SAMSARA/.snakemake

[Fri Jul 11 15:13:08 2025]
rule simulate_community_data:
    output: simulation_data/xfig5/nw_s2/nw_s2/n_pop_log_log.csv
    jobid: 11
    reason: Missing output files: simulation_data/xfig5/nw_s2/nw_s2/n_pop_log_log.csv
    wildcards: experiment=xfig5, treatment=nw_s2, simulation=nw_s2
    resources: tmpdir=/tmp

Failed to set marker file for job started ([Errno 95] Operation not supported: '/run/user/1000/gvfs/smb-share:domain=share,server=share.univie.ac.at,share=ter,user=seand93/PROJECTS/SomSOM/Step_III/SAMSARA/.snakemake/incomplete/tmpj9rhszor.c2ltdWxh'). Snakemake will work, but cannot ensure that output files are complete in case of a kill signal or power loss. Please ensure write permissions for the directory /run/user/1000/gvfs/smb-share:domain=share,server=share.univie.ac.at,share=ter,user=seand93/PROJECTS/SomSOM/Step_III/SAMSARA/.snakemake

[Fri Jul 11 15:13:08 2025]
rule simulate_community_data:
    output: simulation_data/xfig2/s4/s4/n_pop_log_log.csv
    jobid: 13
    reason: Missing output files: simulation_data/xfig2/s4/s4/n_pop_log_log.csv
    wildcards: experiment=xfig2, treatment=s4, simulation=s4
    resources: tmpdir=/tmp

Failed to set marker file for job started ([Errno 95] Operation not supported: '/run/user/1000/gvfs/smb-share:domain=share,server=share.univie.ac.at,share=ter,user=seand93/PROJECTS/SomSOM/Step_III/SAMSARA/.snakemake/incomplete/tmp7vka_x_i.c2ltdWxh'). Snakemake will work, but cannot ensure that output files are complete in case of a kill signal or power loss. Please ensure write permissions for the directory /run/user/1000/gvfs/smb-share:domain=share,server=share.univie.ac.at,share=ter,user=seand93/PROJECTS/SomSOM/Step_III/SAMSARA/.snakemake
Waiting at most 30 seconds for missing files.
[Fri Jul 11 15:13:08 2025]
Error in rule simulate_community_data:
    jobid: 13
    output: simulation_data/xfig2/s4/s4/n_pop_log_log.csv
    shell:
        
    if [ "None" = "multi_simulation.py" ]; then
        echo "Skipping simulation for multi_simulation.py — handled separately."
        exit 0
    fi
    python3 simulation_scripts/None       xfig2       s4       s4       
    
        (one of the commands exited with non-zero exit code; note that snakemake uses bash strict mode!)

MissingOutputException in rule simulate_community_data in file /run/user/1000/gvfs/smb-share:domain=share,server=share.univie.ac.at,share=ter,user=seand93/PROJECTS/SomSOM/Step_III/SAMSARA/Snakefile.smk, line 34:
Job 11  completed successfully, but some output files are missing. Missing files after 30 seconds. This might be due to filesystem latency. If that is the case, consider to increase the wait time with --latency-wait:
simulation_data/xfig5/nw_s2/nw_s2/n_pop_log_log.csv
WorkflowError:
Error recording metadata for finished job ([Errno 95] Operation not supported: '/run/user/1000/gvfs/smb-share:domain=share,server=share.univie.ac.at,share=ter,user=seand93/PROJECTS/SomSOM/Step_III/SAMSARA/.snakemake/metadata/tmpnlidi0s1.c2ltdWxh'). Please ensure write permissions for the directory /run/user/1000/gvfs/smb-share:domain=share,server=share.univie.ac.at,share=ter,user=seand93/PROJECTS/SomSOM/Step_III/SAMSARA/.snakemake
Removing output files of failed job simulate_community_data since they might be corrupted:
simulation_data/xfig2/s1/s1/n_pop_log_log.csv
WorkflowError:
Error recording metadata for finished job ([Errno 95] Operation not supported: '/run/user/1000/gvfs/smb-share:domain=share,server=share.univie.ac.at,share=ter,user=seand93/PROJECTS/SomSOM/Step_III/SAMSARA/.snakemake/metadata/tmp08_letuk.c2ltdWxh'). Please ensure write permissions for the directory /run/user/1000/gvfs/smb-share:domain=share,server=share.univie.ac.at,share=ter,user=seand93/PROJECTS/SomSOM/Step_III/SAMSARA/.snakemake
Removing output files of failed job simulate_fig5_multi since they might be corrupted:
simulation_data/xfig5/nw_s1/nw_s1/n_pop_log_log.csv, simulation_data/xfig5/nw_c1/nw_c1/n_pop_log_log.csv, simulation_data/xfig5/nw_c2/nw_c2/n_pop_log_log.csv
Shutting down, this might take some time.
Exiting because a job execution failed. Look above for error message
Complete log: .snakemake/log/2025-07-11T151306.863345.snakemake.log
