Building DAG of jobs...
Using shell: /usr/bin/bash
Provided cores: 6
Rules claiming more threads will be scaled down.
Job stats:
job         count
--------  -------
all             1
simulate        3
total           4

Select jobs to execute...

[Fri Jul 18 13:48:08 2025]
rule simulate:
    input: simulation_scripts/multi_simulation.py
    output: simulation_data/xfig5/nw_c2/nw_c2/n_pop_log_log.csv
    jobid: 6
    reason: Missing output files: simulation_data/xfig5/nw_c2/nw_c2/n_pop_log_log.csv
    wildcards: exp=xfig5, tr=nw_c2, sim=nw_c2
    resources: tmpdir=/tmp

[Fri Jul 18 13:48:08 2025]
rule simulate:
    input: simulation_scripts/multi_simulation.py
    output: simulation_data/xfig5/nw_c1/nw_c1/n_pop_log_log.csv
    jobid: 5
    reason: Missing output files: simulation_data/xfig5/nw_c1/nw_c1/n_pop_log_log.csv
    wildcards: exp=xfig5, tr=nw_c1, sim=nw_c1
    resources: tmpdir=/tmp

[Fri Jul 18 13:48:08 2025]
rule simulate:
    input: simulation_scripts/multi_simulation.py
    output: simulation_data/xfig5/nw_s1/nw_s1/n_pop_log_log.csv
    jobid: 4
    reason: Missing output files: simulation_data/xfig5/nw_s1/nw_s1/n_pop_log_log.csv
    wildcards: exp=xfig5, tr=nw_s1, sim=nw_s1
    resources: tmpdir=/tmp

[Fri Jul 18 13:49:05 2025]
Finished job 6.
1 of 4 steps (25%) done
[Fri Jul 18 13:49:05 2025]
Finished job 5.
2 of 4 steps (50%) done
[Fri Jul 18 13:49:06 2025]
Finished job 4.
3 of 4 steps (75%) done
Select jobs to execute...

[Fri Jul 18 13:49:06 2025]
localrule all:
    input: simulation_data/xfig2/s1/s1/n_pop_log_log.csv, simulation_data/xfig3/rc1/radius_0.05/n_pop_log_log.csv, simulation_data/xfig4/rc1/rc1/n_pop_log_log.csv, simulation_data/xfig5/nw_s1/nw_s1/n_pop_log_log.csv, simulation_data/xfig5/nw_c1/nw_c1/n_pop_log_log.csv, simulation_data/xfig5/nw_c2/nw_c2/n_pop_log_log.csv, simulation_data/xfig2/s4/s4/.cloned, simulation_data/xfig3/rc1_noise/radius_0.05__noise0.1/.cloned, simulation_data/xfig4/rc1_noise/noise_0.25/.cloned, simulation_data/xfig4/rc1_unequal/rc1_unequal/.cloned
    jobid: 0
    reason: Input files updated by another job: simulation_data/xfig5/nw_c2/nw_c2/n_pop_log_log.csv, simulation_data/xfig5/nw_c1/nw_c1/n_pop_log_log.csv, simulation_data/xfig5/nw_s1/nw_s1/n_pop_log_log.csv
    resources: tmpdir=/tmp

[Fri Jul 18 13:49:06 2025]
Finished job 0.
4 of 4 steps (100%) done
Complete log: .snakemake/log/2025-07-18T134807.909212.snakemake.log
