Building DAG of jobs...
Using shell: /usr/bin/bash
Provided cores: 6
Rules claiming more threads will be scaled down.
Job stats:
job                         count
------------------------  -------
all                             1
analyse_simulations            10
compile_data                    4
generate_simulation_data        4
process_community_data          8
total                          27

Select jobs to execute...

[Fri Jul 18 12:23:34 2025]
rule analyse_simulations:
    input: simulation_data/xfig5/nw_c1/nw_c1/sign_ajd_res_log.csv
    output: simulation_data/xfig5/nw_c1/nw_c1/infm_res.csv, simulation_data/xfig5/nw_c1/nw_c1/full_res.csv
    jobid: 29
    reason: Missing output files: simulation_data/xfig5/nw_c1/nw_c1/infm_res.csv, simulation_data/xfig5/nw_c1/nw_c1/full_res.csv
    wildcards: experiment=xfig5, treatment=nw_c1, simulation=nw_c1
    resources: tmpdir=/tmp


[Fri Jul 18 12:23:34 2025]
rule analyse_simulations:
    input: simulation_data/xfig5/nw_c2/nw_c2/sign_ajd_res_log.csv
    output: simulation_data/xfig5/nw_c2/nw_c2/infm_res.csv, simulation_data/xfig5/nw_c2/nw_c2/full_res.csv
    jobid: 31
    reason: Missing output files: simulation_data/xfig5/nw_c2/nw_c2/infm_res.csv, simulation_data/xfig5/nw_c2/nw_c2/full_res.csv
    wildcards: experiment=xfig5, treatment=nw_c2, simulation=nw_c2
    resources: tmpdir=/tmp


[Fri Jul 18 12:23:34 2025]
rule process_community_data:
    input: simulation_data/xfig4/rc1/rc1/n_pop_log_log.csv
    output: simulation_data/xfig4/rc1/rc1/sign_ajd_res_log.csv
    jobid: 17
    reason: Missing output files: simulation_data/xfig4/rc1/rc1/sign_ajd_res_log.csv
    wildcards: experiment=xfig4, treatment=rc1, simulation=rc1
    resources: tmpdir=/tmp


[Fri Jul 18 12:23:34 2025]
rule generate_simulation_data:
    output: simulation_data/xfig4/rc1_noise/noise_0.25/n_pop_log_log.csv
    jobid: 21
    reason: Missing output files: simulation_data/xfig4/rc1_noise/noise_0.25/n_pop_log_log.csv
    wildcards: experiment=xfig4, treatment=rc1_noise, simulation=noise_0.25
    resources: tmpdir=/tmp

[Fri Jul 18 12:23:34 2025]
rule generate_simulation_data:
    output: simulation_data/xfig4/rc1_unequal/rc1_unequal/n_pop_log_log.csv
    jobid: 24
    reason: Missing output files: simulation_data/xfig4/rc1_unequal/rc1_unequal/n_pop_log_log.csv
    wildcards: experiment=xfig4, treatment=rc1_unequal, simulation=rc1_unequal
    resources: tmpdir=/tmp

[Fri Jul 18 12:23:35 2025]
rule generate_simulation_data:
    output: simulation_data/xfig3/rc1_noise/radius_0.05__noise0.1/n_pop_log_log.csv
    jobid: 14
    reason: Missing output files: simulation_data/xfig3/rc1_noise/radius_0.05__noise0.1/n_pop_log_log.csv
    wildcards: experiment=xfig3, treatment=rc1_noise, simulation=radius_0.05__noise0.1
    resources: tmpdir=/tmp

[Fri Jul 18 12:23:37 2025]
Finished job 31.
1 of 27 steps (4%) done
Select jobs to execute...

[Fri Jul 18 12:23:37 2025]
rule process_community_data:
    input: simulation_data/xfig3/rc1/radius_0.05/n_pop_log_log.csv
    output: simulation_data/xfig3/rc1/radius_0.05/sign_ajd_res_log.csv
    jobid: 10
    reason: Missing output files: simulation_data/xfig3/rc1/radius_0.05/sign_ajd_res_log.csv
    wildcards: experiment=xfig3, treatment=rc1, simulation=radius_0.05
    resources: tmpdir=/tmp

[Fri Jul 18 12:23:37 2025]
Finished job 29.
2 of 27 steps (7%) done
Select jobs to execute...

[Fri Jul 18 12:23:37 2025]
rule generate_simulation_data:
    output: simulation_data/xfig2/s4/s4/n_pop_log_log.csv
    jobid: 7
    reason: Missing output files: simulation_data/xfig2/s4/s4/n_pop_log_log.csv
    wildcards: experiment=xfig2, treatment=s4, simulation=s4
    resources: tmpdir=/tmp

[Fri Jul 18 12:23:41 2025]
Error in rule process_community_data:
    jobid: 17
    input: simulation_data/xfig4/rc1/rc1/n_pop_log_log.csv
    output: simulation_data/xfig4/rc1/rc1/sign_ajd_res_log.csv
    shell:
        
        Rscript analysis_scripts/process_composite_fixed.R             xfig4 rc1 rc1 "--noise=0"
        
        (one of the commands exited with non-zero exit code; note that snakemake uses bash strict mode!)

[Fri Jul 18 12:23:42 2025]
Finished job 10.
3 of 27 steps (11%) done
Shutting down, this might take some time.
Exiting because a job execution failed. Look above for error message
Complete log: .snakemake/log/2025-07-18T122333.496967.snakemake.log
