Building DAG of jobs...
Using shell: /usr/bin/bash
Provided cores: 6
Rules claiming more threads will be scaled down.
Job stats:
job                         count
------------------------  -------
all                             1
analyse_simulations            10
compile_data                    4
generate_simulation_data        7
process_community_data         10
simulate_fig5_multi             1
total                          33

Select jobs to execute...

[Fri Jul 18 12:27:21 2025]
rule generate_simulation_data:
    output: simulation_data/xfig4/rc1/rc1/n_pop_log_log.csv
    jobid: 18
    reason: Missing output files: simulation_data/xfig4/rc1/rc1/n_pop_log_log.csv
    wildcards: experiment=xfig4, treatment=rc1, simulation=rc1
    resources: tmpdir=/tmp

[Fri Jul 18 12:27:21 2025]
rule generate_simulation_data:
    output: simulation_data/xfig4/rc1_noise/noise_0.25/n_pop_log_log.csv
    jobid: 21
    reason: Missing output files: simulation_data/xfig4/rc1_noise/noise_0.25/n_pop_log_log.csv
    wildcards: experiment=xfig4, treatment=rc1_noise, simulation=noise_0.25
    resources: tmpdir=/tmp

[Fri Jul 18 12:27:21 2025]
rule generate_simulation_data:
    output: simulation_data/xfig4/rc1_unequal/rc1_unequal/n_pop_log_log.csv
    jobid: 24
    reason: Missing output files: simulation_data/xfig4/rc1_unequal/rc1_unequal/n_pop_log_log.csv
    wildcards: experiment=xfig4, treatment=rc1_unequal, simulation=rc1_unequal
    resources: tmpdir=/tmp

[Fri Jul 18 12:27:21 2025]
rule generate_simulation_data:
    output: simulation_data/xfig2/s1/s1/n_pop_log_log.csv
    jobid: 4
    reason: Missing output files: simulation_data/xfig2/s1/s1/n_pop_log_log.csv
    wildcards: experiment=xfig2, treatment=s1, simulation=s1
    resources: tmpdir=/tmp

[Fri Jul 18 12:27:21 2025]
rule generate_simulation_data:
    output: simulation_data/xfig2/s4/s4/n_pop_log_log.csv
    jobid: 7
    reason: Missing output files: simulation_data/xfig2/s4/s4/n_pop_log_log.csv
    wildcards: experiment=xfig2, treatment=s4, simulation=s4
    resources: tmpdir=/tmp

[Fri Jul 18 12:27:21 2025]
rule generate_simulation_data:
    output: simulation_data/xfig3/rc1/radius_0.05/n_pop_log_log.csv
    jobid: 11
    reason: Missing output files: simulation_data/xfig3/rc1/radius_0.05/n_pop_log_log.csv
    wildcards: experiment=xfig3, treatment=rc1, simulation=radius_0.05
    resources: tmpdir=/tmp

[Fri Jul 18 12:27:39 2025]
Finished job 4.
1 of 33 steps (3%) done
Select jobs to execute...

[Fri Jul 18 12:27:39 2025]
rule generate_simulation_data:
    output: simulation_data/xfig3/rc1_noise/radius_0.05__noise0.1/n_pop_log_log.csv
    jobid: 14
    reason: Missing output files: simulation_data/xfig3/rc1_noise/radius_0.05__noise0.1/n_pop_log_log.csv
    wildcards: experiment=xfig3, treatment=rc1_noise, simulation=radius_0.05__noise0.1
    resources: tmpdir=/tmp

[Fri Jul 18 12:28:27 2025]
Finished job 18.
2 of 33 steps (6%) done
[Fri Jul 18 12:28:30 2025]
Finished job 11.
3 of 33 steps (9%) done
Shutting down, this might take some time.
Exiting because a job execution failed. Look above for error message
Complete log: .snakemake/log/2025-07-18T122720.471107.snakemake.log
