host: beepboop
Building DAG of jobs...
Using shell: /usr/bin/bash
Provided cores: 3
Rules claiming more threads will be scaled down.
Job stats:
job                        count
-----------------------  -------
all                            1
simulate_community_data        3
total                          4

Select jobs to execute...
Execute 3 jobs...

[Tue Feb 18 15:25:14 2025]
localrule simulate_community_data:
    output: results/exp1/c2/output.txt
    jobid: 3
    reason: Missing output files: results/exp1/c2/output.txt
    wildcards: exp=exp1, treatment=c2
    resources: tmpdir=/tmp


[Tue Feb 18 15:25:14 2025]
localrule simulate_community_data:
    output: results/exp1/c1/output.txt
    jobid: 2
    reason: Missing output files: results/exp1/c1/output.txt
    wildcards: exp=exp1, treatment=c1
    resources: tmpdir=/tmp


[Tue Feb 18 15:25:14 2025]
localrule simulate_community_data:
    output: results/exp1/s1/output.txt
    jobid: 1
    reason: Missing output files: results/exp1/s1/output.txt
    wildcards: exp=exp1, treatment=s1
    resources: tmpdir=/tmp

Waiting at most 5 seconds for missing files.
MissingOutputException in rule simulate_community_data in file /home/swani/Documents/computational_research_tools/homework4/SAMSARA/Snakefile, line 15:
Job 1  completed successfully, but some output files are missing. Missing files after 5 seconds. This might be due to filesystem latency. If that is the case, consider to increase the wait time with --latency-wait:
results/exp1/s1/output.txt (missing locally, parent dir contents: )
Waiting at most 5 seconds for missing files.
MissingOutputException in rule simulate_community_data in file /home/swani/Documents/computational_research_tools/homework4/SAMSARA/Snakefile, line 15:
Job 2  completed successfully, but some output files are missing. Missing files after 5 seconds. This might be due to filesystem latency. If that is the case, consider to increase the wait time with --latency-wait:
results/exp1/c1/output.txt (missing locally, parent dir contents: )
Waiting at most 5 seconds for missing files.
MissingOutputException in rule simulate_community_data in file /home/swani/Documents/computational_research_tools/homework4/SAMSARA/Snakefile, line 15:
Job 3  completed successfully, but some output files are missing. Missing files after 5 seconds. This might be due to filesystem latency. If that is the case, consider to increase the wait time with --latency-wait:
results/exp1/c2/output.txt (missing locally, parent dir contents: )
Shutting down, this might take some time.
Exiting because a job execution failed. Look above for error message
Complete log: .snakemake/log/2025-02-18T152514.505152.snakemake.log
WorkflowError:
At least one job did not complete successfully.
