host: beepboop
Building DAG of jobs...
Using shell: /usr/bin/bash
Provided cores: 3
Rules claiming more threads will be scaled down.
Job stats:
job                          count
-------------------------  -------
all                              1
processing_community_data        2
total                            3

Select jobs to execute...
Execute 2 jobs...

[Mon Feb 24 18:57:50 2025]
localrule processing_community_data:
    input: Result_master_dir/Fig2/c1/done_simulation.txt
    output: Result_master_dir/Fig2/c1/done_processing.txt
    jobid: 3
    reason: Missing output files: Result_master_dir/Fig2/c1/done_processing.txt
    wildcards: exp=Fig2, treatment=c1
    resources: tmpdir=/tmp


[Mon Feb 24 18:57:50 2025]
localrule processing_community_data:
    input: Result_master_dir/Fig2/s1/done_simulation.txt
    output: Result_master_dir/Fig2/s1/done_processing.txt
    jobid: 1
    reason: Missing output files: Result_master_dir/Fig2/s1/done_processing.txt
    wildcards: exp=Fig2, treatment=s1
    resources: tmpdir=/tmp

[Mon Feb 24 18:57:54 2025]
Finished job 1.
1 of 3 steps (33%) done
[Mon Feb 24 18:57:54 2025]
Finished job 3.
2 of 3 steps (67%) done
Select jobs to execute...
Execute 1 jobs...

[Mon Feb 24 18:57:54 2025]
localrule all:
    input: Result_master_dir/Fig2/s1/done_processing.txt, Result_master_dir/Fig2/c1/done_processing.txt
    jobid: 0
    reason: Input files updated by another job: Result_master_dir/Fig2/c1/done_processing.txt, Result_master_dir/Fig2/s1/done_processing.txt
    resources: tmpdir=/tmp

[Mon Feb 24 18:57:54 2025]
Finished job 0.
3 of 3 steps (100%) done
Complete log: .snakemake/log/2025-02-24T185750.050690.snakemake.log
