Building DAG of jobs...
Using shell: /usr/bin/bash
Provided cores: 6
Rules claiming more threads will be scaled down.
Job stats:
job                         count
------------------------  -------
all                             1
analyse_simulations             7
clone_simulation_data           4
compile_data                    3
generate_simulation_data        3
process_community_data          7
total                          25

Select jobs to execute...

[Thu Jul 17 11:00:03 2025]
rule generate_simulation_data:
    output: simulation_data/xfig3/rc1/radius_0.05/n_pop_log_log.csv
    jobid: 11
    reason: Code has changed since last execution
    wildcards: experiment=xfig3, treatment=rc1, simulation=radius_0.05
    resources: tmpdir=/tmp

[Thu Jul 17 11:00:03 2025]
rule generate_simulation_data:
    output: simulation_data/xfig4/rc1/rc1/n_pop_log_log.csv
    jobid: 18
    reason: Missing output files: simulation_data/xfig4/rc1/rc1/n_pop_log_log.csv; Code has changed since last execution
    wildcards: experiment=xfig4, treatment=rc1, simulation=rc1
    resources: tmpdir=/tmp

[Thu Jul 17 11:00:03 2025]
rule generate_simulation_data:
    output: simulation_data/xfig2/s1/s1/n_pop_log_log.csv
    jobid: 4
    reason: Code has changed since last execution
    wildcards: experiment=xfig2, treatment=s1, simulation=s1
    resources: tmpdir=/tmp

[Thu Jul 17 11:00:22 2025]
Finished job 4.
1 of 25 steps (4%) done
Select jobs to execute...

[Thu Jul 17 11:00:22 2025]
rule process_community_data:
    input: simulation_data/xfig2/s1/s1/n_pop_log_log.csv
    output: simulation_data/xfig2/s1/s1/sign_ajd_res_log.csv
    jobid: 3
    reason: Input files updated by another job: simulation_data/xfig2/s1/s1/n_pop_log_log.csv
    wildcards: experiment=xfig2, treatment=s1, simulation=s1
    resources: tmpdir=/tmp


[Thu Jul 17 11:00:22 2025]
rule clone_simulation_data:
    input: simulation_data/xfig2/s1/s1/n_pop_log_log.csv
    output: simulation_data/xfig2/s4/s4/n_pop_log_log.csv
    jobid: 7
    reason: Missing output files: simulation_data/xfig2/s4/s4/n_pop_log_log.csv; Input files updated by another job: simulation_data/xfig2/s1/s1/n_pop_log_log.csv
    wildcards: experiment=xfig2, treatment=s4, simulation=s4
    resources: tmpdir=/tmp

[Thu Jul 17 11:00:27 2025]
Finished job 3.
2 of 25 steps (8%) done
Terminating processes on user request, this might take some time.
Complete log: .snakemake/log/2025-07-17T110001.732881.snakemake.log
