Building DAG of jobs...
Using shell: /usr/bin/bash
Provided cores: 6
Rules claiming more threads will be scaled down.
Job stats:
job                        count
-----------------------  -------
all                            1
process_community_data         9
simulate_community_data        4
total                         14

Select jobs to execute...

[Wed Jul 16 10:47:53 2025]
rule simulate_community_data:
    output: simulation_data/xfig4/rc1_noise/noise_0.25/n_pop_log_log.csv
    jobid: 15
    reason: Missing output files: simulation_data/xfig4/rc1_noise/noise_0.25/n_pop_log_log.csv
    wildcards: experiment=xfig4, treatment=rc1_noise, simulation=noise_0.25
    resources: tmpdir=/tmp


[Wed Jul 16 10:47:53 2025]
rule simulate_community_data:
    output: simulation_data/xfig4/rc1_unequal/rc1_unequal/n_pop_log_log.csv
    jobid: 17
    reason: Missing output files: simulation_data/xfig4/rc1_unequal/rc1_unequal/n_pop_log_log.csv
    wildcards: experiment=xfig4, treatment=rc1_unequal, simulation=rc1_unequal
    resources: tmpdir=/tmp

[Wed Jul 16 10:47:53 2025]
Error in rule simulate_community_data:
    jobid: 15
    output: simulation_data/xfig4/rc1_noise/noise_0.25/n_pop_log_log.csv
    shell:
        
    if [ "True" = "True" ]; then
        echo "Skipping simulation for clone: xfig4/rc1_noise/noise_0.25"
        exit 1  # Forces Snakemake to try clone_simulation_data instead
    fi

    if [ "None" = "multi_simulation.py" ]; then
        echo "Skipping simulation for multi_simulation.py — handled separately."
        exit 0
    fi

    python3 simulation_scripts/None       xfig4       rc1_noise       noise_0.25       
    
        (one of the commands exited with non-zero exit code; note that snakemake uses bash strict mode!)


[Wed Jul 16 10:47:53 2025]
rule process_community_data:
    input: simulation_data/xfig4/rc1/rc1/n_pop_log_log.csv
    output: analysis_data/xfig4/rc1/rc1/sign_ajd_res_log.csv
    jobid: 5
    reason: Missing output files: analysis_data/xfig4/rc1/rc1/sign_ajd_res_log.csv
    wildcards: experiment=xfig4, treatment=rc1, simulation=rc1
    resources: tmpdir=/tmp

[Wed Jul 16 10:47:53 2025]
Error in rule simulate_community_data:
    jobid: 17
    output: simulation_data/xfig4/rc1_unequal/rc1_unequal/n_pop_log_log.csv
    shell:
        
    if [ "True" = "True" ]; then
        echo "Skipping simulation for clone: xfig4/rc1_unequal/rc1_unequal"
        exit 1  # Forces Snakemake to try clone_simulation_data instead
    fi

    if [ "None" = "multi_simulation.py" ]; then
        echo "Skipping simulation for multi_simulation.py — handled separately."
        exit 0
    fi

    python3 simulation_scripts/None       xfig4       rc1_unequal       rc1_unequal       
    
        (one of the commands exited with non-zero exit code; note that snakemake uses bash strict mode!)


[Wed Jul 16 10:47:54 2025]
rule process_community_data:
    input: simulation_data/xfig5/nw_s1/nw_s1/n_pop_log_log.csv
    output: analysis_data/xfig5/nw_s1/nw_s1/sign_ajd_res_log.csv
    jobid: 7
    reason: Missing output files: analysis_data/xfig5/nw_s1/nw_s1/sign_ajd_res_log.csv
    wildcards: experiment=xfig5, treatment=nw_s1, simulation=nw_s1
    resources: tmpdir=/tmp


[Wed Jul 16 10:47:54 2025]
rule process_community_data:
    input: simulation_data/xfig2/s1/s1/n_pop_log_log.csv
    output: analysis_data/xfig2/s1/s1/sign_ajd_res_log.csv
    jobid: 1
    reason: Missing output files: analysis_data/xfig2/s1/s1/sign_ajd_res_log.csv
    wildcards: experiment=xfig2, treatment=s1, simulation=s1
    resources: tmpdir=/tmp


[Wed Jul 16 10:47:54 2025]
rule simulate_community_data:
    output: simulation_data/xfig2/s4/s4/n_pop_log_log.csv
    jobid: 11
    reason: Missing output files: simulation_data/xfig2/s4/s4/n_pop_log_log.csv
    wildcards: experiment=xfig2, treatment=s4, simulation=s4
    resources: tmpdir=/tmp

[Wed Jul 16 10:47:54 2025]
Error in rule simulate_community_data:
    jobid: 11
    output: simulation_data/xfig2/s4/s4/n_pop_log_log.csv
    shell:
        
    if [ "True" = "True" ]; then
        echo "Skipping simulation for clone: xfig2/s4/s4"
        exit 1  # Forces Snakemake to try clone_simulation_data instead
    fi

    if [ "None" = "multi_simulation.py" ]; then
        echo "Skipping simulation for multi_simulation.py — handled separately."
        exit 0
    fi

    python3 simulation_scripts/None       xfig2       s4       s4       
    
        (one of the commands exited with non-zero exit code; note that snakemake uses bash strict mode!)

[Wed Jul 16 10:47:55 2025]
Error in rule process_community_data:
    jobid: 5
    input: simulation_data/xfig4/rc1/rc1/n_pop_log_log.csv
    output: analysis_data/xfig4/rc1/rc1/sign_ajd_res_log.csv
    shell:
        
    mkdir -p analysis_data/xfig4/rc1/rc1
    Rscript analysis_scripts/process_composite_fixed.R       xfig4       rc1       rc1       "--noise=0"
    
        (one of the commands exited with non-zero exit code; note that snakemake uses bash strict mode!)

Waiting at most 60 seconds for missing files.
MissingOutputException in rule process_community_data in file /mnt/share/PROJECTS/SomSOM/Step_III/SAMSARA/Snakefile.smk, line 125:
Job 7  completed successfully, but some output files are missing. Missing files after 60 seconds. This might be due to filesystem latency. If that is the case, consider to increase the wait time with --latency-wait:
analysis_data/xfig5/nw_s1/nw_s1/sign_ajd_res_log.csv
Waiting at most 60 seconds for missing files.
MissingOutputException in rule process_community_data in file /mnt/share/PROJECTS/SomSOM/Step_III/SAMSARA/Snakefile.smk, line 125:
Job 1  completed successfully, but some output files are missing. Missing files after 60 seconds. This might be due to filesystem latency. If that is the case, consider to increase the wait time with --latency-wait:
analysis_data/xfig2/s1/s1/sign_ajd_res_log.csv
Shutting down, this might take some time.
Exiting because a job execution failed. Look above for error message
Complete log: .snakemake/log/2025-07-16T104753.207558.snakemake.log
