Building DAG of jobs...
Using shell: /usr/bin/bash
Provided cores: 6
Rules claiming more threads will be scaled down.
Job stats:
job              count
-------------  -------
all                  1
clone                4
process_clone        4
process_sim          6
simulate             6
total               21

Select jobs to execute...

[Fri Jul 18 16:04:10 2025]
rule simulate:
    input: simulation_scripts/main_simulation.py
    output: simulation_data/xfig4/rc1/rc1/.simulated
    jobid: 3
    reason: Missing output files: simulation_data/xfig4/rc1/rc1/.simulated
    wildcards: exp=xfig4, tr=rc1, sim=rc1
    resources: tmpdir=/tmp

[Fri Jul 18 16:04:10 2025]
rule simulate:
    input: simulation_scripts/main_simulation.py
    output: simulation_data/xfig2/s1/s1/.simulated
    jobid: 1
    reason: Missing output files: simulation_data/xfig2/s1/s1/.simulated
    wildcards: exp=xfig2, tr=s1, sim=s1
    resources: tmpdir=/tmp

[Fri Jul 18 16:04:10 2025]
rule simulate:
    input: simulation_scripts/multi_simulation.py
    output: simulation_data/xfig5/nw_c2/nw_c2/.simulated
    jobid: 6
    reason: Missing output files: simulation_data/xfig5/nw_c2/nw_c2/.simulated
    wildcards: exp=xfig5, tr=nw_c2, sim=nw_c2
    resources: tmpdir=/tmp

[Fri Jul 18 16:04:10 2025]
rule simulate:
    input: simulation_scripts/multi_simulation.py
    output: simulation_data/xfig5/nw_c1/nw_c1/.simulated
    jobid: 5
    reason: Missing output files: simulation_data/xfig5/nw_c1/nw_c1/.simulated
    wildcards: exp=xfig5, tr=nw_c1, sim=nw_c1
    resources: tmpdir=/tmp

[Fri Jul 18 16:04:10 2025]
rule simulate:
    input: simulation_scripts/multi_simulation.py
    output: simulation_data/xfig5/nw_s1/nw_s1/.simulated
    jobid: 4
    reason: Missing output files: simulation_data/xfig5/nw_s1/nw_s1/.simulated
    wildcards: exp=xfig5, tr=nw_s1, sim=nw_s1
    resources: tmpdir=/tmp

[Fri Jul 18 16:04:10 2025]
rule simulate:
    input: simulation_scripts/main_simulation.py
    output: simulation_data/xfig3/rc1/radius_0.05/.simulated
    jobid: 2
    reason: Missing output files: simulation_data/xfig3/rc1/radius_0.05/.simulated
    wildcards: exp=xfig3, tr=rc1, sim=radius_0.05
    resources: tmpdir=/tmp

[Fri Jul 18 16:04:33 2025]
Finished job 1.
1 of 21 steps (5%) done
Select jobs to execute...

[Fri Jul 18 16:04:33 2025]
rule process_sim:
    input: simulation_data/xfig2/s1/s1/.simulated
    output: simulation_data/xfig2/s1/s1/sign_ajd_res_log.csv
    jobid: 11
    reason: Missing output files: simulation_data/xfig2/s1/s1/sign_ajd_res_log.csv; Input files updated by another job: simulation_data/xfig2/s1/s1/.simulated
    wildcards: exp=xfig2, tr=s1, sim=s1
    resources: tmpdir=/tmp

[Fri Jul 18 16:04:39 2025]
Finished job 11.
2 of 21 steps (10%) done
Select jobs to execute...

[Fri Jul 18 16:04:39 2025]
rule clone:
    input: simulation_data/xfig2/s1/s1/.simulated
    output: simulation_data/xfig2/s4/s4/.cloned
    jobid: 7
    reason: Missing output files: simulation_data/xfig2/s4/s4/.cloned; Input files updated by another job: simulation_data/xfig2/s1/s1/.simulated
    wildcards: exp=xfig2, tr=s4, sim=s4
    resources: tmpdir=/tmp

[Fri Jul 18 16:04:41 2025]
Finished job 7.
3 of 21 steps (14%) done
Select jobs to execute...

[Fri Jul 18 16:04:41 2025]
rule process_clone:
    input: simulation_data/xfig2/s4/s4/.cloned
    output: simulation_data/xfig2/s4/s4/sign_ajd_res_log.csv
    jobid: 17
    reason: Missing output files: simulation_data/xfig2/s4/s4/sign_ajd_res_log.csv; Input files updated by another job: simulation_data/xfig2/s4/s4/.cloned
    wildcards: exp=xfig2, tr=s4, sim=s4
    resources: tmpdir=/tmp

[Fri Jul 18 16:04:47 2025]
Finished job 17.
4 of 21 steps (19%) done
[Fri Jul 18 16:05:15 2025]
Finished job 4.
5 of 21 steps (24%) done
Select jobs to execute...

[Fri Jul 18 16:05:15 2025]
rule process_sim:
    input: simulation_data/xfig5/nw_s1/nw_s1/.simulated
    output: simulation_data/xfig5/nw_s1/nw_s1/sign_ajd_res_log.csv
    jobid: 14
    reason: Missing output files: simulation_data/xfig5/nw_s1/nw_s1/sign_ajd_res_log.csv; Input files updated by another job: simulation_data/xfig5/nw_s1/nw_s1/.simulated
    wildcards: exp=xfig5, tr=nw_s1, sim=nw_s1
    resources: tmpdir=/tmp

[Fri Jul 18 16:05:16 2025]
Finished job 5.
6 of 21 steps (29%) done
Select jobs to execute...

[Fri Jul 18 16:05:16 2025]
rule process_sim:
    input: simulation_data/xfig5/nw_c1/nw_c1/.simulated
    output: simulation_data/xfig5/nw_c1/nw_c1/sign_ajd_res_log.csv
    jobid: 15
    reason: Missing output files: simulation_data/xfig5/nw_c1/nw_c1/sign_ajd_res_log.csv; Input files updated by another job: simulation_data/xfig5/nw_c1/nw_c1/.simulated
    wildcards: exp=xfig5, tr=nw_c1, sim=nw_c1
    resources: tmpdir=/tmp

[Fri Jul 18 16:05:18 2025]
Finished job 6.
7 of 21 steps (33%) done
Select jobs to execute...

[Fri Jul 18 16:05:18 2025]
rule process_sim:
    input: simulation_data/xfig5/nw_c2/nw_c2/.simulated
    output: simulation_data/xfig5/nw_c2/nw_c2/sign_ajd_res_log.csv
    jobid: 16
    reason: Missing output files: simulation_data/xfig5/nw_c2/nw_c2/sign_ajd_res_log.csv; Input files updated by another job: simulation_data/xfig5/nw_c2/nw_c2/.simulated
    wildcards: exp=xfig5, tr=nw_c2, sim=nw_c2
    resources: tmpdir=/tmp

[Fri Jul 18 16:05:21 2025]
Finished job 14.
8 of 21 steps (38%) done
[Fri Jul 18 16:05:21 2025]
Finished job 15.
9 of 21 steps (43%) done
[Fri Jul 18 16:05:24 2025]
Finished job 16.
10 of 21 steps (48%) done
[Fri Jul 18 16:05:35 2025]
Finished job 2.
11 of 21 steps (52%) done
Select jobs to execute...

[Fri Jul 18 16:05:35 2025]
rule process_sim:
    input: simulation_data/xfig3/rc1/radius_0.05/.simulated
    output: simulation_data/xfig3/rc1/radius_0.05/sign_ajd_res_log.csv
    jobid: 12
    reason: Missing output files: simulation_data/xfig3/rc1/radius_0.05/sign_ajd_res_log.csv; Input files updated by another job: simulation_data/xfig3/rc1/radius_0.05/.simulated
    wildcards: exp=xfig3, tr=rc1, sim=radius_0.05
    resources: tmpdir=/tmp


[Fri Jul 18 16:05:35 2025]
rule clone:
    input: simulation_data/xfig3/rc1/radius_0.05/.simulated
    output: simulation_data/xfig3/rc1_noise/radius_0.05__noise0.1/.cloned
    jobid: 8
    reason: Missing output files: simulation_data/xfig3/rc1_noise/radius_0.05__noise0.1/.cloned; Input files updated by another job: simulation_data/xfig3/rc1/radius_0.05/.simulated
    wildcards: exp=xfig3, tr=rc1_noise, sim=radius_0.05__noise0.1
    resources: tmpdir=/tmp

[Fri Jul 18 16:05:36 2025]
Finished job 3.
12 of 21 steps (57%) done
Select jobs to execute...

[Fri Jul 18 16:05:36 2025]
rule process_sim:
    input: simulation_data/xfig4/rc1/rc1/.simulated
    output: simulation_data/xfig4/rc1/rc1/sign_ajd_res_log.csv
    jobid: 13
    reason: Missing output files: simulation_data/xfig4/rc1/rc1/sign_ajd_res_log.csv; Input files updated by another job: simulation_data/xfig4/rc1/rc1/.simulated
    wildcards: exp=xfig4, tr=rc1, sim=rc1
    resources: tmpdir=/tmp


[Fri Jul 18 16:05:36 2025]
rule clone:
    input: simulation_data/xfig4/rc1/rc1/.simulated
    output: simulation_data/xfig4/rc1_unequal/rc1_unequal/.cloned
    jobid: 10
    reason: Missing output files: simulation_data/xfig4/rc1_unequal/rc1_unequal/.cloned; Input files updated by another job: simulation_data/xfig4/rc1/rc1/.simulated
    wildcards: exp=xfig4, tr=rc1_unequal, sim=rc1_unequal
    resources: tmpdir=/tmp

[Fri Jul 18 16:05:36 2025]
rule clone:
    input: simulation_data/xfig4/rc1/rc1/.simulated
    output: simulation_data/xfig4/rc1_noise/noise_0.25/.cloned
    jobid: 9
    reason: Missing output files: simulation_data/xfig4/rc1_noise/noise_0.25/.cloned; Input files updated by another job: simulation_data/xfig4/rc1/rc1/.simulated
    wildcards: exp=xfig4, tr=rc1_noise, sim=noise_0.25
    resources: tmpdir=/tmp

[Fri Jul 18 16:05:38 2025]
Finished job 8.
13 of 21 steps (62%) done
Select jobs to execute...

[Fri Jul 18 16:05:38 2025]
rule process_clone:
    input: simulation_data/xfig3/rc1_noise/radius_0.05__noise0.1/.cloned
    output: simulation_data/xfig3/rc1_noise/radius_0.05__noise0.1/sign_ajd_res_log.csv
    jobid: 18
    reason: Missing output files: simulation_data/xfig3/rc1_noise/radius_0.05__noise0.1/sign_ajd_res_log.csv; Input files updated by another job: simulation_data/xfig3/rc1_noise/radius_0.05__noise0.1/.cloned
    wildcards: exp=xfig3, tr=rc1_noise, sim=radius_0.05__noise0.1
    resources: tmpdir=/tmp

[Fri Jul 18 16:05:40 2025]
Finished job 9.
14 of 21 steps (67%) done
Select jobs to execute...

[Fri Jul 18 16:05:40 2025]
rule process_clone:
    input: simulation_data/xfig4/rc1_noise/noise_0.25/.cloned
    output: simulation_data/xfig4/rc1_noise/noise_0.25/sign_ajd_res_log.csv
    jobid: 19
    reason: Missing output files: simulation_data/xfig4/rc1_noise/noise_0.25/sign_ajd_res_log.csv; Input files updated by another job: simulation_data/xfig4/rc1_noise/noise_0.25/.cloned
    wildcards: exp=xfig4, tr=rc1_noise, sim=noise_0.25
    resources: tmpdir=/tmp

[Fri Jul 18 16:05:40 2025]
Finished job 10.
15 of 21 steps (71%) done
Select jobs to execute...

[Fri Jul 18 16:05:40 2025]
rule process_clone:
    input: simulation_data/xfig4/rc1_unequal/rc1_unequal/.cloned
    output: simulation_data/xfig4/rc1_unequal/rc1_unequal/sign_ajd_res_log.csv
    jobid: 20
    reason: Missing output files: simulation_data/xfig4/rc1_unequal/rc1_unequal/sign_ajd_res_log.csv; Input files updated by another job: simulation_data/xfig4/rc1_unequal/rc1_unequal/.cloned
    wildcards: exp=xfig4, tr=rc1_unequal, sim=rc1_unequal
    resources: tmpdir=/tmp

[Fri Jul 18 16:05:41 2025]
Finished job 12.
16 of 21 steps (76%) done
[Fri Jul 18 16:05:42 2025]
Error in rule process_sim:
    jobid: 13
    input: simulation_data/xfig4/rc1/rc1/.simulated
    output: simulation_data/xfig4/rc1/rc1/sign_ajd_res_log.csv
    shell:
        Rscript analysis_scripts/process_composite_fixed.R xfig4 rc1 rc1 '--noise=0'
        (one of the commands exited with non-zero exit code; note that snakemake uses bash strict mode!)

[Fri Jul 18 16:05:43 2025]
Finished job 18.
17 of 21 steps (81%) done
[Fri Jul 18 16:05:45 2025]
Error in rule process_clone:
    jobid: 20
    input: simulation_data/xfig4/rc1_unequal/rc1_unequal/.cloned
    output: simulation_data/xfig4/rc1_unequal/rc1_unequal/sign_ajd_res_log.csv
    shell:
        Rscript analysis_scripts/process_composite_unequal.R xfig4 rc1_unequal rc1_unequal '--noise=0'
        (one of the commands exited with non-zero exit code; note that snakemake uses bash strict mode!)

[Fri Jul 18 16:05:45 2025]
Error in rule process_clone:
    jobid: 19
    input: simulation_data/xfig4/rc1_noise/noise_0.25/.cloned
    output: simulation_data/xfig4/rc1_noise/noise_0.25/sign_ajd_res_log.csv
    shell:
        Rscript analysis_scripts/process_composite_fixed.R xfig4 rc1_noise noise_0.25 '--noise=0.25'
        (one of the commands exited with non-zero exit code; note that snakemake uses bash strict mode!)

Shutting down, this might take some time.
Exiting because a job execution failed. Look above for error message
Complete log: .snakemake/log/2025-07-18T160410.131874.snakemake.log
