Building DAG of jobs...
Using shell: /usr/bin/bash
Provided cores: 6
Rules claiming more threads will be scaled down.
Job stats:
job                       count
----------------------  -------
all                           1
process_community_data        1
total                         2

Select jobs to execute...

[Wed Jul 16 13:51:24 2025]
rule process_community_data:
    input: simulation_data/xfig4/rc1_unequal/rc1_unequal/n_pop_log_log.csv
    output: simulation_data/xfig4/rc1_unequal/rc1_unequal/sign_ajd_res_log.csv
    jobid: 17
    reason: Missing output files: simulation_data/xfig4/rc1_unequal/rc1_unequal/sign_ajd_res_log.csv
    wildcards: experiment=xfig4, treatment=rc1_unequal, simulation=rc1_unequal
    resources: tmpdir=/tmp

[Wed Jul 16 13:51:37 2025]
Finished job 17.
1 of 2 steps (50%) done
Select jobs to execute...

[Wed Jul 16 13:51:37 2025]
localrule all:
    input: simulation_data/xfig2/s1/s1/sign_ajd_res_log.csv, simulation_data/xfig3/rc1/radius_0.05/sign_ajd_res_log.csv, simulation_data/xfig4/rc1/rc1/sign_ajd_res_log.csv, simulation_data/xfig5/nw_s1/nw_s1/sign_ajd_res_log.csv, simulation_data/xfig5/nw_c1/nw_c1/sign_ajd_res_log.csv, simulation_data/xfig5/nw_c2/nw_c2/sign_ajd_res_log.csv, simulation_data/xfig2/s4/s4/sign_ajd_res_log.csv, simulation_data/xfig3/rc1_noise/radius_0.05__noise0.1/sign_ajd_res_log.csv, simulation_data/xfig4/rc1_noise/noise_0.25/sign_ajd_res_log.csv, simulation_data/xfig4/rc1_unequal/rc1_unequal/sign_ajd_res_log.csv
    jobid: 0
    reason: Input files updated by another job: simulation_data/xfig4/rc1_unequal/rc1_unequal/sign_ajd_res_log.csv
    resources: tmpdir=/tmp

[Wed Jul 16 13:51:37 2025]
Finished job 0.
2 of 2 steps (100%) done
Complete log: .snakemake/log/2025-07-16T135123.565445.snakemake.log
