Building DAG of jobs...
Using shell: /usr/bin/bash
Provided cores: 6
Rules claiming more threads will be scaled down.
Job stats:
job                       count
----------------------  -------
all                           1
process_community_data        3
total                         4

Select jobs to execute...

[Wed Jul 16 13:48:16 2025]
rule process_community_data:
    input: simulation_data/xfig3/rc1_noise/radius_0.05__noise0.1/n_pop_log_log.csv
    output: simulation_data/xfig3/rc1_noise/radius_0.05__noise0.1/sign_ajd_res_log.csv
    jobid: 13
    reason: Missing output files: simulation_data/xfig3/rc1_noise/radius_0.05__noise0.1/sign_ajd_res_log.csv
    wildcards: experiment=xfig3, treatment=rc1_noise, simulation=radius_0.05__noise0.1
    resources: tmpdir=/tmp


[Wed Jul 16 13:48:17 2025]
rule process_community_data:
    input: simulation_data/xfig4/rc1_unequal/rc1_unequal/n_pop_log_log.csv
    output: simulation_data/xfig4/rc1_unequal/rc1_unequal/sign_ajd_res_log.csv
    jobid: 17
    reason: Missing output files: simulation_data/xfig4/rc1_unequal/rc1_unequal/sign_ajd_res_log.csv
    wildcards: experiment=xfig4, treatment=rc1_unequal, simulation=rc1_unequal
    resources: tmpdir=/tmp


[Wed Jul 16 13:48:17 2025]
rule process_community_data:
    input: simulation_data/xfig4/rc1/rc1/n_pop_log_log.csv
    output: simulation_data/xfig4/rc1/rc1/sign_ajd_res_log.csv
    jobid: 5
    reason: Updated input files: simulation_data/xfig4/rc1/rc1/n_pop_log_log.csv
    wildcards: experiment=xfig4, treatment=rc1, simulation=rc1
    resources: tmpdir=/tmp

[Wed Jul 16 13:48:20 2025]
Error in rule process_community_data:
    jobid: 17
    input: simulation_data/xfig4/rc1_unequal/rc1_unequal/n_pop_log_log.csv
    output: simulation_data/xfig4/rc1_unequal/rc1_unequal/sign_ajd_res_log.csv
    shell:
        
        mkdir -p analysis_data/xfig4/rc1_unequal/rc1_unequal
        Rscript analysis_scripts/process_composite_unequal.R xfig4 rc1_unequal rc1_unequal "--noise=0"
        
        (one of the commands exited with non-zero exit code; note that snakemake uses bash strict mode!)

[Wed Jul 16 13:48:22 2025]
Finished job 13.
1 of 4 steps (25%) done
[Wed Jul 16 13:48:30 2025]
Finished job 5.
2 of 4 steps (50%) done
Shutting down, this might take some time.
Exiting because a job execution failed. Look above for error message
Complete log: .snakemake/log/2025-07-16T134815.666241.snakemake.log
