host: beepboop
Building DAG of jobs...
Using shell: /usr/bin/bash
Provided cores: 3
Rules claiming more threads will be scaled down.
Job stats:
job                        count
-----------------------  -------
all                            1
simulate_community_data        3
total                          4

Select jobs to execute...
Traceback (most recent call last):

  File "/home/swani/miniforge3/lib/python3.12/site-packages/snakemake/cli.py", line 2157, in args_to_api
    dag_api.execute_workflow(

  File "/home/swani/miniforge3/lib/python3.12/site-packages/snakemake/api.py", line 597, in execute_workflow
    workflow.execute(

  File "/home/swani/miniforge3/lib/python3.12/site-packages/snakemake/workflow.py", line 1283, in execute
    raise e

  File "/home/swani/miniforge3/lib/python3.12/site-packages/snakemake/workflow.py", line 1279, in execute
    success = self.scheduler.schedule()
              ^^^^^^^^^^^^^^^^^^^^^^^^^

  File "/home/swani/miniforge3/lib/python3.12/site-packages/snakemake/scheduler.py", line 282, in schedule
    run = self.job_selector(needrun)
          ^^^^^^^^^^^^^^^^^^^^^^^^^^

  File "/home/swani/miniforge3/lib/python3.12/site-packages/snakemake/scheduler.py", line 495, in job_selector
    return self._job_selector(jobs)
           ^^^^^^^^^^^^^^^^^^^^^^^^

  File "/home/swani/miniforge3/lib/python3.12/site-packages/snakemake/scheduler.py", line 627, in job_selector_ilp
    status = self._solve_ilp(prob, time_limit=10)
             ^^^^^^^^^^^^^^^^^^^^^^^^^^^^^^^^^^^^

  File "/home/swani/miniforge3/lib/python3.12/site-packages/snakemake/scheduler.py", line 676, in _solve_ilp
    return prob.solve(solver)
           ^^^^^^^^^^^^^^^^^^

  File "/home/swani/miniforge3/lib/python3.12/site-packages/pulp/pulp.py", line 1883, in solve
    status = solver.actualSolve(self, **kwargs)
             ^^^^^^^^^^^^^^^^^^^^^^^^^^^^^^^^^^

  File "/home/swani/miniforge3/lib/python3.12/site-packages/pulp/apis/coin_api.py", line 112, in actualSolve
    return self.solve_CBC(lp, **kwargs)
           ^^^^^^^^^^^^^^^^^^^^^^^^^^^^

  File "/home/swani/miniforge3/lib/python3.12/site-packages/pulp/apis/coin_api.py", line 181, in solve_CBC
    raise PulpSolverError(

pulp.apis.core.PulpSolverError: Pulp: Error while trying to execute, use msg=True for more detailscbc

