host: beepboop
Building DAG of jobs...
Using shell: /usr/bin/bash
Provided cores: 3
Rules claiming more threads will be scaled down.
Job stats:
job          count
---------  -------
all              1
plot_fig2        1
total            2

Select jobs to execute...
Execute 1 jobs...

[Thu Feb 27 13:34:13 2025]
localrule plot_fig2:
    input: Result_master_dir/Fig2/done_collecting.txt
    output: Result_master_dir/Fig2/done_plotting.txt
    jobid: 1
    reason: Missing output files: Result_master_dir/Fig2/done_plotting.txt
    wildcards: exp=Fig2
    resources: tmpdir=/tmp

[Thu Feb 27 13:34:14 2025]
Finished job 1.
1 of 2 steps (50%) done
Select jobs to execute...
Execute 1 jobs...

[Thu Feb 27 13:34:14 2025]
localrule all:
    input: Result_master_dir/Fig2/done_plotting.txt
    jobid: 0
    reason: Input files updated by another job: Result_master_dir/Fig2/done_plotting.txt
    resources: tmpdir=/tmp

[Thu Feb 27 13:34:14 2025]
Finished job 0.
2 of 2 steps (100%) done
Complete log: .snakemake/log/2025-02-27T133413.168114.snakemake.log
