Building DAG of jobs...
Using shell: /usr/bin/bash
Provided cores: 6
Rules claiming more threads will be scaled down.
Job stats:
job                         count
------------------------  -------
all                             1
analyse_simulations             6
compile_data                    4
generate_simulation_data        3
process_community_data          6
total                          20

Select jobs to execute...

[Wed Jul 16 15:30:43 2025]
rule generate_simulation_data:
    output: simulation_data/xfig2/s1/s1/n_pop_log_log.csv
    jobid: 4
    reason: Code has changed since last execution
    wildcards: experiment=xfig2, treatment=s1, simulation=s1
    resources: tmpdir=/tmp

[Wed Jul 16 15:30:44 2025]
rule process_community_data:
    input: simulation_data/xfig5/nw_c2/nw_c2/n_pop_log_log.csv
    output: simulation_data/xfig5/nw_c2/nw_c2/sign_ajd_res_log.csv
    jobid: 20
    reason: Code has changed since last execution
    wildcards: experiment=xfig5, treatment=nw_c2, simulation=nw_c2
    resources: tmpdir=/tmp


[Wed Jul 16 15:30:44 2025]
rule process_community_data:
    input: simulation_data/xfig5/nw_c1/nw_c1/n_pop_log_log.csv
    output: simulation_data/xfig5/nw_c1/nw_c1/sign_ajd_res_log.csv
    jobid: 18
    reason: Code has changed since last execution
    wildcards: experiment=xfig5, treatment=nw_c1, simulation=nw_c1
    resources: tmpdir=/tmp


[Wed Jul 16 15:30:44 2025]
rule generate_simulation_data:
    output: simulation_data/xfig4/rc1/rc1/n_pop_log_log.csv
    jobid: 12
    reason: Code has changed since last execution
    wildcards: experiment=xfig4, treatment=rc1, simulation=rc1
    resources: tmpdir=/tmp

[Wed Jul 16 15:30:44 2025]
rule process_community_data:
    input: simulation_data/xfig5/nw_s1/nw_s1/n_pop_log_log.csv
    output: simulation_data/xfig5/nw_s1/nw_s1/sign_ajd_res_log.csv
    jobid: 15
    reason: Code has changed since last execution
    wildcards: experiment=xfig5, treatment=nw_s1, simulation=nw_s1
    resources: tmpdir=/tmp


[Wed Jul 16 15:30:44 2025]
rule generate_simulation_data:
    output: simulation_data/xfig3/rc1/radius_0.05/n_pop_log_log.csv
    jobid: 8
    reason: Code has changed since last execution
    wildcards: experiment=xfig3, treatment=rc1, simulation=radius_0.05
    resources: tmpdir=/tmp

[Wed Jul 16 15:30:49 2025]
Finished job 20.
1 of 20 steps (5%) done
Select jobs to execute...

[Wed Jul 16 15:30:49 2025]
rule analyse_simulations:
    input: simulation_data/xfig5/nw_c2/nw_c2/sign_ajd_res_log.csv
    output: simulation_data/xfig5/nw_c2/nw_c2/infm_res.csv, simulation_data/xfig5/nw_c2/nw_c2/full_res.csv
    jobid: 19
    reason: Input files updated by another job: simulation_data/xfig5/nw_c2/nw_c2/sign_ajd_res_log.csv
    wildcards: experiment=xfig5, treatment=nw_c2, simulation=nw_c2
    resources: tmpdir=/tmp

[Wed Jul 16 15:30:49 2025]
Finished job 15.
2 of 20 steps (10%) done
[Wed Jul 16 15:30:49 2025]
Finished job 18.
3 of 20 steps (15%) done
Select jobs to execute...

[Wed Jul 16 15:30:49 2025]
rule analyse_simulations:
    input: simulation_data/xfig5/nw_c1/nw_c1/sign_ajd_res_log.csv
    output: simulation_data/xfig5/nw_c1/nw_c1/infm_res.csv, simulation_data/xfig5/nw_c1/nw_c1/full_res.csv
    jobid: 17
    reason: Input files updated by another job: simulation_data/xfig5/nw_c1/nw_c1/sign_ajd_res_log.csv
    wildcards: experiment=xfig5, treatment=nw_c1, simulation=nw_c1
    resources: tmpdir=/tmp


[Wed Jul 16 15:30:49 2025]
rule analyse_simulations:
    input: simulation_data/xfig5/nw_s1/nw_s1/sign_ajd_res_log.csv
    output: simulation_data/xfig5/nw_s1/nw_s1/infm_res.csv, simulation_data/xfig5/nw_s1/nw_s1/full_res.csv
    jobid: 14
    reason: Input files updated by another job: simulation_data/xfig5/nw_s1/nw_s1/sign_ajd_res_log.csv
    wildcards: experiment=xfig5, treatment=nw_s1, simulation=nw_s1
    resources: tmpdir=/tmp

[Wed Jul 16 15:30:50 2025]
Finished job 19.
4 of 20 steps (20%) done
[Wed Jul 16 15:30:51 2025]
Finished job 17.
5 of 20 steps (25%) done
[Wed Jul 16 15:30:51 2025]
Finished job 14.
6 of 20 steps (30%) done
Select jobs to execute...

[Wed Jul 16 15:30:51 2025]
rule compile_data:
    input: simulation_data/xfig5/nw_s1/nw_s1/infm_res.csv, simulation_data/xfig5/nw_s1/nw_s1/full_res.csv, simulation_data/xfig5/nw_c1/nw_c1/infm_res.csv, simulation_data/xfig5/nw_c1/nw_c1/full_res.csv, simulation_data/xfig5/nw_c2/nw_c2/infm_res.csv, simulation_data/xfig5/nw_c2/nw_c2/full_res.csv
    output: analysis_data/xfig5/infm_res_compiled.csv, analysis_data/xfig5/full_res_compiled.csv
    jobid: 13
    reason: Missing output files: analysis_data/xfig5/full_res_compiled.csv, analysis_data/xfig5/infm_res_compiled.csv; Input files updated by another job: simulation_data/xfig5/nw_c1/nw_c1/infm_res.csv, simulation_data/xfig5/nw_s1/nw_s1/infm_res.csv, simulation_data/xfig5/nw_c2/nw_c2/infm_res.csv, simulation_data/xfig5/nw_s1/nw_s1/full_res.csv, simulation_data/xfig5/nw_c2/nw_c2/full_res.csv, simulation_data/xfig5/nw_c1/nw_c1/full_res.csv
    wildcards: experiment=xfig5
    resources: tmpdir=/tmp

[Wed Jul 16 15:30:51 2025]
Finished job 13.
7 of 20 steps (35%) done
[Wed Jul 16 15:31:04 2025]
Finished job 4.
8 of 20 steps (40%) done
Select jobs to execute...

[Wed Jul 16 15:31:04 2025]
rule process_community_data:
    input: simulation_data/xfig2/s1/s1/n_pop_log_log.csv
    output: simulation_data/xfig2/s1/s1/sign_ajd_res_log.csv
    jobid: 3
    reason: Input files updated by another job: simulation_data/xfig2/s1/s1/n_pop_log_log.csv
    wildcards: experiment=xfig2, treatment=s1, simulation=s1
    resources: tmpdir=/tmp

[Wed Jul 16 15:31:08 2025]
Finished job 3.
9 of 20 steps (45%) done
Select jobs to execute...

[Wed Jul 16 15:31:08 2025]
rule analyse_simulations:
    input: simulation_data/xfig2/s1/s1/sign_ajd_res_log.csv
    output: simulation_data/xfig2/s1/s1/infm_res.csv, simulation_data/xfig2/s1/s1/full_res.csv
    jobid: 2
    reason: Input files updated by another job: simulation_data/xfig2/s1/s1/sign_ajd_res_log.csv
    wildcards: experiment=xfig2, treatment=s1, simulation=s1
    resources: tmpdir=/tmp

[Wed Jul 16 15:31:10 2025]
Finished job 2.
10 of 20 steps (50%) done
Select jobs to execute...

[Wed Jul 16 15:31:10 2025]
rule compile_data:
    input: simulation_data/xfig2/s1/s1/infm_res.csv, simulation_data/xfig2/s1/s1/full_res.csv
    output: analysis_data/xfig2/infm_res_compiled.csv, analysis_data/xfig2/full_res_compiled.csv
    jobid: 1
    reason: Missing output files: analysis_data/xfig2/infm_res_compiled.csv, analysis_data/xfig2/full_res_compiled.csv; Input files updated by another job: simulation_data/xfig2/s1/s1/full_res.csv, simulation_data/xfig2/s1/s1/infm_res.csv
    wildcards: experiment=xfig2
    resources: tmpdir=/tmp

[Wed Jul 16 15:31:10 2025]
Finished job 1.
11 of 20 steps (55%) done
[Wed Jul 16 15:31:49 2025]
Finished job 8.
12 of 20 steps (60%) done
Select jobs to execute...

[Wed Jul 16 15:31:49 2025]
rule process_community_data:
    input: simulation_data/xfig3/rc1/radius_0.05/n_pop_log_log.csv
    output: simulation_data/xfig3/rc1/radius_0.05/sign_ajd_res_log.csv
    jobid: 7
    reason: Input files updated by another job: simulation_data/xfig3/rc1/radius_0.05/n_pop_log_log.csv
    wildcards: experiment=xfig3, treatment=rc1, simulation=radius_0.05
    resources: tmpdir=/tmp

[Wed Jul 16 15:31:54 2025]
Finished job 7.
13 of 20 steps (65%) done
Select jobs to execute...

[Wed Jul 16 15:31:54 2025]
rule analyse_simulations:
    input: simulation_data/xfig3/rc1/radius_0.05/sign_ajd_res_log.csv
    output: simulation_data/xfig3/rc1/radius_0.05/infm_res.csv, simulation_data/xfig3/rc1/radius_0.05/full_res.csv
    jobid: 6
    reason: Input files updated by another job: simulation_data/xfig3/rc1/radius_0.05/sign_ajd_res_log.csv
    wildcards: experiment=xfig3, treatment=rc1, simulation=radius_0.05
    resources: tmpdir=/tmp

[Wed Jul 16 15:31:55 2025]
Finished job 6.
14 of 20 steps (70%) done
Select jobs to execute...

[Wed Jul 16 15:31:55 2025]
rule compile_data:
    input: simulation_data/xfig3/rc1/radius_0.05/infm_res.csv, simulation_data/xfig3/rc1/radius_0.05/full_res.csv
    output: analysis_data/xfig3/infm_res_compiled.csv, analysis_data/xfig3/full_res_compiled.csv
    jobid: 5
    reason: Missing output files: analysis_data/xfig3/infm_res_compiled.csv, analysis_data/xfig3/full_res_compiled.csv; Input files updated by another job: simulation_data/xfig3/rc1/radius_0.05/full_res.csv, simulation_data/xfig3/rc1/radius_0.05/infm_res.csv
    wildcards: experiment=xfig3
    resources: tmpdir=/tmp

[Wed Jul 16 15:31:56 2025]
Finished job 5.
15 of 20 steps (75%) done
[Wed Jul 16 15:37:08 2025]
Finished job 12.
16 of 20 steps (80%) done
Select jobs to execute...

[Wed Jul 16 15:37:08 2025]
rule process_community_data:
    input: simulation_data/xfig4/rc1/rc1/n_pop_log_log.csv
    output: simulation_data/xfig4/rc1/rc1/sign_ajd_res_log.csv
    jobid: 11
    reason: Input files updated by another job: simulation_data/xfig4/rc1/rc1/n_pop_log_log.csv
    wildcards: experiment=xfig4, treatment=rc1, simulation=rc1
    resources: tmpdir=/tmp

[Wed Jul 16 15:37:21 2025]
Finished job 11.
17 of 20 steps (85%) done
Select jobs to execute...

[Wed Jul 16 15:37:21 2025]
rule analyse_simulations:
    input: simulation_data/xfig4/rc1/rc1/sign_ajd_res_log.csv
    output: simulation_data/xfig4/rc1/rc1/infm_res.csv, simulation_data/xfig4/rc1/rc1/full_res.csv
    jobid: 10
    reason: Input files updated by another job: simulation_data/xfig4/rc1/rc1/sign_ajd_res_log.csv
    wildcards: experiment=xfig4, treatment=rc1, simulation=rc1
    resources: tmpdir=/tmp

[Wed Jul 16 15:37:23 2025]
Finished job 10.
18 of 20 steps (90%) done
Select jobs to execute...

[Wed Jul 16 15:37:23 2025]
rule compile_data:
    input: simulation_data/xfig4/rc1/rc1/infm_res.csv, simulation_data/xfig4/rc1/rc1/full_res.csv
    output: analysis_data/xfig4/infm_res_compiled.csv, analysis_data/xfig4/full_res_compiled.csv
    jobid: 9
    reason: Missing output files: analysis_data/xfig4/full_res_compiled.csv, analysis_data/xfig4/infm_res_compiled.csv; Input files updated by another job: simulation_data/xfig4/rc1/rc1/full_res.csv, simulation_data/xfig4/rc1/rc1/infm_res.csv
    wildcards: experiment=xfig4
    resources: tmpdir=/tmp

[Wed Jul 16 15:37:23 2025]
Finished job 9.
19 of 20 steps (95%) done
Select jobs to execute...

[Wed Jul 16 15:37:23 2025]
localrule all:
    input: analysis_data/xfig2/infm_res_compiled.csv, analysis_data/xfig3/infm_res_compiled.csv, analysis_data/xfig4/infm_res_compiled.csv, analysis_data/xfig5/infm_res_compiled.csv, analysis_data/xfig2/full_res_compiled.csv, analysis_data/xfig3/full_res_compiled.csv, analysis_data/xfig4/full_res_compiled.csv, analysis_data/xfig5/full_res_compiled.csv
    jobid: 0
    reason: Input files updated by another job: analysis_data/xfig5/infm_res_compiled.csv, analysis_data/xfig3/infm_res_compiled.csv, analysis_data/xfig4/infm_res_compiled.csv, analysis_data/xfig3/full_res_compiled.csv, analysis_data/xfig2/infm_res_compiled.csv, analysis_data/xfig5/full_res_compiled.csv, analysis_data/xfig4/full_res_compiled.csv, analysis_data/xfig2/full_res_compiled.csv
    resources: tmpdir=/tmp

[Wed Jul 16 15:37:23 2025]
Finished job 0.
20 of 20 steps (100%) done
Complete log: .snakemake/log/2025-07-16T153043.165923.snakemake.log
