host: ter
Building DAG of jobs...
Using shell: /usr/bin/bash
Provided cores: 6
Rules claiming more threads will be scaled down.
Job stats:
job          count
---------  -------
all              1
rmarkdown        1
total            2

Select jobs to execute...
Execute 1 jobs...

[Fri Feb 28 15:36:57 2025]
localrule rmarkdown:
    input: Result_master_dir/Fig2/done_plotting.txt, Result_master_dir/Fig2/Fig2_B.png, Result_master_dir/Fig2/Fig2_C.png
    output: Result_master_dir/Fig2/report_Fig2.pdf
    jobid: 1
    reason: Missing output files: Result_master_dir/Fig2/report_Fig2.pdf
    wildcards: exp=Fig2
    resources: tmpdir=/tmp

[Fri Feb 28 15:36:58 2025]
Finished job 1.
1 of 2 steps (50%) done
Select jobs to execute...
Execute 1 jobs...

[Fri Feb 28 15:36:58 2025]
localrule all:
    input: Result_master_dir/Fig2/report_Fig2.pdf, Result_master_dir/Fig3/report_Fig3.pdf
    jobid: 0
    reason: Input files updated by another job: Result_master_dir/Fig2/report_Fig2.pdf
    resources: tmpdir=/tmp

[Fri Feb 28 15:36:58 2025]
Finished job 0.
2 of 2 steps (100%) done
Complete log: .snakemake/log/2025-02-28T153657.297698.snakemake.log
