host: ter
Building DAG of jobs...
Using shell: /usr/bin/bash
Provided cores: 6
Rules claiming more threads will be scaled down.
Job stats:
job          count
---------  -------
all              1
rmarkdown        2
total            3

Select jobs to execute...
Execute 2 jobs...

[Fri Feb 28 15:31:09 2025]
localrule rmarkdown:
    input: Result_master_dir/Fig2/done_plotting.txt, Result_master_dir/Fig2/Fig2_B.png, Result_master_dir/Fig2/Fig2_C.png
    output: Result_master_dir/Fig2/report_Fig2.pdf
    jobid: 1
    reason: Missing output files: Result_master_dir/Fig2/report_Fig2.pdf; Code has changed since last execution
    wildcards: exp=Fig2
    resources: tmpdir=/tmp


[Fri Feb 28 15:31:09 2025]
localrule rmarkdown:
    input: Result_master_dir/Fig3/done_plotting.txt, Result_master_dir/Fig3/Fig2_B.png, Result_master_dir/Fig3/Fig2_C.png
    output: Result_master_dir/Fig3/report_Fig3.pdf
    jobid: 18
    reason: Missing output files: Result_master_dir/Fig3/report_Fig3.pdf; Code has changed since last execution
    wildcards: exp=Fig3
    resources: tmpdir=/tmp

[Fri Feb 28 15:31:10 2025]
Error in rule rmarkdown:
    jobid: 18
    input: Result_master_dir/Fig3/done_plotting.txt, Result_master_dir/Fig3/Fig2_B.png, Result_master_dir/Fig3/Fig2_C.png
    output: Result_master_dir/Fig3/report_Fig3.pdf
    shell:
        
        Rscript -e "rmarkdown::render('report_template.Rmd', output_file='Result_master_dir/Fig3/report_Fig3.pdf', params = list(experiment = 'Fig3'))"
        
        (one of the commands exited with non-zero exit code; note that snakemake uses bash strict mode!)

[Fri Feb 28 15:31:10 2025]
Error in rule rmarkdown:
    jobid: 1
    input: Result_master_dir/Fig2/done_plotting.txt, Result_master_dir/Fig2/Fig2_B.png, Result_master_dir/Fig2/Fig2_C.png
    output: Result_master_dir/Fig2/report_Fig2.pdf
    shell:
        
        Rscript -e "rmarkdown::render('report_template.Rmd', output_file='Result_master_dir/Fig2/report_Fig2.pdf', params = list(experiment = 'Fig2'))"
        
        (one of the commands exited with non-zero exit code; note that snakemake uses bash strict mode!)

Shutting down, this might take some time.
Exiting because a job execution failed. Look above for error message
Complete log: .snakemake/log/2025-02-28T153109.533588.snakemake.log
WorkflowError:
At least one job did not complete successfully.
