Building DAG of jobs...
Using shell: /usr/bin/bash
Provided cores: 6
Rules claiming more threads will be scaled down.
Job stats:
job             count
------------  -------
all                 1
compile_data        4
total               5

Select jobs to execute...

[Thu Jul 17 09:33:18 2025]
rule compile_data:
    input: simulation_data/xfig5/nw_s1/nw_s1/infm_res.csv, simulation_data/xfig5/nw_s1/nw_s1/full_res.csv, simulation_data/xfig5/nw_c1/nw_c1/infm_res.csv, simulation_data/xfig5/nw_c1/nw_c1/full_res.csv, simulation_data/xfig5/nw_c2/nw_c2/infm_res.csv, simulation_data/xfig5/nw_c2/nw_c2/full_res.csv
    output: analysis_data/xfig5/infm_res_compiled.csv, analysis_data/xfig5/full_res_compiled.csv
    jobid: 13
    reason: Missing output files: analysis_data/xfig5/infm_res_compiled.csv, analysis_data/xfig5/full_res_compiled.csv
    wildcards: experiment=xfig5
    resources: tmpdir=/tmp


[Thu Jul 17 09:33:18 2025]
rule compile_data:
    input: simulation_data/xfig4/rc1/rc1/infm_res.csv, simulation_data/xfig4/rc1/rc1/full_res.csv
    output: analysis_data/xfig4/infm_res_compiled.csv, analysis_data/xfig4/full_res_compiled.csv
    jobid: 9
    reason: Missing output files: analysis_data/xfig4/full_res_compiled.csv, analysis_data/xfig4/infm_res_compiled.csv
    wildcards: experiment=xfig4
    resources: tmpdir=/tmp


[Thu Jul 17 09:33:18 2025]
rule compile_data:
    input: simulation_data/xfig2/s1/s1/infm_res.csv, simulation_data/xfig2/s1/s1/full_res.csv
    output: analysis_data/xfig2/infm_res_compiled.csv, analysis_data/xfig2/full_res_compiled.csv
    jobid: 1
    reason: Missing output files: analysis_data/xfig2/full_res_compiled.csv, analysis_data/xfig2/infm_res_compiled.csv
    wildcards: experiment=xfig2
    resources: tmpdir=/tmp


[Thu Jul 17 09:33:18 2025]
rule compile_data:
    input: simulation_data/xfig3/rc1/radius_0.05/infm_res.csv, simulation_data/xfig3/rc1/radius_0.05/full_res.csv
    output: analysis_data/xfig3/infm_res_compiled.csv, analysis_data/xfig3/full_res_compiled.csv
    jobid: 5
    reason: Missing output files: analysis_data/xfig3/full_res_compiled.csv, analysis_data/xfig3/infm_res_compiled.csv
    wildcards: experiment=xfig3
    resources: tmpdir=/tmp

[Thu Jul 17 09:33:18 2025]
Finished job 1.
1 of 5 steps (20%) done
[Thu Jul 17 09:33:18 2025]
Finished job 9.
2 of 5 steps (40%) done
[Thu Jul 17 09:33:18 2025]
Finished job 5.
3 of 5 steps (60%) done
[Thu Jul 17 09:33:18 2025]
Finished job 13.
4 of 5 steps (80%) done
Select jobs to execute...

[Thu Jul 17 09:33:18 2025]
localrule all:
    input: analysis_data/xfig2/infm_res_compiled.csv, analysis_data/xfig3/infm_res_compiled.csv, analysis_data/xfig4/infm_res_compiled.csv, analysis_data/xfig5/infm_res_compiled.csv, analysis_data/xfig2/full_res_compiled.csv, analysis_data/xfig3/full_res_compiled.csv, analysis_data/xfig4/full_res_compiled.csv, analysis_data/xfig5/full_res_compiled.csv
    jobid: 0
    reason: Input files updated by another job: analysis_data/xfig2/full_res_compiled.csv, analysis_data/xfig2/infm_res_compiled.csv, analysis_data/xfig3/infm_res_compiled.csv, analysis_data/xfig5/full_res_compiled.csv, analysis_data/xfig3/full_res_compiled.csv, analysis_data/xfig5/infm_res_compiled.csv, analysis_data/xfig4/full_res_compiled.csv, analysis_data/xfig4/infm_res_compiled.csv
    resources: tmpdir=/tmp

[Thu Jul 17 09:33:18 2025]
Finished job 0.
5 of 5 steps (100%) done
Complete log: .snakemake/log/2025-07-17T093316.612755.snakemake.log
