Building DAG of jobs...
Using shell: /usr/bin/bash
Provided cores: 6
Rules claiming more threads will be scaled down.
Job stats:
job                         count
------------------------  -------
all                             1
analyse_simulations            10
clone_simulation_data           4
compile_data                    4
generate_simulation_data        4
process_community_data         10
simulate_fig5_multi             1
total                          34

Select jobs to execute...

[Fri Jul 18 12:35:00 2025]
rule clone_simulation_data:
    input: simulation_data/xfig3/rc1/radius_0.05/n_pop_log_log.csv
    output: simulation_data/xfig3/rc1_noise/radius_0.05__noise0.1/.cloned
    jobid: 6
    reason: Missing output files: simulation_data/xfig3/rc1_noise/radius_0.05__noise0.1/.cloned
    wildcards: experiment=xfig3, treatment=rc1_noise, simulation=radius_0.05__noise0.1
    resources: tmpdir=/tmp

[Fri Jul 18 12:35:00 2025]
rule generate_simulation_data:
    output: simulation_data/xfig2/s4/s4/n_pop_log_log.csv
    jobid: 14
    reason: Missing output files: simulation_data/xfig2/s4/s4/n_pop_log_log.csv
    wildcards: experiment=xfig2, treatment=s4, simulation=s4
    resources: tmpdir=/tmp

[Fri Jul 18 12:35:00 2025]
rule generate_simulation_data:
    output: simulation_data/xfig3/rc1_noise/radius_0.05__noise0.1/n_pop_log_log.csv
    jobid: 20
    reason: Missing output files: simulation_data/xfig3/rc1_noise/radius_0.05__noise0.1/n_pop_log_log.csv
    wildcards: experiment=xfig3, treatment=rc1_noise, simulation=radius_0.05__noise0.1
    resources: tmpdir=/tmp

[Fri Jul 18 12:35:00 2025]
rule clone_simulation_data:
    input: simulation_data/xfig2/s1/s1/n_pop_log_log.csv
    output: simulation_data/xfig2/s4/s4/.cloned
    jobid: 5
    reason: Missing output files: simulation_data/xfig2/s4/s4/.cloned
    wildcards: experiment=xfig2, treatment=s4, simulation=s4
    resources: tmpdir=/tmp

[Fri Jul 18 12:35:00 2025]
rule simulate_fig5_multi:
    output: simulation_data/xfig5/nw_s1/nw_s1/n_pop_log_log.csv, simulation_data/xfig5/nw_c1/nw_c1/n_pop_log_log.csv, simulation_data/xfig5/nw_c2/nw_c2/n_pop_log_log.csv
    jobid: 4
    reason: Missing output files: simulation_data/xfig5/nw_c1/nw_c1/n_pop_log_log.csv, simulation_data/xfig5/nw_s1/nw_s1/n_pop_log_log.csv, simulation_data/xfig5/nw_c2/nw_c2/n_pop_log_log.csv
    resources: tmpdir=/tmp


[Fri Jul 18 12:35:01 2025]
rule clone_simulation_data:
    input: simulation_data/xfig4/rc1/rc1/n_pop_log_log.csv
    output: simulation_data/xfig4/rc1_noise/noise_0.25/.cloned
    jobid: 7
    reason: Missing output files: simulation_data/xfig4/rc1_noise/noise_0.25/.cloned
    wildcards: experiment=xfig4, treatment=rc1_noise, simulation=noise_0.25
    resources: tmpdir=/tmp

[Fri Jul 18 12:35:03 2025]
Finished job 14.
1 of 34 steps (3%) done
Select jobs to execute...

[Fri Jul 18 12:35:03 2025]
rule process_community_data:
    input: simulation_data/xfig4/rc1/rc1/n_pop_log_log.csv
    output: simulation_data/xfig4/rc1/rc1/sign_ajd_res_log.csv
    jobid: 23
    reason: Missing output files: simulation_data/xfig4/rc1/rc1/sign_ajd_res_log.csv
    wildcards: experiment=xfig4, treatment=rc1, simulation=rc1
    resources: tmpdir=/tmp

[Fri Jul 18 12:35:04 2025]
Finished job 20.
2 of 34 steps (6%) done
Select jobs to execute...

[Fri Jul 18 12:35:04 2025]
rule clone_simulation_data:
    input: simulation_data/xfig4/rc1/rc1/n_pop_log_log.csv
    output: simulation_data/xfig4/rc1_unequal/rc1_unequal/.cloned
    jobid: 8
    reason: Missing output files: simulation_data/xfig4/rc1_unequal/rc1_unequal/.cloned
    wildcards: experiment=xfig4, treatment=rc1_unequal, simulation=rc1_unequal
    resources: tmpdir=/tmp

[Fri Jul 18 12:35:05 2025]
Finished job 5.
3 of 34 steps (9%) done
Select jobs to execute...

[Fri Jul 18 12:35:05 2025]
rule process_community_data:
    input: simulation_data/xfig3/rc1/radius_0.05/n_pop_log_log.csv
    output: simulation_data/xfig3/rc1/radius_0.05/sign_ajd_res_log.csv
    jobid: 17
    reason: Missing output files: simulation_data/xfig3/rc1/radius_0.05/sign_ajd_res_log.csv
    wildcards: experiment=xfig3, treatment=rc1, simulation=radius_0.05
    resources: tmpdir=/tmp

[Fri Jul 18 12:35:05 2025]
Finished job 6.
4 of 34 steps (12%) done
Select jobs to execute...

[Fri Jul 18 12:35:05 2025]
rule generate_simulation_data:
    output: simulation_data/xfig4/rc1_unequal/rc1_unequal/n_pop_log_log.csv
    jobid: 29
    reason: Missing output files: simulation_data/xfig4/rc1_unequal/rc1_unequal/n_pop_log_log.csv
    wildcards: experiment=xfig4, treatment=rc1_unequal, simulation=rc1_unequal
    resources: tmpdir=/tmp

[Fri Jul 18 12:35:05 2025]
Finished job 7.
5 of 34 steps (15%) done
Select jobs to execute...

[Fri Jul 18 12:35:05 2025]
rule process_community_data:
    input: simulation_data/xfig2/s4/s4/n_pop_log_log.csv
    output: simulation_data/xfig2/s4/s4/sign_ajd_res_log.csv
    jobid: 13
    reason: Missing output files: simulation_data/xfig2/s4/s4/sign_ajd_res_log.csv; Input files updated by another job: simulation_data/xfig2/s4/s4/n_pop_log_log.csv
    wildcards: experiment=xfig2, treatment=s4, simulation=s4
    resources: tmpdir=/tmp

[Fri Jul 18 12:35:07 2025]
Finished job 29.
6 of 34 steps (18%) done
Select jobs to execute...

[Fri Jul 18 12:35:07 2025]
rule generate_simulation_data:
    output: simulation_data/xfig4/rc1_noise/noise_0.25/n_pop_log_log.csv
    jobid: 26
    reason: Missing output files: simulation_data/xfig4/rc1_noise/noise_0.25/n_pop_log_log.csv
    wildcards: experiment=xfig4, treatment=rc1_noise, simulation=noise_0.25
    resources: tmpdir=/tmp

[Fri Jul 18 12:35:08 2025]
Finished job 8.
7 of 34 steps (21%) done
Select jobs to execute...

[Fri Jul 18 12:35:08 2025]
rule process_community_data:
    input: simulation_data/xfig4/rc1_unequal/rc1_unequal/n_pop_log_log.csv
    output: simulation_data/xfig4/rc1_unequal/rc1_unequal/sign_ajd_res_log.csv
    jobid: 28
    reason: Missing output files: simulation_data/xfig4/rc1_unequal/rc1_unequal/sign_ajd_res_log.csv; Input files updated by another job: simulation_data/xfig4/rc1_unequal/rc1_unequal/n_pop_log_log.csv
    wildcards: experiment=xfig4, treatment=rc1_unequal, simulation=rc1_unequal
    resources: tmpdir=/tmp

[Fri Jul 18 12:35:10 2025]
Finished job 17.
8 of 34 steps (24%) done
Select jobs to execute...

[Fri Jul 18 12:35:10 2025]
rule analyse_simulations:
    input: simulation_data/xfig3/rc1/radius_0.05/sign_ajd_res_log.csv
    output: simulation_data/xfig3/rc1/radius_0.05/infm_res.csv, simulation_data/xfig3/rc1/radius_0.05/full_res.csv
    jobid: 16
    reason: Missing output files: simulation_data/xfig3/rc1/radius_0.05/infm_res.csv, simulation_data/xfig3/rc1/radius_0.05/full_res.csv; Input files updated by another job: simulation_data/xfig3/rc1/radius_0.05/sign_ajd_res_log.csv
    wildcards: experiment=xfig3, treatment=rc1, simulation=radius_0.05
    resources: tmpdir=/tmp

[Fri Jul 18 12:35:10 2025]
Error in rule process_community_data:
    jobid: 23
    input: simulation_data/xfig4/rc1/rc1/n_pop_log_log.csv
    output: simulation_data/xfig4/rc1/rc1/sign_ajd_res_log.csv
    shell:
        
        Rscript analysis_scripts/process_composite_fixed.R             xfig4 rc1 rc1 "--noise=0"
        
        (one of the commands exited with non-zero exit code; note that snakemake uses bash strict mode!)

[Fri Jul 18 12:35:10 2025]
Finished job 13.
9 of 34 steps (26%) done
[Fri Jul 18 12:35:11 2025]
Finished job 16.
10 of 34 steps (29%) done
[Fri Jul 18 12:35:13 2025]
Error in rule process_community_data:
    jobid: 28
    input: simulation_data/xfig4/rc1_unequal/rc1_unequal/n_pop_log_log.csv
    output: simulation_data/xfig4/rc1_unequal/rc1_unequal/sign_ajd_res_log.csv
    shell:
        
        Rscript analysis_scripts/process_composite_unequal.R             xfig4 rc1_unequal rc1_unequal "--noise=0"
        
        (one of the commands exited with non-zero exit code; note that snakemake uses bash strict mode!)

[Fri Jul 18 12:35:53 2025]
Finished job 4.
11 of 34 steps (32%) done
Shutting down, this might take some time.
Exiting because a job execution failed. Look above for error message
Complete log: .snakemake/log/2025-07-18T123459.693217.snakemake.log
