host: beepboop
Building DAG of jobs...
Using shell: /usr/bin/bash
Provided cores: 3
Rules claiming more threads will be scaled down.
Job stats:
job          count
---------  -------
all              1
plot_fig2        1
total            2

Select jobs to execute...
Execute 1 jobs...

[Fri Feb 28 09:29:06 2025]
localrule plot_fig2:
    input: Result_master_dir/Fig3/done_collecting.txt
    output: Result_master_dir/Fig3/done_plotting.txt
    jobid: 17
    reason: Missing output files: Result_master_dir/Fig3/done_plotting.txt
    wildcards: exp=Fig3
    resources: tmpdir=/tmp

[Fri Feb 28 09:29:06 2025]
Error in rule plot_fig2:
    jobid: 17
    input: Result_master_dir/Fig3/done_collecting.txt
    output: Result_master_dir/Fig3/done_plotting.txt
    shell:
        
        Rscript simulation_code/plotFig.R /home/swani/Documents/computational_research_tools/homework4/SAMSARA Fig3 
        touch Result_master_dir/Fig3/done_plotting.txt
        
        (one of the commands exited with non-zero exit code; note that snakemake uses bash strict mode!)

Shutting down, this might take some time.
Exiting because a job execution failed. Look above for error message
Complete log: .snakemake/log/2025-02-28T092906.335382.snakemake.log
WorkflowError:
At least one job did not complete successfully.
