host: ter
Building DAG of jobs...
Using shell: /usr/bin/bash
Provided cores: 6
Rules claiming more threads will be scaled down.
Job stats:
job      count
-----  -------
all          1
latex        2
total        3

Select jobs to execute...
Execute 2 jobs...

[Fri Feb 28 15:09:07 2025]
localrule latex:
    input: main.tex, Result_master_dir/Fig2/done_plotting.txt, Result_master_dir/Fig2/Fig2_B.png, Result_master_dir/Fig2/Fig2_C.png
    output: Result_master_dir/Fig2/main_Fig2.pdf
    jobid: 1
    reason: Missing output files: Result_master_dir/Fig2/main_Fig2.pdf; Code has changed since last execution
    wildcards: exp=Fig2
    resources: tmpdir=/tmp


[Fri Feb 28 15:09:07 2025]
localrule latex:
    input: main.tex, Result_master_dir/Fig3/done_plotting.txt, Result_master_dir/Fig3/Fig2_B.png, Result_master_dir/Fig3/Fig2_C.png
    output: Result_master_dir/Fig3/main_Fig3.pdf
    jobid: 18
    reason: Missing output files: Result_master_dir/Fig3/main_Fig3.pdf; Code has changed since last execution
    wildcards: exp=Fig3
    resources: tmpdir=/tmp

[Fri Feb 28 15:09:22 2025]
Error in rule latex:
    jobid: 18
    input: main.tex, Result_master_dir/Fig3/done_plotting.txt, Result_master_dir/Fig3/Fig2_B.png, Result_master_dir/Fig3/Fig2_C.png
    output: Result_master_dir/Fig3/main_Fig3.pdf
    shell:
        
        echo "Generating PDF for Fig3"  # Print the wildcards to debug
        pdflatex -jobname=Fig3 /full/path/to/main.tex
        pdflatex -jobname=Fig3 /full/path/to/main.tex  # Second run for references
        
        (one of the commands exited with non-zero exit code; note that snakemake uses bash strict mode!)

[Fri Feb 28 15:11:16 2025]
Error in rule latex:
    jobid: 1
    input: main.tex, Result_master_dir/Fig2/done_plotting.txt, Result_master_dir/Fig2/Fig2_B.png, Result_master_dir/Fig2/Fig2_C.png
    output: Result_master_dir/Fig2/main_Fig2.pdf
    shell:
        
        echo "Generating PDF for Fig2"  # Print the wildcards to debug
        pdflatex -jobname=Fig2 /full/path/to/main.tex
        pdflatex -jobname=Fig2 /full/path/to/main.tex  # Second run for references
        
        (one of the commands exited with non-zero exit code; note that snakemake uses bash strict mode!)

Shutting down, this might take some time.
Exiting because a job execution failed. Look above for error message
Complete log: .snakemake/log/2025-02-28T150907.726993.snakemake.log
WorkflowError:
At least one job did not complete successfully.
