Building DAG of jobs...
Using shell: /usr/bin/bash
Provided cores: 6
Rules claiming more threads will be scaled down.
Job stats:
job                        count
-----------------------  -------
all                            1
process_community_data         9
simulate_community_data        7
total                         17

Select jobs to execute...

[Wed Jul 16 10:59:43 2025]
rule simulate_community_data:
    output: simulation_data/xfig2/s1/s1/n_pop_log_log.csv
    jobid: 2
    reason: Code has changed since last execution
    wildcards: experiment=xfig2, treatment=s1, simulation=s1
    resources: tmpdir=/tmp

[Wed Jul 16 10:59:43 2025]
rule process_community_data:
    input: simulation_data/xfig5/nw_s1/nw_s1/n_pop_log_log.csv
    output: analysis_data/xfig5/nw_s1/nw_s1/sign_ajd_res_log.csv
    jobid: 7
    reason: Missing output files: analysis_data/xfig5/nw_s1/nw_s1/sign_ajd_res_log.csv
    wildcards: experiment=xfig5, treatment=nw_s1, simulation=nw_s1
    resources: tmpdir=/tmp


[Wed Jul 16 10:59:43 2025]
rule simulate_community_data:
    output: simulation_data/xfig2/s4/s4/n_pop_log_log.csv
    jobid: 11
    reason: Missing output files: simulation_data/xfig2/s4/s4/n_pop_log_log.csv
    wildcards: experiment=xfig2, treatment=s4, simulation=s4
    resources: tmpdir=/tmp

[Wed Jul 16 10:59:43 2025]
rule simulate_community_data:
    output: simulation_data/xfig3/rs3_noise/radius_0.05__noise0.1/n_pop_log_log.csv
    jobid: 13
    reason: Missing output files: simulation_data/xfig3/rs3_noise/radius_0.05__noise0.1/n_pop_log_log.csv
    wildcards: experiment=xfig3, treatment=rs3_noise, simulation=radius_0.05__noise0.1
    resources: tmpdir=/tmp

[Wed Jul 16 10:59:43 2025]
rule process_community_data:
    input: simulation_data/xfig5/nw_c1/nw_c1/n_pop_log_log.csv
    output: analysis_data/xfig5/nw_c1/nw_c1/sign_ajd_res_log.csv
    jobid: 9
    reason: Missing output files: analysis_data/xfig5/nw_c1/nw_c1/sign_ajd_res_log.csv
    wildcards: experiment=xfig5, treatment=nw_c1, simulation=nw_c1
    resources: tmpdir=/tmp


[Wed Jul 16 10:59:44 2025]
rule simulate_community_data:
    output: simulation_data/xfig3/rc1/radius_0.05/n_pop_log_log.csv
    jobid: 4
    reason: Code has changed since last execution
    wildcards: experiment=xfig3, treatment=rc1, simulation=radius_0.05
    resources: tmpdir=/tmp

[Wed Jul 16 10:59:44 2025]
Error in rule process_community_data:
    jobid: 7
    input: simulation_data/xfig5/nw_s1/nw_s1/n_pop_log_log.csv
    output: analysis_data/xfig5/nw_s1/nw_s1/sign_ajd_res_log.csv
    shell:
        
    mkdir -p analysis_data/xfig5/nw_s1/nw_s1
    Rscript analysis_scripts/process_habitat.R       xfig5       nw_s1       nw_s1       "--noise=0"
    
        (one of the commands exited with non-zero exit code; note that snakemake uses bash strict mode!)

[Wed Jul 16 10:59:45 2025]
Error in rule process_community_data:
    jobid: 9
    input: simulation_data/xfig5/nw_c1/nw_c1/n_pop_log_log.csv
    output: analysis_data/xfig5/nw_c1/nw_c1/sign_ajd_res_log.csv
    shell:
        
    mkdir -p analysis_data/xfig5/nw_c1/nw_c1
    Rscript analysis_scripts/process_habitat.R       xfig5       nw_c1       nw_c1       "--noise=0"
    
        (one of the commands exited with non-zero exit code; note that snakemake uses bash strict mode!)

[Wed Jul 16 11:00:02 2025]
Finished job 2.
1 of 17 steps (6%) done
[Wed Jul 16 11:00:50 2025]
Finished job 4.
2 of 17 steps (12%) done
Shutting down, this might take some time.
Exiting because a job execution failed. Look above for error message
Complete log: .snakemake/log/2025-07-16T105942.391301.snakemake.log
